 
:: WARNING: setvars.sh has already been run. Skipping re-execution.
   To force a re-execution of setvars.sh, use the '--force' option.
   Using '--force' can result in excessive use of your environment variables.
  
usage: source setvars.sh [--force] [--config=file] [--help] [...]
  --force        Force setvars.sh to re-run, doing so may overload environment.
  --config=file  Customize env vars using a setvars.sh configuration file.
  --help         Display this help message and exit.
  ...            Additional args are passed to individual env/vars.sh scripts
                 and should follow this script's arguments.
  
  Some POSIX shells do not accept command-line options. In that case, you can pass
  command-line options via the SETVARS_ARGS environment variable. For example:
  
  $ SETVARS_ARGS="ia32 --config=config.txt" ; export SETVARS_ARGS
  $ . path/to/setvars.sh
  
  The SETVARS_ARGS environment variable is cleared on exiting setvars.sh.
  
Loading intel-mkl/2024.2
  Loading requirement: intel-tbb/2021.13 intel-rt/2024.2
Chi ref: 7.14
 Error:   1.354214016202615E-007  3.115324197924405E-011
 Maximum difference:   4106.14227246611     
 Psudo Radius:  3.429047636219109E-004
 Error:  -2.502353881180172E-002  3.133605011730420E-011
 Maximum difference:   234.909181165184     
 Psudo Radius:  3.086718654333601E-004
 Error:  -1.520011774033780E-002 -2.915574275929349E-011
 Maximum difference:   382.369649854478     
 Psudo Radius:  2.778324849974463E-004
 Error:  -6.159053496153227E-003 -2.898179988416234E-011
 Maximum difference:   453.580860987820     
 Psudo Radius:  2.500873642844812E-004
 Error:   3.950055978842459E-004 -2.947291983741760E-011
 Maximum difference:   543.371598856779     
 Psudo Radius:  2.251763067035181E-004
 Error:   4.827258608813140E-003  2.978591098592504E-011
 Maximum difference:   643.422566885561     
 Psudo Radius:  2.030113322882148E-004
 Error:   7.259734695547332E-003  3.030818415996384E-011
 Maximum difference:   764.114345015658     
 Psudo Radius:  1.839757445815511E-004
 Error:   8.473612904410233E-003  3.069081780873340E-011
 Maximum difference:   819.025770696573     
 Psudo Radius:  1.703454750901744E-004
 Error:   8.199874650843569E-003  3.095382917700461E-011
 Maximum difference:   659.139133676751     
 Psudo Radius:  1.653343425653493E-004
 Error:   6.416864431004060E-003  3.104331229426288E-011
 Maximum difference:   266.846286706129     
 Psudo Radius:  1.652610005002519E-004
 Error:   4.383517263416098E-003  3.111031370547184E-011
 Maximum difference:   22.3526507619122     
 Psudo Radius:  1.667282711968524E-004
 Error:   2.680973528483482E-003  3.127669481313318E-011
 Maximum difference:   82.2119375166576     
 Psudo Radius:  1.676894202278135E-004
 Error:   1.543646792023012E-003  3.126005444818428E-011
 Maximum difference:   47.5013761155424     
 Psudo Radius:  1.678441668471786E-004
 Error:   9.128019903095752E-004  3.131992578349898E-011
 Maximum difference:   3.28325247782504     
 Psudo Radius:  1.676445991363540E-004
 Error:   5.865345439396152E-004  3.118330778124021E-011
 Maximum difference:   13.8247503788962     
 Psudo Radius:  1.674558288168156E-004
 Error:   3.996343889865195E-004  3.122766638992223E-011
 Maximum difference:   11.4140070579633     
 Psudo Radius:  1.673864358330706E-004
 Error:   2.710557335347807E-004  3.138657058581872E-011
 Maximum difference:   4.01330470104494     
 Psudo Radius:  1.673974599935383E-004
 Error:   1.754667645151586E-004  3.139927582846638E-011
 Maximum difference:  0.577141113127254     
 Psudo Radius:  1.674228815163020E-004
 Error:   1.089844803667528E-004  3.131664772574823E-011
 Maximum difference:   1.20732841833524     
 Psudo Radius:  1.674372924550645E-004
 Error:   6.684571813725393E-005  3.126814821096403E-011
 Maximum difference:  0.612491458900877     
 Psudo Radius:  1.674396940461302E-004
 Error:   4.147579483002040E-005  3.116284825698798E-011
 Maximum difference:  6.766468670366521E-002
 Psudo Radius:  1.674362221890345E-004
 Error:   2.620190103685971E-005  3.141755372770413E-011
 Maximum difference:  0.291522322044329     
 Psudo Radius:  1.674320721320679E-004
 Error:   1.719938557839806E-005  3.124480248233714E-011
 Maximum difference:  0.273899643811092     
 Psudo Radius:  1.674301317642772E-004
 Error:   1.134039872849324E-005  3.125905177101590E-011
 Maximum difference:  0.126171735677417     
 Psudo Radius:  1.674299890810189E-004
 Error:   7.345029567812356E-006  3.141409214847146E-011
 Maximum difference:  1.804248425742117E-002
 Psudo Radius:  1.674304573023618E-004
 Error:   4.648949872038122E-006  3.133632913739627E-011
 Maximum difference:  1.798447473083797E-002
 Psudo Radius:  1.674308178270693E-004
 Error:   2.903311166507772E-006  3.120747391159396E-011
 Maximum difference:  1.326345467259671E-002
 Psudo Radius:  1.674309094501125E-004
 Error:   1.817667152459457E-006  3.131663506643517E-011
 Maximum difference:  9.055161140167911E-004
 Psudo Radius:  1.674308381106239E-004
Chi ref: 5.56
 Error:   1.354214016202615E-007  3.115324197924405E-011
 Maximum difference:   4130.94490133576     
 Psudo Radius:  3.499393906943245E-004
 Error:  -2.618155095940930E-002  3.133605011730420E-011
 Maximum difference:   183.536142421729     
 Psudo Radius:  3.149962482079521E-004
 Error:  -1.641991109233834E-002 -2.900198555147196E-011
 Maximum difference:   372.658537511813     
 Psudo Radius:  2.835181068794225E-004
 Error:  -6.795422927501737E-003 -2.880234897194017E-011
 Maximum difference:   439.640745677030     
 Psudo Radius:  2.551957277964738E-004
 Error:   1.731089867293423E-004 -2.910485000805459E-011
 Maximum difference:   521.164384868183     
 Psudo Radius:  2.297593228758823E-004
 Error:   4.605581199867398E-003  2.975803695424320E-011
 Maximum difference:   633.739901614738     
 Psudo Radius:  2.070545838139059E-004
 Error:   7.636353181612515E-003  3.009892837382856E-011
 Maximum difference:   739.916032078466     
 Psudo Radius:  1.876648761835939E-004
 Error:   8.859439983070039E-003  3.033275031591315E-011
 Maximum difference:   790.073885894188     
 Psudo Radius:  1.741695555366457E-004
 Error:   8.499398446074585E-003  3.072998133612497E-011
 Maximum difference:   606.670151580604     
 Psudo Radius:  1.703642713593891E-004
 Error:   6.529016635887480E-003  3.113239234701819E-011
 Maximum difference:   177.124155572877     
 Psudo Radius:  1.717312033407034E-004
 Error:   4.285383730604081E-003  3.123319444029362E-011
 Maximum difference:   80.5138786414664     
 Psudo Radius:  1.739015468883177E-004
 Error:   2.480738901090435E-003  3.114418135880565E-011
 Maximum difference:   105.942091921269     
 Psudo Radius:  1.747956863459790E-004
 Error:   1.377628677453169E-003  3.113777093969780E-011
 Maximum difference:   35.5446763326581     
 Psudo Radius:  1.746367895710082E-004
 Error:   8.357071808554883E-004  3.119709039053985E-011
 Maximum difference:   13.9272083489905     
 Psudo Radius:  1.742365496450769E-004
 Error:   5.739725948119834E-004  3.121003702742261E-011
 Maximum difference:   22.0933811063187     
 Psudo Radius:  1.740220632880742E-004
 Error:   4.071251106325946E-004  3.122209059204664E-011
 Maximum difference:   10.9226681439841     
 Psudo Radius:  1.740094914270306E-004
 Error:   2.736703876171087E-004  3.121928807115941E-011
 Maximum difference:  0.622104260374272     
 Psudo Radius:  1.740707536590677E-004
 Error:   1.704176922869838E-004  3.124989694352418E-011
 Maximum difference:   2.93463511832306     
 Psudo Radius:  1.741154429610650E-004
 Error:   1.013168526647623E-004  3.130215900639403E-011
 Maximum difference:   1.92477847595637     
 Psudo Radius:  1.741253754752601E-004
 Error:   6.099305400927846E-005  3.127408677082431E-011
 Maximum difference:  0.205058907809871     
 Psudo Radius:  1.741155725647583E-004
 Error:   3.897014422876710E-005  3.130349017928917E-011
 Maximum difference:  0.640969750589647     
 Psudo Radius:  1.741047034488032E-004
 Error:   2.601910468935653E-005  3.114428471540716E-011
 Maximum difference:  0.613562949231891     
 Psudo Radius:  1.741002710457619E-004
 Error:   1.759828515759954E-005  3.131221447028513E-011
 Maximum difference:  0.237443746203098     
 Psudo Radius:  1.741007448503704E-004
 Error:   1.146017892411644E-005  3.122503746598158E-011
 Maximum difference:  2.541876882060023E-002
 Psudo Radius:  1.741025264280949E-004
 Error:   7.155653871770973E-006  3.129634399047001E-011
 Maximum difference:  7.873957623633032E-002
 Psudo Radius:  1.741037182630314E-004
 Error:   4.365658739735601E-006  3.107852036626826E-011
 Maximum difference:  4.803774092943058E-002
 Psudo Radius:  1.741039719588422E-004
 Error:   2.685494915166675E-006  3.113715285436909E-011
 Maximum difference:  2.805005535265082E-003
 Psudo Radius:  1.741036859006504E-004
Chi ref: 4.55
 Error:   1.354214016202615E-007  3.115324197924405E-011
 Maximum difference:   4153.01810097438     
 Psudo Radius:  3.569959367605372E-004
 Error:  -2.717444719648196E-002  3.133605011730420E-011
 Maximum difference:   133.063904416759     
 Psudo Radius:  3.213417555775812E-004
 Error:  -1.763644376681059E-002 -2.889909788179128E-011
 Maximum difference:   363.538472035255     
 Psudo Radius:  2.892241596826132E-004
 Error:  -7.453124768259906E-003 -2.874313983113778E-011
 Maximum difference:   423.727234769218     
 Psudo Radius:  2.603236720447928E-004
 Error:  -2.714218943283830E-004 -2.915151813917566E-011
 Maximum difference:   508.184223532582     
 Psudo Radius:  2.343498003153047E-004
 Error:   4.606779877865730E-003  2.951373580459616E-011
 Maximum difference:   613.800423000245     
 Psudo Radius:  2.111424963630094E-004
 Error:   7.852749617470373E-003  2.996856324179720E-011
 Maximum difference:   717.201132103641     
 Psudo Radius:  1.912463538526968E-004
 Error:   9.132024678761508E-003  3.051280504118700E-011
 Maximum difference:   779.488894840034     
 Psudo Radius:  1.772142887156550E-004
 Error:   8.912391174934892E-003  3.072714220113950E-011
 Maximum difference:   590.348052982470     
 Psudo Radius:  1.743338163775904E-004
 Error:   6.770821257141652E-003  3.089082527076462E-011
 Maximum difference:   113.652850404764     
 Psudo Radius:  1.770219897917168E-004
 Error:   4.292760303510335E-003  3.126908685225636E-011
 Maximum difference:   140.188744749756     
 Psudo Radius:  1.797822234135985E-004
 Error:   2.358599350988949E-003  3.114033384224488E-011
 Maximum difference:   120.352089641180     
 Psudo Radius:  1.804911128012038E-004
 Error:   1.276271497301029E-003  3.129353048676043E-011
 Maximum difference:   20.4078819309607     
 Psudo Radius:  1.799658970569834E-004
 Error:   8.122252797436724E-004  3.103665726529284E-011
 Maximum difference:   30.4359054201923     
 Psudo Radius:  1.793811046173476E-004
 Error:   5.978814545817002E-004  3.113605986411418E-011
 Maximum difference:   28.2156799446384     
 Psudo Radius:  1.791815191593295E-004
 Error:   4.340351352696836E-004  3.113611286832463E-011
 Maximum difference:   8.62256682386760     
 Psudo Radius:  1.792547105634233E-004
 Error:   2.836371414447203E-004  3.110158442331165E-011
 Maximum difference:   3.70919283917192     
 Psudo Radius:  1.793711017622753E-004
 Error:   1.675511839310251E-004  3.127056155112296E-011
 Maximum difference:   5.09880950542538     
 Psudo Radius:  1.794234200603768E-004
 Error:   9.552820306768517E-005  3.108537682674845E-011
 Maximum difference:   1.92243774977487     
 Psudo Radius:  1.794177310018358E-004
 Error:   5.793123197214700E-005  3.117871611956199E-011
 Maximum difference:  0.641828327578878     
 Psudo Radius:  1.793924495125075E-004
 Error:   3.910760118658319E-005  3.113634543405225E-011
 Maximum difference:   1.34882083313187     
 Psudo Radius:  1.793751957934858E-004
 Error:   2.793508388632127E-005  3.129200195013529E-011
 Maximum difference:  0.812920061741352     
 Psudo Radius:  1.793730093701076E-004
 Error:   1.903594768812300E-005  3.113260462359885E-011
 Maximum difference:  0.102858364830354     
 Psudo Radius:  1.793768947286523E-004
 Error:   1.216128330239208E-005  3.123652066005798E-011
 Maximum difference:  0.211594525563669     
 Psudo Radius:  1.793821727283396E-004
 Error:   6.865151840340644E-006  3.101610737657094E-011
 Maximum difference:  0.222860025078262     
 Psudo Radius:  1.793842940694957E-004
 Error:   3.923451369958197E-006  3.104161841389231E-011
 Maximum difference:  7.993451105994609E-002
 Psudo Radius:  1.793842021384347E-004
 Error:   2.366021514543792E-006  3.112643138664843E-011
 Maximum difference:  1.925333077633695E-002
 Psudo Radius:  1.793832405692916E-004
 Error:   1.576230018174307E-006  3.122084235069343E-011
 Maximum difference:  5.267515319701488E-002
 Psudo Radius:  1.793824686479472E-004
 Error:   1.129671564265022E-006  3.102973701161713E-011
 Maximum difference:  3.624144091554626E-002
 Psudo Radius:  1.793823348025405E-004
 Error:   7.752117589521212E-007  3.101756603033189E-011
 Maximum difference:  5.933079394708329E-003
 Psudo Radius:  1.793824638751289E-004
Chi ref: 3.85
 Error:   1.354214016202615E-007  3.115324197924405E-011
 Maximum difference:   4173.07778194715     
 Psudo Radius:  3.640588343533622E-004
 Error:  -2.805085990530129E-002  3.133605011730420E-011
 Maximum difference:   90.3075469878961     
 Psudo Radius:  3.276940266636916E-004
 Error:  -1.886296030070533E-002 -2.892216948182129E-011
 Maximum difference:   354.914791964354     
 Psudo Radius:  2.949375185313938E-004
 Error:  -8.138502843653278E-003 -2.853338713411938E-011
 Maximum difference:   410.005202536573     
 Psudo Radius:  2.654596341301450E-004
 Error:  -6.375163538301365E-004 -2.904910790054349E-011
 Maximum difference:   494.451459283290     
 Psudo Radius:  2.389559665705424E-004
 Error:   4.593991133083120E-003 -2.947369994499440E-011
 Maximum difference:   593.732797602936     
 Psudo Radius:  2.152519391224493E-004
 Error:   7.980412586637620E-003  2.967382708243452E-011
 Maximum difference:   695.428472478486     
 Psudo Radius:  1.947945359750249E-004
 Error:   9.337406319107178E-003  3.026260009931573E-011
 Maximum difference:   774.966914347360     
 Psudo Radius:  1.799132481565193E-004
 Error:   9.356315403735688E-003  3.076963716979491E-011
 Maximum difference:   590.522320483835     
 Psudo Radius:  1.776236354424228E-004
 Error:   7.078107887898755E-003  3.097288018770733E-011
 Maximum difference:   72.7326574759527     
 Psudo Radius:  1.814586220869663E-004
 Error:   4.373113695410075E-003  3.120749890628812E-011
 Maximum difference:   185.514959951453     
 Psudo Radius:  1.847231044090787E-004
 Error:   2.297570145528172E-003  3.098512259413273E-011
 Maximum difference:   129.615369335147     
 Psudo Radius:  1.851947877038214E-004
 Error:   1.222101045405932E-003  3.124937817043497E-011
 Maximum difference:   7.14758629901144     
 Psudo Radius:  1.842913879993375E-004
 Error:   8.225791740981703E-004  3.093772102253128E-011
 Maximum difference:   45.4073624047642     
 Psudo Radius:  1.835371848585844E-004
 Error:   6.443243628071471E-004  3.097297089786352E-011
 Maximum difference:   32.8677844890399     
 Psudo Radius:  1.833891374365748E-004
 Error:   4.717807613851266E-004  3.103872575070719E-011
 Maximum difference:   5.01359194000906     
 Psudo Radius:  1.835721079509784E-004
 Error:   2.965489941770816E-004  3.120718784604790E-011
 Maximum difference:   8.39772685845764     
 Psudo Radius:  1.837436803552617E-004
 Error:   1.643447665306552E-004  3.121640460637383E-011
 Maximum difference:   6.84180220284452     
 Psudo Radius:  1.837850750274565E-004
 Error:   9.071276345004597E-005  3.117992487009352E-011
 Maximum difference:   1.00642951947430     
 Psudo Radius:  1.837484887430854E-004
 Error:   5.832349906531586E-005  3.107307249577032E-011
 Maximum difference:   1.99948423978276     
 Psudo Radius:  1.837104331262696E-004
 Error:   4.266079357401198E-005  3.108942862176571E-011
 Maximum difference:   1.71109362043899     
 Psudo Radius:  1.836997815003841E-004
 Error:   3.041938228648400E-005  3.121174320794723E-011
 Maximum difference:  0.434731335927609     
 Psudo Radius:  1.837053363976419E-004
 Error:   1.977672094599647E-005  3.099075533410501E-011
 Maximum difference:  0.256737513219377     
 Psudo Radius:  1.837137392547612E-004
 Error:   1.173972081461305E-005  3.097825062954197E-011
 Maximum difference:  0.370473870346359     
 Psudo Radius:  1.837183214363868E-004
 Error:   6.359493624652490E-006  3.121533985978555E-011
 Maximum difference:  0.161546639527842     
 Psudo Radius:  1.837181745526967E-004
 Error:   3.753691930896697E-006  3.108450936590646E-011
 Maximum difference:  3.953639828887390E-002
 Psudo Radius:  1.837159637119806E-004
 Error:   2.558922572198918E-006  3.125762087770190E-011
 Maximum difference:  0.109955184603677     
 Psudo Radius:  1.837143260941014E-004
 Error:   1.896239977455805E-006  3.105229391164346E-011
 Maximum difference:  7.335742535815371E-002
 Psudo Radius:  1.837139853232080E-004
 Error:   1.357013018482567E-006  3.100616091331087E-011
 Maximum difference:  1.083432077666657E-002
 Psudo Radius:  1.837145333545687E-004
 Error:   8.480739683291993E-007  3.122363219665340E-011
 Maximum difference:  2.480508913777157E-002
 Psudo Radius:  1.837150305713638E-004
 Error:   4.732191227485583E-007  3.103061506559610E-011
 Maximum difference:  2.050498685457569E-002
 Psudo Radius:  1.837152086458785E-004
 Error:   2.559495279885748E-007  3.102224815728791E-011
 Maximum difference:  5.846620840202377E-003
 Psudo Radius:  1.837151300540072E-004
Chi ref: 3.33
 Error:   1.354214016202615E-007  3.115324197924405E-011
 Maximum difference:   4191.81550290424     
 Psudo Radius:  3.712277814595929E-004
 Error:  -2.885037614091959E-002  3.133605011730420E-011
 Maximum difference:   50.7798831564826     
 Psudo Radius:  3.341424960205756E-004
 Error:  -2.012413628580639E-002 -2.882232068775375E-011
 Maximum difference:   346.652428466354     
 Psudo Radius:  3.007383983499577E-004
 Error:  -8.862171273387814E-003 -2.853887830415778E-011
 Maximum difference:   398.122638377411     
 Psudo Radius:  2.706757575152847E-004
 Error:  -9.159497321219456E-004 -2.884253985551572E-011
 Maximum difference:   476.649469748326     
 Psudo Radius:  2.436402581884158E-004
 Error:   4.367367224582308E-003 -2.923741610732426E-011
 Maximum difference:   577.694677468106     
 Psudo Radius:  2.194137406295581E-004
 Error:   8.059292426125880E-003  2.968215348679090E-011
 Maximum difference:   680.152602897579     
 Psudo Radius:  1.983393240508349E-004
 Error:   9.702727423429425E-003  3.009297555864418E-011
 Maximum difference:   762.229027841227     
 Psudo Radius:  1.828877576211342E-004
 Error:   9.767867063972757E-003  3.058646440815271E-011
 Maximum difference:   583.861055665887     
 Psudo Radius:  1.807178394886464E-004
 Error:   7.389764877244492E-003  3.091926657875052E-011
 Maximum difference:   58.9148042956449     
 Psudo Radius:  1.852224555512396E-004
 Error:   4.521662188629871E-003  3.113192899955632E-011
 Maximum difference:   206.200473804950     
 Psudo Radius:  1.888444022414170E-004
 Error:   2.321877790400578E-003  3.098479061820062E-011
 Maximum difference:   133.902653162095     
 Psudo Radius:  1.891595724740146E-004
 Error:   1.223446935416761E-003  3.100697857267899E-011
 Maximum difference:   13.6917719955450     
 Psudo Radius:  1.879610368212461E-004
 Error:   8.591970555305584E-004  3.119150601606969E-011
 Maximum difference:   55.4387084850259     
 Psudo Radius:  1.870893261447324E-004
 Error:   6.975773567658439E-004  3.105745240463092E-011
 Maximum difference:   35.2094541497354     
 Psudo Radius:  1.869946272515154E-004
 Error:   5.098423315526013E-004  3.108543708197949E-011
 Maximum difference:   2.04277186891841     
 Psudo Radius:  1.872657834893506E-004
 Error:   3.118106477556504E-004  3.118299888628293E-011
 Maximum difference:   11.6876214984231     
 Psudo Radius:  1.874824813849748E-004
 Error:   1.650198132576997E-004  3.105451616126208E-011
 Maximum difference:   8.03076869035340     
 Psudo Radius:  1.875150695491348E-004
 Error:   8.927627392951720E-005  3.105236988859569E-011
 Maximum difference:  0.387430899721039     
 Psudo Radius:  1.874543633644823E-004
 Error:   5.934378359592762E-005  3.109849859271896E-011
 Maximum difference:   2.95614695874883     
 Psudo Radius:  1.874004385635549E-004
 Error:   4.575282832139371E-005  3.108712605333685E-011
 Maximum difference:   2.32394346497949     
 Psudo Radius:  1.873844082215178E-004
 Error:   3.464013262766130E-005  3.105711527746532E-011
 Maximum difference:  0.502531715793339     
 Psudo Radius:  1.874022214690431E-004
 Error:   2.182712244333529E-005  3.116331279806626E-011
 Maximum difference:  0.791124464562017     
 Psudo Radius:  1.874195119594639E-004
 Error:   1.156662100218475E-005  3.121268564039736E-011
 Maximum difference:  0.671264582571894     
 Psudo Radius:  1.874248448700878E-004
 Error:   5.917624386453380E-006  3.111471759080604E-011
 Maximum difference:  0.162873576236052     
 Psudo Radius:  1.874221883628536E-004
 Error:   3.553229629610355E-006  3.107234090093301E-011
 Maximum difference:  0.155032276440579     
 Psudo Radius:  1.874172734096479E-004
 Error:   2.783723083099598E-006  3.119539410603302E-011
 Maximum difference:  0.216950393602019     
 Psudo Radius:  1.874146140253561E-004
 Error:   2.299637898939277E-006  3.103714899240697E-011
 Maximum difference:  0.104014307574289     
 Psudo Radius:  1.874147211992881E-004
 Error:   1.645365130226173E-006  3.119769304348245E-011
 Maximum difference:  1.715453137603618E-002
 Psudo Radius:  1.874159388829168E-004
 Error:   9.589418831779106E-007  3.108419588843853E-011
 Maximum difference:  5.227093738540134E-002
 Psudo Radius:  1.874167614440640E-004
 Error:   4.651296803825922E-007  3.107423549789398E-011
 Maximum difference:  2.950381079699582E-002
 Psudo Radius:  1.874167511791682E-004
 Error:   2.485498904192252E-007  3.094502964769171E-011
 Maximum difference:  4.128467573536909E-003
 Psudo Radius:  1.874164743191372E-004
Chi ref: 2.94
 Error:   1.354214016202615E-007  3.115324197924405E-011
 Maximum difference:   4208.91046505444     
 Psudo Radius:  3.782687116532123E-004
 Error:  -2.956540947889477E-002  3.133605011730420E-011
 Maximum difference:   19.2740605519471     
 Psudo Radius:  3.404764402770570E-004
 Error:  -2.138306711501908E-002 -2.862588378079821E-011
 Maximum difference:   338.960231222330     
 Psudo Radius:  3.064370041260409E-004
 Error:  -9.602382908394741E-003 -2.840425683737380E-011
 Maximum difference:   389.208844553514     
 Psudo Radius:  2.758011848784364E-004
 Error:  -1.015963276232240E-003 -2.876325937289493E-011
 Maximum difference:   462.488740893287     
 Psudo Radius:  2.482491649573469E-004
 Error:   4.468357571088349E-003 -2.922977954061935E-011
 Maximum difference:   552.232901983946     
 Psudo Radius:  2.235576310751261E-004
 Error:   7.801221560303495E-003  2.947436222826074E-011
 Maximum difference:   669.541212362727     
 Psudo Radius:  2.018303196129252E-004
 Error:   9.901840120861261E-003  3.006782379839618E-011
 Maximum difference:   755.644435436986     
 Psudo Radius:  1.854892848253155E-004
 Error:   1.018948379280762E-002  3.043523377169397E-011
 Maximum difference:   590.668436284169     
 Psudo Radius:  1.832281828810382E-004
 Error:   7.742209130003758E-003  3.078171193431101E-011
 Maximum difference:   55.2461453124306     
 Psudo Radius:  1.883488545849225E-004
 Error:   4.713402079338180E-003  3.110488476369097E-011
 Maximum difference:   225.092964669721     
 Psudo Radius:  1.923779138889020E-004
 Error:   2.370118788782988E-003  3.116555784178351E-011
 Maximum difference:   140.342119551463     
 Psudo Radius:  1.925346384227738E-004
 Error:   1.237685554328877E-003  3.100072407808529E-011
 Maximum difference:   20.2118218060978     
 Psudo Radius:  1.910331036284542E-004
 Error:   9.043354732379549E-004  3.101897976989970E-011
 Maximum difference:   65.2170749078414     
 Psudo Radius:  1.900402464780147E-004
 Error:   7.576338869663968E-004  3.095159891312476E-011
 Maximum difference:   37.7499478252612     
 Psudo Radius:  1.900094750961669E-004
 Error:   5.543746779739511E-004  3.115802962660239E-011
 Maximum difference:   4.56000582619981     
 Psudo Radius:  1.904077222496434E-004
 Error:   3.265701271197574E-004  3.094090442956031E-011
 Maximum difference:   16.2948569792197     
 Psudo Radius:  1.906762752625192E-004
 Error:   1.611861059174768E-004  3.104540437889855E-011
 Maximum difference:   9.15754590910547     
 Psudo Radius:  1.906741047233040E-004
 Error:   8.644318714706722E-005  3.110495586075431E-011
 Maximum difference:   1.52631585366180     
 Psudo Radius:  1.905757725673438E-004
 Error:   6.264939612199427E-005  3.099069314542945E-011
 Maximum difference:   4.37020528984522     
 Psudo Radius:  1.905068693500367E-004
 Error:   5.216088122275697E-005  3.108275479290098E-011
 Maximum difference:   2.59927626526405     
 Psudo Radius:  1.905046156521295E-004
 Error:   3.789218373123626E-005  3.087821749077403E-011
 Maximum difference:  0.274655681604600     
 Psudo Radius:  1.905306819270351E-004
 Error:   2.253885977654413E-005  3.113144545442965E-011
 Maximum difference:   1.06387997716411     
 Psudo Radius:  1.905496543056891E-004
 Error:   1.138299866682013E-005  3.113264909807472E-011
 Maximum difference:  0.680168276112454     
 Psudo Radius:  1.905527965467326E-004
 Error:   5.837727954122185E-006  3.101213115093012E-011
 Maximum difference:  5.873286777750764E-002
 Psudo Radius:  1.905476186019887E-004
 Error:   3.705477945731284E-006  3.114610221264783E-011
 Maximum difference:  0.261152158333061     
 Psudo Radius:  1.905402364991708E-004
 Error:   3.203663455186856E-006  3.097994805020039E-011
 Maximum difference:  0.304704484791728     
 Psudo Radius:  1.905366312430130E-004
 Error:   2.778110988532756E-006  3.099090307455804E-011
 Maximum difference:  0.134607910883460     
 Psudo Radius:  1.905368206464548E-004
 Error:   2.034081334645332E-006  3.094596561431630E-011
 Maximum difference:  2.583452511498763E-002
 Psudo Radius:  1.905387874147366E-004
 Error:   1.170963878444065E-006  3.115774814711704E-011
 Maximum difference:  8.244217712490354E-002
 Psudo Radius:  1.905403655511934E-004
 Error:   5.147774986835607E-007  3.104276870930031E-011
 Maximum difference:  5.939601125646732E-002
 Psudo Radius:  1.905407835161443E-004
 Error:   1.928319707245052E-007  3.113856277691988E-011
 Maximum difference:  1.145394359173224E-002
 Psudo Radius:  1.905404090666026E-004
 Error:   1.125600412599237E-007  3.098963922403094E-011
 Maximum difference:  1.857047230987519E-002
 Psudo Radius:  1.905398505545472E-004
 Error:   1.299332053061875E-007  3.094509423479122E-011
 Maximum difference:  2.327119873734773E-002
 Psudo Radius:  1.905395242028181E-004
 Error:   1.422167250908490E-007  3.119390792942532E-011
 Maximum difference:  1.234761911018722E-002
 Psudo Radius:  1.905395049145825E-004
 Error:   1.177219798864648E-007  3.101186903184043E-011
 Maximum difference:  1.551958087475214E-003
 Psudo Radius:  1.905396690960078E-004
Chi ref: 2.63
 Error:   1.354214016202615E-007  3.115324197924405E-011
 Maximum difference:   4225.00421472757     
 Psudo Radius:  3.853549476275454E-004
 Error:  -3.022709191527115E-002  3.133605011730420E-011
 Maximum difference:   54.6624944441949     
 Psudo Radius:  3.468516343472627E-004
 Error:  -2.267254221760306E-002 -2.864564717546440E-011
 Maximum difference:   331.556638595698     
 Psudo Radius:  3.121732819464596E-004
 Error:  -1.037946356274586E-002 -2.819776556444660E-011
 Maximum difference:   377.694943371136     
 Psudo Radius:  2.809615041272362E-004
 Error:  -1.394049018142829E-003 -2.860229539059819E-011
 Maximum difference:   445.285180626786     
 Psudo Radius:  2.528843064399244E-004
 Error:   4.060375522167869E-003 -2.887112649524657E-011
 Maximum difference:   539.192080321247     
 Psudo Radius:  2.276724189535880E-004
 Error:   7.774241413569360E-003  2.956230108426676E-011
 Maximum difference:   652.066150508517     
 Psudo Radius:  2.053357560613026E-004
 Error:   1.018626472807657E-002  2.995802263041281E-011
 Maximum difference:   729.625655379526     
 Psudo Radius:  1.879033766098876E-004
 Error:   1.030824343448733E-002  3.059252912120490E-011
 Maximum difference:   671.534019510253     
 Psudo Radius:  1.809471428566421E-004
 Error:   8.753666031106944E-003  3.094222467352841E-011
 Maximum difference:   217.440331738262     
 Psudo Radius:  1.886990255191185E-004
 Error:   5.466885075633254E-003  3.102364743047694E-011
 Maximum difference:   365.554431809896     
 Psudo Radius:  1.965870647552979E-004
 Error:   2.385239054982086E-003  3.117491896912419E-011
 Maximum difference:   276.454457420503     
 Psudo Radius:  1.972657965273472E-004
 Error:   9.317253729033970E-004  3.105411407831047E-011
 Maximum difference:   29.9039658785973     
 Psudo Radius:  1.944058965063343E-004
 Error:   7.845703557183281E-004  3.096633486815650E-011
 Maximum difference:   117.487343154286     
 Psudo Radius:  1.923599879640122E-004
 Error:   8.600158708305106E-004  3.105969583717401E-011
 Maximum difference:   73.5647863928270     
 Psudo Radius:  1.922400078802339E-004
 Error:   6.973352378237263E-004  3.093522936330333E-011
 Maximum difference:   8.41270826569962     
 Psudo Radius:  1.930312376396957E-004
 Error:   3.929991153641954E-004  3.104524819329583E-011
 Maximum difference:   31.8685828125354     
 Psudo Radius:  1.935674992163529E-004
 Error:   1.574342775667592E-004  3.116806996171633E-011
 Maximum difference:   18.1185416497356     
 Psudo Radius:  1.935680949728857E-004
 Error:   6.432586420607178E-005  3.095687023605698E-011
 Maximum difference:   3.26793258451380     
 Psudo Radius:  1.933390655177560E-004
 Error:   5.917797417770432E-005  3.110399248223146E-011
 Maximum difference:   9.47579383461380     
 Psudo Radius:  1.931956313333695E-004
 Error:   6.508150578998784E-005  3.110635937201222E-011
 Maximum difference:   4.95651764579998     
 Psudo Radius:  1.932085554249894E-004
 Error:   5.000494144663525E-005  3.110687670217734E-011
 Maximum difference:   1.06169868443612     
 Psudo Radius:  1.932755024477840E-004
 Error:   2.650302458878651E-005  3.106062409351453E-011
 Maximum difference:   2.69036562091242     
 Psudo Radius:  1.933181801803870E-004
 Error:   8.699071942952497E-006  3.089152924440675E-011
 Maximum difference:   1.37759465614363     
 Psudo Radius:  1.933105832651956E-004
 Error:   3.349922689216411E-006  3.094234960717315E-011
 Maximum difference:  0.488675161312131     
 Psudo Radius:  1.932885460214549E-004
 Error:   4.362044081135386E-006  3.100178237323888E-011
 Maximum difference:  0.870291038194409     
 Psudo Radius:  1.932777823333653E-004
 Error:   5.008680485696360E-006  3.087120266259835E-011
 Maximum difference:  0.369557371515839     
 Psudo Radius:  1.932789978454797E-004
 Error:   3.848469703304769E-006  3.094711624639913E-011
 Maximum difference:  8.409919141922728E-002
 Psudo Radius:  1.932844172767448E-004
 Error:   2.082985306878227E-006  3.097650242499464E-011
 Maximum difference:  0.224381192433611     
 Psudo Radius:  1.932887819452668E-004
 Error:   6.245577835739535E-007  3.090033076393969E-011
 Maximum difference:  0.151780484537085     
 Psudo Radius:  1.932891251781282E-004
 Error:   9.406446657700407E-008  3.087995272352147E-011
 Maximum difference:  1.353492557882419E-002
 Psudo Radius:  1.932876763638381E-004
 Error:   1.372655655529353E-007  3.100715614666076E-011
 Maximum difference:  6.128361384799064E-002
 Psudo Radius:  1.932864647370549E-004
 Error:   2.647887200057930E-007  3.102190037475508E-011
 Maximum difference:  4.547702488798677E-002
 Psudo Radius:  1.932861364517694E-004
 Error:   2.775655300046864E-007  3.111490226456876E-011
 Maximum difference:  9.479217461375811E-003
 Psudo Radius:  1.932864531752497E-004
Chi ref: 2.38
 Error:   1.354214016202615E-007  3.115324197924405E-011
 Maximum difference:   4240.06918333584     
 Psudo Radius:  3.924142908657329E-004
 Error:  -3.083674981822038E-002  3.133605011730420E-011
 Maximum difference:   97.4963926490220     
 Psudo Radius:  3.532030317393885E-004
 Error:  -2.398379183055169E-002 -2.860085013060791E-011
 Maximum difference:   324.458655362590     
 Psudo Radius:  3.178885582468375E-004
 Error:  -1.118581231970284E-002 -2.822065299277379E-011
 Maximum difference:   365.105518033006     
 Psudo Radius:  2.861036827546326E-004
 Error:  -1.949309429176094E-003 -2.832748321418312E-011
 Maximum difference:   438.214216959767     
 Psudo Radius:  2.575037269975320E-004
 Error:   4.211026384542849E-003 -2.884479836087865E-011
 Maximum difference:   522.148100721714     
 Psudo Radius:  2.318192942375609E-004
 Error:   7.992013370639012E-003  2.941245056883757E-011
 Maximum difference:   631.828237191548     
 Psudo Radius:  2.090334561146661E-004
 Error:   1.035504026410358E-002  2.983542610004807E-011
 Maximum difference:   725.607197718110     
 Psudo Radius:  1.908603486345704E-004
 Error:   1.081559138008756E-002  3.028148950776319E-011
 Maximum difference:   649.852377716274     
 Psudo Radius:  1.846817366759991E-004
 Error:   8.916186373962964E-003  3.089746026958585E-011
 Maximum difference:   184.692443920579     
 Psudo Radius:  1.916522398817315E-004
 Error:   5.593381996633229E-003  3.084254514501897E-011
 Maximum difference:   312.402284546099     
 Psudo Radius:  1.987624182722898E-004
 Error:   2.573607935690309E-003  3.115691649169672E-011
 Maximum difference:   238.390507267360     
 Psudo Radius:  1.993100877338428E-004
 Error:   1.113183492224640E-003  3.094582949635776E-011
 Maximum difference:   29.5183031525262     
 Psudo Radius:  1.965936653696873E-004
 Error:   8.991872254676680E-004  3.085100335756862E-011
 Maximum difference:   108.427428913720     
 Psudo Radius:  1.947086674611426E-004
 Error:   9.123796241527482E-004  3.093107103488353E-011
 Maximum difference:   65.5410433349261     
 Psudo Radius:  1.946699880646350E-004
 Error:   7.188786563259164E-004  3.099333712744266E-011
 Maximum difference:   10.0478498800485     
 Psudo Radius:  1.955136088250189E-004
 Error:   3.978127545948562E-004  3.089503441057705E-011
 Maximum difference:   32.5442358355258     
 Psudo Radius:  1.960393100305860E-004
 Error:   1.562484825180788E-004  3.086198209041846E-011
 Maximum difference:   16.5723590201023     
 Psudo Radius:  1.959860963177917E-004
 Error:   6.915073033622599E-005  3.093387435387259E-011
 Maximum difference:   4.59143833570943     
 Psudo Radius:  1.957306983883153E-004
 Error:   6.755141573411283E-005  3.101571792731315E-011
 Maximum difference:   10.0430310165875     
 Psudo Radius:  1.955925491014371E-004
 Error:   7.215796114898310E-005  3.094764174974804E-011
 Maximum difference:   4.47633792448687     
 Psudo Radius:  1.956254793800254E-004
 Error:   5.330784633220120E-005  3.111478733117318E-011
 Maximum difference:   1.73551538584343     
 Psudo Radius:  1.957076724404208E-004
 Error:   2.622743396793470E-005  3.088067414384031E-011
 Maximum difference:   3.10959502008973     
 Psudo Radius:  1.957524272156861E-004
 Error:   7.702499126488460E-006  3.086449149838741E-011
 Maximum difference:   1.43891092614467     
 Psudo Radius:  1.957434922106597E-004
 Error:   1.626275798138899E-006  3.102535332174451E-011
 Maximum difference:  0.622476773191920     
 Psudo Radius:  1.957095021102109E-004
 Error:   4.000883055715887E-006  3.099754257881839E-011
 Maximum difference:   1.35247913856347     
 Psudo Radius:  1.956886642790801E-004
 Error:   6.710213494520723E-006  3.094788252721700E-011
 Maximum difference:  0.674469259092803     
 Psudo Radius:  1.956932032767394E-004
 Error:   5.482406983087218E-006  3.104105170184813E-011
 Maximum difference:  0.259668572693954     
 Psudo Radius:  1.957064661707064E-004
 Error:   2.303929597657906E-006  3.095000332510633E-011
 Maximum difference:  0.504318762068579     
 Psudo Radius:  1.957142933978463E-004
 Error:   1.018420183185320E-007  3.105697885115589E-011
 Maximum difference:  0.270349374796751     
 Psudo Radius:  1.957150598320039E-004
 Error:  -5.975631779397972E-007  3.101542060830648E-011
 Maximum difference:  2.826343847254975E-002
 Psudo Radius:  1.957112137742329E-004
 Error:  -2.570798864620638E-007 -3.085748459942289E-011
 Maximum difference:  0.164420426694051     
 Psudo Radius:  1.957069884584226E-004
 Error:   3.720183219813045E-007 -3.098119506955517E-011
 Maximum difference:  0.156719274601528     
 Psudo Radius:  1.957053891093663E-004
 Error:   6.527607324113838E-007  3.083387359490752E-011
 Maximum difference:  4.804451294694445E-002
 Psudo Radius:  1.957062730715560E-004
 Error:   4.931369062821656E-007  3.107638341059265E-011
 Maximum difference:  4.260783301378979E-002
 Psudo Radius:  1.957079517909533E-004
 Error:   1.570053320965048E-007  3.092401427747585E-011
 Maximum difference:  6.525789076385990E-002
 Psudo Radius:  1.957089988718482E-004
 Error:  -9.165118594611776E-008  3.110188938309345E-011
 Maximum difference:  3.474282002207474E-002
 Psudo Radius:  1.957089537956528E-004
 Error:  -1.285177229637391E-007 -3.086987521582953E-011
 Maximum difference:  6.396117949407198E-003
 Psudo Radius:  1.957084468641830E-004
Chi ref: 2.17
 Error:   1.354214016202615E-007  3.115324197924405E-011
 Maximum difference:   4254.52685974975     
 Psudo Radius:  3.996011577237071E-004
 Error:  -3.141310693854699E-002  3.133605011730420E-011
 Maximum difference:   139.585186201379     
 Psudo Radius:  3.596694952692878E-004
 Error:  -2.535251579719983E-002 -2.851709179391926E-011
 Maximum difference:   317.490436516869     
 Psudo Radius:  3.237076821904803E-004
 Error:  -1.203940273544965E-002 -2.791145684300397E-011
 Maximum difference:   356.522967125680     
 Psudo Radius:  2.913398484307970E-004
 Error:  -2.185636013139231E-003 -2.828147112968867E-011
 Maximum difference:   421.032768076087     
 Psudo Radius:  2.622137579643792E-004
 Error:   3.857292911418037E-003 -2.892068678835759E-011
 Maximum difference:   508.572652324153     
 Psudo Radius:  2.360308291229265E-004
 Error:   7.840004003104445E-003  2.911804677411003E-011
 Maximum difference:   617.907875933415     
 Psudo Radius:  2.126800418329656E-004
 Error:   1.062954852723247E-002  2.971214329023955E-011
 Maximum difference:   710.161567240166     
 Psudo Radius:  1.936142315973029E-004
 Error:   1.119604302619306E-002  3.025481383792083E-011
 Maximum difference:   674.136963268491     
 Psudo Radius:  1.855099186276944E-004
 Error:   9.549575987027742E-003  3.061560790824120E-011
 Maximum difference:   245.956612986851     
 Psudo Radius:  1.929928761428231E-004
 Error:   6.093095737583376E-003  3.083543905958216E-011
 Maximum difference:   337.545718820696     
 Psudo Radius:  2.015252409251203E-004
 Error:   2.752017803722001E-003  3.100698154869944E-011
 Maximum difference:   280.326623955678     
 Psudo Radius:  2.022914310592624E-004
 Error:   1.100055897831798E-003  3.101216441225360E-011
 Maximum difference:   33.6527064261113     
 Psudo Radius:  1.989633124172854E-004
 Error:   9.266719108806942E-004  3.101724857828560E-011
 Maximum difference:   128.810511312698     
 Psudo Radius:  1.966157005714299E-004
 Error:   1.017597226298850E-003  3.106231876136088E-011
 Maximum difference:   78.1865457739332     
 Psudo Radius:  1.966471457417098E-004
 Error:   8.119413192093361E-004  3.088405149850339E-011
 Maximum difference:   14.1650413068160     
 Psudo Radius:  1.977412575940391E-004
 Error:   4.330367294157755E-004  3.083578762568383E-011
 Maximum difference:   40.7768483143373     
 Psudo Radius:  1.983737378825680E-004
 Error:   1.525540154282412E-004  3.106236366115556E-011
 Maximum difference:   18.8716817899467     
 Psudo Radius:  1.982536653800955E-004
 Error:   6.429901867591181E-005  3.094361316939234E-011
 Maximum difference:   7.41131124722688     
 Psudo Radius:  1.979039348628414E-004
 Error:   7.758938233715096E-005  3.110034110223497E-011
 Maximum difference:   12.9677604076078     
 Psudo Radius:  1.977496188931551E-004
 Error:   8.611037521513709E-005  3.103615676983109E-011
 Maximum difference:   4.54052037020392     
 Psudo Radius:  1.978159082401178E-004
 Error:   5.997107353469810E-005  3.103099882369097E-011
 Maximum difference:   2.92326824572228     
 Psudo Radius:  1.979155991358692E-004
 Error:   2.700592084745046E-005  3.107215862620392E-011
 Maximum difference:   3.56240824100314     
 Psudo Radius:  1.979573192381108E-004
 Error:   7.037720342245590E-006  3.082853997874821E-011
 Maximum difference:   1.12381225187346     
 Psudo Radius:  1.979355141073484E-004
 Error:   3.405237522097204E-006  3.094457931880491E-011
 Maximum difference:   1.01331621680310     
 Psudo Radius:  1.979041950920421E-004
 Error:   6.134720326428367E-006  3.094492185721002E-011
 Maximum difference:   1.12027130841761     
 Psudo Radius:  1.978947873704186E-004
 Error:   6.881533301666964E-006  3.086154049587183E-011
 Maximum difference:  0.235178230950623     
 Psudo Radius:  1.979037125301930E-004
 Error:   4.356085409801258E-006  3.094473712415017E-011
 Maximum difference:  0.362260250431063     
 Psudo Radius:  1.979132084669751E-004
 Error:   1.582605524880210E-006  3.110580269103818E-011
 Maximum difference:  0.340684304910610     
 Psudo Radius:  1.979168137691508E-004
 Error:   3.181267194118931E-010  3.084234520368744E-011
 Maximum difference:  8.923689753009967E-002
 Psudo Radius:  1.979137063788364E-004
 Error:  -2.990476249964402E-008  3.090975600127376E-011
 Maximum difference:  0.133364199174139     
 Psudo Radius:  1.979098944950492E-004
 Error:   4.303664981886168E-007  3.086640492402210E-011
 Maximum difference:  0.141736079046495     
 Psudo Radius:  1.979081725679958E-004
 Error:   7.056712864605963E-007  3.084742454680077E-011
 Maximum difference:  4.744372251843743E-002
 Psudo Radius:  1.979092564872544E-004
 Error:   4.888114867596105E-007  3.086044642703867E-011
 Maximum difference:  4.644442724293185E-002
 Psudo Radius:  1.979107100859817E-004
 Error:   1.525568347759965E-007  3.079073096227714E-011
 Maximum difference:  5.296573736541177E-002
 Psudo Radius:  1.979114563424758E-004
 Error:  -4.964435898480168E-008  3.094395194901217E-011
 Maximum difference:  2.413442673605459E-002
 Psudo Radius:  1.979113928721134E-004
 Error:  -8.978742341292367E-008 -3.094651115800797E-011
 Maximum difference:  6.670401984592900E-003
 Psudo Radius:  1.979108733294420E-004
Chi ref: 2.0
 Error:   1.354214016202615E-007  3.115324197924405E-011
 Maximum difference:   4267.69938323064     
 Psudo Radius:  4.065245061302222E-004
 Error:  -3.193064112375377E-002  3.133605011730420E-011
 Maximum difference:   178.739144791021     
 Psudo Radius:  3.658991159847301E-004
 Error:  -2.670993570366589E-002 -2.865907139174320E-011
 Maximum difference:   311.036617938290     
 Psudo Radius:  3.293138855724057E-004
 Error:  -1.289350994421284E-002 -2.780051593608720E-011
 Maximum difference:   346.853447399623     
 Psudo Radius:  2.963847932911081E-004
 Error:  -2.602549105918450E-003 -2.808439567710095E-011
 Maximum difference:   412.277322016004     
 Psudo Radius:  2.667513173233927E-004
 Error:   3.941623876264733E-003 -2.858832132043597E-011
 Maximum difference:   490.837603442243     
 Psudo Radius:  2.401078551602243E-004
 Error:   7.777333370465433E-003  2.910895534815489E-011
 Maximum difference:   601.441767523177     
 Psudo Radius:  2.162797443724021E-004
 Error:   1.068193603737014E-002  2.959982065945041E-011
 Maximum difference:   703.655953025042     
 Psudo Radius:  1.963185018100445E-004
 Error:   1.163814458553075E-002  3.016541992138131E-011
 Maximum difference:   680.690955352750     
 Psudo Radius:  1.872755367930587E-004
 Error:   1.001423306741794E-002  3.066008082043032E-011
 Maximum difference:   273.303506502292     
 Psudo Radius:  1.945319384571003E-004
 Error:   6.478134282261960E-003  3.082560236880682E-011
 Maximum difference:   324.822029796885     
 Psudo Radius:  2.035434415129309E-004
 Error:   2.977883608624304E-003  3.108861154064191E-011
 Maximum difference:   290.039677809757     
 Psudo Radius:  2.044802587249544E-004
 Error:   1.189111263949050E-003  3.097647770147897E-011
 Maximum difference:   33.9855058068201     
 Psudo Radius:  2.009045663176198E-004
 Error:   9.942230548701247E-004  3.099033864134778E-011
 Maximum difference:   135.279414117840     
 Psudo Radius:  1.983562462826206E-004
 Error:   1.098479255960766E-003  3.083807833432165E-011
 Maximum difference:   82.5412700578308     
 Psudo Radius:  1.984291123725957E-004
 Error:   8.775187077466606E-004  3.078773342713984E-011
 Maximum difference:   16.6524092202221     
 Psudo Radius:  1.996861038876367E-004
 Error:   4.598100689031104E-004  3.107027865011599E-011
 Maximum difference:   45.5635062766096     
 Psudo Radius:  2.003852513183967E-004
 Error:   1.521617873092296E-004  3.081674789116676E-011
 Maximum difference:   19.9128830031032     
 Psudo Radius:  2.002063716578536E-004
 Error:   6.354602636718387E-005  3.081690634044249E-011
 Maximum difference:   9.80307990591882     
 Psudo Radius:  1.997836590060848E-004
 Error:   8.747975048398193E-005  3.099785730886342E-011
 Maximum difference:   15.0746577388200     
 Psudo Radius:  1.996199867569621E-004
 Error:   9.864827601441251E-005  3.085852678178453E-011
 Maximum difference:   4.47517533225891     
 Psudo Radius:  1.997203100099817E-004
 Error:   6.693594663578772E-005  3.101006066724452E-011
 Maximum difference:   4.29097073303546     
 Psudo Radius:  1.998561024819465E-004
 Error:   2.533745111374386E-005  3.092729505645243E-011
 Maximum difference:   4.55575349103401     
 Psudo Radius:  1.998905115303366E-004
 Error:   4.017994946120540E-006  3.104730526307350E-011
 Maximum difference:  0.664750251648911     
 Psudo Radius:  1.998470650161307E-004
 Error:   3.657336849705040E-006  3.103014652137841E-011
 Maximum difference:   1.77215007016366     
 Psudo Radius:  1.998059118631691E-004
 Error:   8.712804503208105E-006  3.104958011152871E-011
 Maximum difference:   1.33603793031034     
 Psudo Radius:  1.998027065412744E-004
 Error:   8.429474284921135E-006  3.077126642423060E-011
 Maximum difference:  0.150898821928877     
 Psudo Radius:  1.998191650116065E-004
 Error:   4.386494316249712E-006  3.100076985336019E-011
 Maximum difference:  0.622039684086303     
 Psudo Radius:  1.998309687410564E-004
 Error:   7.042131304479948E-007  3.087239992589710E-011
 Maximum difference:  0.360902513504698     
 Psudo Radius:  1.998298447000005E-004
 Error:  -2.833873505581064E-007  3.093516181017332E-011
 Maximum difference:  9.883121165603370E-002
 Psudo Radius:  1.998237940599930E-004
 Error:   3.687335347057896E-007 -3.093642108938943E-011
 Maximum difference:  0.217641014097353     
 Psudo Radius:  1.998206478572930E-004
 Error:   8.329143407759254E-007  3.095477793466754E-011
 Maximum difference:  0.101874021622280     
 Psudo Radius:  1.998206148467412E-004
 Error:   7.802330779238531E-007  3.102036532017777E-011
 Maximum difference:  1.719191866595793E-002
 Psudo Radius:  1.998223627345215E-004
 Error:   4.137970009976399E-007  3.079482933910562E-011
 Maximum difference:  6.753464246139629E-002
 Psudo Radius:  1.998240375270311E-004
 Error:   5.049678569735150E-008  3.085835559828470E-011
 Maximum difference:  5.946598335867748E-002
 Psudo Radius:  1.998247162365898E-004
 Error:  -1.524569535615861E-007  3.102773206093211E-011
 Maximum difference:  1.695228477274213E-002
 Psudo Radius:  1.998241510866419E-004
 Error:  -1.075493132329797E-007 -3.077075248878442E-011
 Maximum difference:  2.365552004630445E-002
 Psudo Radius:  1.998234167032198E-004
 Error:   1.272359520521071E-008 -3.091340471570692E-011
 Maximum difference:  2.626455824611185E-002
 Psudo Radius:  1.998230408265498E-004
 Error:   8.300078038758762E-008  3.094316151099601E-011
 Maximum difference:  1.202628203009226E-002
 Psudo Radius:  1.998230797668398E-004
 Error:   8.455371483528928E-008  3.086096368898636E-011
 Maximum difference:  3.916501619187329E-003
 Psudo Radius:  1.998233818858321E-004
