 
:: WARNING: setvars.sh has already been run. Skipping re-execution.
   To force a re-execution of setvars.sh, use the '--force' option.
   Using '--force' can result in excessive use of your environment variables.
  
usage: source setvars.sh [--force] [--config=file] [--help] [...]
  --force        Force setvars.sh to re-run, doing so may overload environment.
  --config=file  Customize env vars using a setvars.sh configuration file.
  --help         Display this help message and exit.
  ...            Additional args are passed to individual env/vars.sh scripts
                 and should follow this script's arguments.
  
  Some POSIX shells do not accept command-line options. In that case, you can pass
  command-line options via the SETVARS_ARGS environment variable. For example:
  
  $ SETVARS_ARGS="ia32 --config=config.txt" ; export SETVARS_ARGS
  $ . path/to/setvars.sh
  
  The SETVARS_ARGS environment variable is cleared on exiting setvars.sh.
  
Loading intel-mkl/2024.2
  Loading requirement: intel-tbb/2021.13 intel-rt/2024.2
Chi ref: 0.52
Traceback (most recent call last):
  File "/home/ps1639/ess_curve_gen/Scurvegen.py", line 26, in <module>
    df = run_radcase('input_dryer_base_drop', chi)
         ^^^^^^^^^^^^^^^^^^^^^^^^^^^^^^^^^^^^^^^^^
  File "/home/ps1639/ess_curve_gen/radrun.py", line 72, in run_radcase
    os.makedirs(outputs_path)
  File "<frozen os>", line 225, in makedirs
FileExistsError: [Errno 17] File exists: '/home/ps1639/ess_curve_gen/outputs/0.52'
