 
:: initializing oneAPI environment ...
   slurm_script: BASH_VERSION = 5.1.8(1)-release
   args: Using "$@" for setvars.sh arguments: 
:: advisor -- latest
:: compiler -- latest
:: debugger -- latest
:: dpl -- latest
:: ipp -- latest
:: mkl -- latest
:: mpi -- latest
:: tbb -- latest
:: vtune -- latest
:: oneAPI environment initialized ::
 
Loading openmpi/oneapi-2024.2/4.1.8
  ERROR: Module cannot be loaded due to a conflict.
    HINT: Might try "module unload intel-mpi" first.
Chi ref: -0.93
 --------------------------------
 mdot from spherical  3.628959922852373E-007
 max temp   2055.27501890800     
 max dissrate   998.047319705400     
 Lv_adj  0.000000000000000E+000
   351.929307779070       0.824936340286025     
 Maximum error:   2798.25238048411     
 --------------------------------
 mdot from spherical  3.318570345275648E-007
 max temp   4853.52739939211     
 max dissrate   998.219853915936     
 Lv_adj  0.000000000000000E+000
   352.013018791783       0.824533338481866     
 Maximum error:   16.2989674759965     
 --------------------------------
 mdot from spherical  3.425554086567253E-007
 max temp   4869.82636686810     
 max dissrate   998.219853916401     
 Lv_adj  0.000000000000000E+000
   352.029760994332       0.824452738121047     
 Maximum error:   1.67782878729031     
 --------------------------------
 mdot from spherical  3.421247863195140E-007
 max temp   4871.50419565539     
 max dissrate   998.219853916448     
 Lv_adj  0.000000000000000E+000
   352.033109434840       0.824436618048886     
 Maximum error:  4.171355246671737E-002
 --------------------------------
 mdot from spherical  3.427437772425574E-007
 max temp   4871.54590920786     
 max dissrate   998.219853916450     
 Lv_adj  0.000000000000000E+000
   352.033779122940       0.824433394034455     
 Maximum error:  4.171487520306982E-002
 --------------------------------
 mdot from spherical  3.428386203616004E-007
 max temp   4871.58762408306     
 max dissrate   998.219853916451     
 Lv_adj  0.000000000000000E+000
   352.033913060558       0.824432749231569     
 Maximum error:  1.042872913058090E-002
 --------------------------------
 mdot from spherical  3.428972185567293E-007
 max temp   4871.59805281219     
 max dissrate   998.219853916451     
 Lv_adj  0.000000000000000E+000
   352.033939848089       0.824432620270989     
 Maximum error:  1.042881177272648E-002
 --------------------------------
 mdot from spherical  3.429150942915876E-007
 max temp   4871.60848162397     
 max dissrate   998.219853916451     
 Lv_adj  0.000000000000000E+000
   352.033945205593       0.824432594478874     
 Maximum error:  2.607203584375384E-003
 --------------------------------
 mdot from spherical  3.429224057694644E-007
 max temp   4871.61108882755     
 max dissrate   998.219853916451     
 Lv_adj  0.000000000000000E+000
   352.033946277092       0.824432589320452     
 Maximum error:  2.607208749395795E-003
 --------------------------------
 mdot from spherical  3.429250319247950E-007
 max temp   4871.61369603630     
 max dissrate   998.219853916451     
 Lv_adj  0.000000000000000E+000
   352.033946491387       0.824432588288769     
 Maximum error:  2.607213913506712E-003
 --------------------------------
 mdot from spherical  3.429260488814063E-007
 max temp   4871.61630325021     
 max dissrate   998.219853916451     
 Lv_adj  0.000000000000000E+000
   352.033946534249       0.824432588082431     
 Maximum error:  1.577721810442024E-030
  0.000000000000000E+000
  0.000000000000000E+000
   352.033946534249     
  3.429260488814063E-007

[CVODE ERROR]  CVode
  At t = 0 and h = -4.50078e-20, the corrector convergence test failed repeatedly or with |h| = hmin.

Chi ref: -0.87
 --------------------------------
 mdot from spherical  3.628959922852373E-007
 max temp   2055.27501890800     
 max dissrate   998.047319705400     
 Lv_adj  0.000000000000000E+000
   351.929307779070       0.824936340286025     
 Maximum error:   2919.01096688859     
 --------------------------------
 mdot from spherical  3.303473113069726E-007
 max temp   4867.34716056659     
 max dissrate   998.238771435671     
 Lv_adj  0.000000000000000E+000
   352.013066430556       0.824533850771096     
 Maximum error:   4.20127476083235     
 --------------------------------
 mdot from spherical  3.408053315687555E-007
 max temp   4871.54843532742     
 max dissrate   998.238771435788     
 Lv_adj  0.000000000000000E+000
   352.029818160859       0.824453352868112     
 Maximum error:  3.195879973100091E-002
 --------------------------------
 mdot from spherical  3.402587227260590E-007
 max temp   4871.58039412715     
 max dissrate   998.238771435789     
 Lv_adj  0.000000000000000E+000
   352.033168506917       0.824437253287516     
 Maximum error:  3.196046331959224E-002
 --------------------------------
 mdot from spherical  3.408396419246522E-007
 max temp   4871.61235459047     
 max dissrate   998.238771435790     
 Lv_adj  0.000000000000000E+000
   352.033838576127       0.824434033371398     
 Maximum error:  1.997576879148255E-003
 --------------------------------
 mdot from spherical  3.409193686202137E-007
 max temp   4871.61435216735     
 max dissrate   998.238771435790     
 Lv_adj  0.000000000000000E+000
   352.033972589967       0.824433389388175     
 Maximum error:  1.997583375668910E-003
 --------------------------------
 mdot from spherical  3.409724662466701E-007
 max temp   4871.61634975073     
 max dissrate   998.238771435790     
 Lv_adj  0.000000000000000E+000
   352.033999392742       0.824433260591527     
 Maximum error:  4.440892098500626E-016
  0.000000000000000E+000
  0.000000000000000E+000
   352.033999392742     
  3.409724662466701E-007

[CVODE ERROR]  CVode
  At t = 0 and h = -3.39145e-20, the corrector convergence test failed repeatedly or with |h| = hmin.

Chi ref: -0.8
 --------------------------------
 mdot from spherical  3.628959922852373E-007
 max temp   2055.27501890800     
 max dissrate   998.047319705400     
 Lv_adj  0.000000000000000E+000
   351.929307779070       0.824936340286025     
 Maximum error:   2783.58285673133     
 --------------------------------
 mdot from spherical  3.317268134775818E-007
 max temp   4838.85787563933     
 max dissrate   998.329581039989     
 Lv_adj  0.000000000000000E+000
   352.013296327764       0.824536332216851     
 Maximum error:   28.9975920590869     
 --------------------------------
 mdot from spherical  3.425645564418733E-007
 max temp   4867.85546769842     
 max dissrate   998.329581040823     
 Lv_adj  0.000000000000000E+000
   352.030094037502       0.824456330603046     
 Maximum error:   3.59850810656280     
 --------------------------------
 mdot from spherical  3.421496725512477E-007
 max temp   4871.45397580498     
 max dissrate   998.329581040925     
 Lv_adj  0.000000000000000E+000
   352.033453579448       0.824440330280289     
 Maximum error:  4.497437753343547E-002
 --------------------------------
 mdot from spherical  3.427764405660371E-007
 max temp   4871.49895018252     
 max dissrate   998.329581040926     
 Lv_adj  0.000000000000000E+000
   352.034125487836       0.824437130215739     
 Maximum error:  4.497591545623436E-002
 --------------------------------
 mdot from spherical  3.428737893746814E-007
 max temp   4871.54392609797     
 max dissrate   998.329581040927     
 Lv_adj  0.000000000000000E+000
   352.034259869520       0.824436490202826     
 Maximum error:  4.497745312710322E-002
 --------------------------------
 mdot from spherical  3.429338214666220E-007
 max temp   4871.58890355110     
 max dissrate   998.329581040928     
 Lv_adj  0.000000000000000E+000
   352.034286745855       0.824436362200244     
 Maximum error:  1.124437526959809E-002
 --------------------------------
 mdot from spherical  3.429520631744069E-007
 max temp   4871.60014792637     
 max dissrate   998.329581040929     
 Lv_adj  0.000000000000000E+000
   352.034292121121       0.824436336599728     
 Maximum error:  1.124447133770445E-002
 --------------------------------
 mdot from spherical  3.429596488869121E-007
 max temp   4871.61139239771     
 max dissrate   998.329581040929     
 Lv_adj  0.000000000000000E+000
   352.034293196171       0.824436331479626     
 Maximum error:  2.811118578392779E-003
 --------------------------------
 mdot from spherical  3.429623333533371E-007
 max temp   4871.61420351628     
 max dissrate   998.329581040929     
 Lv_adj  0.000000000000000E+000
   352.034293411186       0.824436330455604     
 Maximum error:  4.440892098500626E-016
  0.000000000000000E+000
  0.000000000000000E+000
   352.034293411186     
  3.429623333533371E-007

[CVODE ERROR]  CVode
  At t = 0 and h = -4.85279e-20, the corrector convergence test failed repeatedly or with |h| = hmin.

Chi ref: -0.73
 --------------------------------
 mdot from spherical  3.628959922852373E-007
 max temp   2055.27501890800     
 max dissrate   998.047319705400     
 Lv_adj  0.000000000000000E+000
   351.929307779070       0.824936340286025     
 Maximum error:   2812.40022241679     
 --------------------------------
 mdot from spherical  3.320271945931425E-007
 max temp   4867.67524132479     
 max dissrate   998.244385704981     
 Lv_adj  0.000000000000000E+000
   352.013080764153       0.824534004858952     
 Maximum error:   3.76703025924053     
 --------------------------------
 mdot from spherical  3.425828233017059E-007
 max temp   4871.44227158403     
 max dissrate   998.244385705087     
 Lv_adj  0.000000000000000E+000
   352.029835361176       0.824453537773538     
 Maximum error:  4.708032596681733E-002
 --------------------------------
 mdot from spherical  3.421425493208283E-007
 max temp   4871.48935191000     
 max dissrate   998.244385705089     
 Lv_adj  0.000000000000000E+000
   352.033186280578       0.824437444356456     
 Maximum error:  4.708201149787783E-002
 --------------------------------
 mdot from spherical  3.427541719693691E-007
 max temp   4871.53643392149     
 max dissrate   998.244385705090     
 Lv_adj  0.000000000000000E+000
   352.033856464457       0.824434225673041     
 Maximum error:  4.708369674062851E-002
 --------------------------------
 mdot from spherical  3.428470544844863E-007
 max temp   4871.58351761823     
 max dissrate   998.244385705091     
 Lv_adj  0.000000000000000E+000
   352.033990501231       0.824433581936359     
 Maximum error:  1.177093736077950E-002
 --------------------------------
 mdot from spherical  3.429047954997368E-007
 max temp   4871.59528855560     
 max dissrate   998.244385705091     
 Lv_adj  0.000000000000000E+000
   352.034017308593       0.824433453189019     
 Maximum error:  1.177104264843365E-002
 --------------------------------
 mdot from spherical  3.429223897861156E-007
 max temp   4871.60705959824     
 max dissrate   998.244385705091     
 Lv_adj  0.000000000000000E+000
   352.034022670063       0.824433427439552     
 Maximum error:  2.942761479062028E-003
 --------------------------------
 mdot from spherical  3.429295914497615E-007
 max temp   4871.61000235972     
 max dissrate   998.244385705091     
 Lv_adj  0.000000000000000E+000
   352.034023742355       0.824433422289659     
 Maximum error:  2.942768059256196E-003
 --------------------------------
 mdot from spherical  3.429321812634957E-007
 max temp   4871.61294512778     
 max dissrate   998.244385705091     
 Lv_adj  0.000000000000000E+000
   352.034023956818       0.824433421259679     
 Maximum error:  2.942774637631373E-003
 --------------------------------
 mdot from spherical  3.429331874652994E-007
 max temp   4871.61588790242     
 max dissrate   998.244385705091     
 Lv_adj  0.000000000000000E+000
   352.034023999705       0.824433421053686     
 Maximum error:  4.440892098500626E-016
  0.000000000000000E+000
  0.000000000000000E+000
   352.034023999705     
  3.429331874652994E-007

[CVODE ERROR]  CVode
  At t = 0 and h = -5.08006e-20, the corrector convergence test failed repeatedly or with |h| = hmin.

Chi ref: -0.67
 --------------------------------
 mdot from spherical  3.628959922852373E-007
 max temp   2055.27501890800     
 max dissrate   998.047319705400     
 Lv_adj  0.000000000000000E+000
   351.929307779070       0.824936340286025     
 Maximum error:   2834.37969603897     
 --------------------------------
 mdot from spherical  3.328733814813309E-007
 max temp   4870.97590270197     
 max dissrate   998.082479872552     
 Lv_adj  0.000000000000000E+000
   352.012674825729       0.824529639803914     
 Maximum error:  0.276516557333707     
 --------------------------------
 mdot from spherical  3.434380083305217E-007
 max temp   4871.25241925931     
 max dissrate   998.082479872559     
 Lv_adj  0.000000000000000E+000
   352.029348235058       0.824448299707494     
 Maximum error:  0.276489933585253     
 --------------------------------
 mdot from spherical  3.430551402175461E-007
 max temp   4871.52890919289     
 max dissrate   998.082479872567     
 Lv_adj  0.000000000000000E+000
   352.032682916930       0.824432031688207     
 Maximum error:  6.910179616079404E-002
 --------------------------------
 mdot from spherical  3.436794050862041E-007
 max temp   4871.59801098905     
 max dissrate   998.082479872569     
 Lv_adj  0.000000000000000E+000
   352.033349853303       0.824428778084350     
 Maximum error:  1.727415676123201E-002
 --------------------------------
 mdot from spherical  3.437779284617510E-007
 max temp   4871.61528514581     
 max dissrate   998.082479872569     
 Lv_adj  0.000000000000000E+000
   352.033483240576       0.824428127363580     
 Maximum error:  4.440892098500626E-016
  0.000000000000000E+000
  0.000000000000000E+000
   352.033483240576     
  3.437779284617510E-007

[CVODE ERROR]  CVode
  At t = 0 and h = -7.42255e-20, the corrector convergence test failed repeatedly or with |h| = hmin.

Chi ref: -0.6
 --------------------------------
 mdot from spherical  3.628959922852373E-007
 max temp   2055.27501890800     
 max dissrate   998.047319705400     
 Lv_adj  0.000000000000000E+000
   351.929307779070       0.824936340286025     
 Maximum error:   2858.01375365394     
 --------------------------------
 mdot from spherical  3.234118260506650E-007
 max temp   4864.32579388594     
 max dissrate   998.073725554554     
 Lv_adj  0.000000000000000E+000
   352.012653042501       0.824529405567409     
 Maximum error:   5.77893992179543     
 --------------------------------
 mdot from spherical  3.335223856733448E-007
 max temp   4870.10473380773     
 max dissrate   998.073725554715     
 Lv_adj  0.000000000000000E+000
   352.029322095184       0.824448018623693     
 Maximum error:   1.46428306187136     
 --------------------------------
 mdot from spherical  3.326008090808016E-007
 max temp   4871.56901686960     
 max dissrate   998.073725554756     
 Lv_adj  0.000000000000000E+000
   352.032655905719       0.824431741234952     
 Maximum error:  1.827066242549336E-002
 --------------------------------
 mdot from spherical  3.330636710419336E-007
 max temp   4871.58728753203     
 max dissrate   998.073725554756     
 Lv_adj  0.000000000000000E+000
   352.033322667833       0.824428485757200     
 Maximum error:  1.827052197586454E-002
 --------------------------------
 mdot from spherical  3.330976796787988E-007
 max temp   4871.60555805401     
 max dissrate   998.073725554757     
 Lv_adj  0.000000000000000E+000
   352.033456020254       0.824427834661651     
 Maximum error:  4.567534341731516E-003
 --------------------------------
 mdot from spherical  3.331340928580241E-007
 max temp   4871.61012558835     
 max dissrate   998.073725554757     
 Lv_adj  0.000000000000000E+000
   352.033482690736       0.824427704442542     
 Maximum error:  4.567525564198149E-003
 --------------------------------
 mdot from spherical  3.331436910784484E-007
 max temp   4871.61469311391     
 max dissrate   998.073725554757     
 Lv_adj  0.000000000000000E+000
   352.033488024831       0.824427678398721     
 Maximum error:  5.551115123125783E-017
  0.000000000000000E+000
  0.000000000000000E+000
   352.033488024831     
  3.331436910784484E-007

[CVODE ERROR]  CVode
  At t = 0 and h = -7.76214e-20, the corrector convergence test failed repeatedly or with |h| = hmin.

Chi ref: -0.53
 --------------------------------
 mdot from spherical  3.628959922852373E-007
 max temp   2055.27501890800     
 max dissrate   998.047319705400     
 Lv_adj  0.000000000000000E+000
   351.929307779070       0.824936340286025     
 Maximum error:   2920.19215062655     
 --------------------------------
 mdot from spherical  4.094949197776139E-007
 max temp   4846.96756186355     
 max dissrate   998.283590145547     
 Lv_adj  0.000000000000000E+000
   352.013179731305       0.824535069060430     
 Maximum error:   20.4309247630235     
 --------------------------------
 mdot from spherical  4.321193101199341E-007
 max temp   4867.39848662657     
 max dissrate   998.283590146110     
 Lv_adj  0.000000000000000E+000
   352.029954121759       0.824454814815327     
 Maximum error:   4.16230069499943     
 --------------------------------
 mdot from spherical  4.402969221507790E-007
 max temp   4871.56078732157     
 max dissrate   998.283590146222     
 Lv_adj  0.000000000000000E+000
   352.033308999848       0.824438763966311     
 Maximum error:  1.869408284073870E-002
 --------------------------------
 mdot from spherical  4.431022840584508E-007
 max temp   4871.57948140441     
 max dissrate   998.283590146223     
 Lv_adj  0.000000000000000E+000
   352.033979975464       0.824435553796509     
 Maximum error:  1.869323407663614E-002
 --------------------------------
 mdot from spherical  4.441862501315311E-007
 max temp   4871.59817463849     
 max dissrate   998.283590146223     
 Lv_adj  0.000000000000000E+000
   352.034114170586       0.824434911762549     
 Maximum error:  4.673033174185548E-003
 --------------------------------
 mdot from spherical  4.445828061291049E-007
 max temp   4871.60284767166     
 max dissrate   998.283590146223     
 Lv_adj  0.000000000000000E+000
   352.034141009617       0.824434783355754     
 Maximum error:  4.672980133364035E-003
 --------------------------------
 mdot from spherical  4.447338496186825E-007
 max temp   4871.60752065180     
 max dissrate   998.283590146223     
 Lv_adj  0.000000000000000E+000
   352.034146377421       0.824434757674396     
 Maximum error:  4.672927092542523E-003
 --------------------------------
 mdot from spherical  4.447913788642056E-007
 max temp   4871.61219357889     
 max dissrate   998.283590146224     
 Lv_adj  0.000000000000000E+000
   352.034147450980       0.824434752538126     
 Maximum error:  9.094947017729282E-013
  0.000000000000000E+000
  0.000000000000000E+000
   352.034147450980     
  4.447913788642056E-007

[CVODE ERROR]  CVode
  At t = 0 and h = -7.75523e-20, the corrector convergence test failed repeatedly or with |h| = hmin.

Chi ref: -0.47
 --------------------------------
 mdot from spherical  3.628959922852373E-007
 max temp   2055.27501890800     
 max dissrate   998.047319705400     
 Lv_adj  0.000000000000000E+000
   351.929307779070       0.824936340286025     
 Maximum error:   2899.92590092803     
 --------------------------------
 mdot from spherical  3.301614719404375E-007
 max temp   4848.26209460603     
 max dissrate   998.338873664404     
 Lv_adj  0.000000000000000E+000
   352.013320156367       0.824536579022698     
 Maximum error:   20.5190186686259     
 --------------------------------
 mdot from spherical  3.409063298064443E-007
 max temp   4868.78111327465     
 max dissrate   998.338873664976     
 Lv_adj  0.000000000000000E+000
   352.030122631825       0.824456626770052     
 Maximum error:   2.13368576379162     
 --------------------------------
 mdot from spherical  3.403866928452758E-007
 max temp   4870.91479903845     
 max dissrate   998.338873665035     
 Lv_adj  0.000000000000000E+000
   352.033483126914       0.824440636319526     
 Maximum error:  0.700901291902483     
 --------------------------------
 mdot from spherical  3.409973430532401E-007
 max temp   4871.61570033035     
 max dissrate   998.338873665054     
 Lv_adj  0.000000000000000E+000
   352.034155225930       0.824437438229423     
 Maximum error:  4.440892098500626E-016
 --------------------------------
 mdot from spherical  3.410819774989007E-007
 max temp   4871.61570033035     
 max dissrate   998.338873665054     
 Lv_adj  0.000000000000000E+000
   352.034289645741       0.824436798611399     
 Maximum error:  6.776263578034403E-021
  0.000000000000000E+000
  0.000000000000000E+000
   352.034289645741     
  3.410819774989007E-007

[CVODE ERROR]  CVode
  At t = 0 and h = -4.58337e-20, the corrector convergence test failed repeatedly or with |h| = hmin.


[CVODE ERROR]  CVode
  At t = 0 and h = -4.58337e-20, the corrector convergence test failed repeatedly or with |h| = hmin.

Chi ref: -0.4
 --------------------------------
 mdot from spherical  3.628959922852373E-007
 max temp   2055.27501890800     
 max dissrate   998.047319705400     
 Lv_adj  0.000000000000000E+000
   351.929307779070       0.824936340286025     
 Maximum error:   2798.60870728787     
 --------------------------------
 mdot from spherical  3.323941751521093E-007
 max temp   4835.20491395087     
 max dissrate   998.179855616487     
 Lv_adj  0.000000000000000E+000
   352.012918188830       0.824532256697721     
 Maximum error:   35.3823693173663     
 --------------------------------
 mdot from spherical  3.433312436461821E-007
 max temp   4870.58728326824     
 max dissrate   998.179855617501     
 Lv_adj  0.000000000000000E+000
   352.029640270791       0.824451439980091     
 Maximum error:  0.357620093095647     
 --------------------------------
 mdot from spherical  3.429174662298078E-007
 max temp   4870.94490336133     
 max dissrate   998.179855617511     
 Lv_adj  0.000000000000000E+000
   352.032984687181       0.824435276636566     
 Maximum error:  0.357575293618538     
 --------------------------------
 mdot from spherical  3.435639271151075E-007
 max temp   4871.30247865495     
 max dissrate   998.179855617521     
 Lv_adj  0.000000000000000E+000
   352.033653570457       0.824432043967863     
 Maximum error:  8.935920710700884E-002
 --------------------------------
 mdot from spherical  3.436649002326611E-007
 max temp   4871.39183786206     
 max dissrate   998.179855617523     
 Lv_adj  0.000000000000000E+000
   352.033787347111       0.824431397434123     
 Maximum error:  8.935640771960607E-002
 --------------------------------
 mdot from spherical  3.437273258993388E-007
 max temp   4871.48119426978     
 max dissrate   998.179855617526     
 Lv_adj  0.000000000000000E+000
   352.033814102440       0.824431268127376     
 Maximum error:  8.935360775558365E-002
 --------------------------------
 mdot from spherical  3.437471251533600E-007
 max temp   4871.57054787753     
 max dissrate   998.179855617528     
 Lv_adj  0.000000000000000E+000
   352.033819453513       0.824431242266023     
 Maximum error:  2.233624004566082E-002
 --------------------------------
 mdot from spherical  3.437551126624491E-007
 max temp   4871.59288411758     
 max dissrate   998.179855617529     
 Lv_adj  0.000000000000000E+000
   352.033820523725       0.824431237093754     
 Maximum error:  2.233606505706121E-002
 --------------------------------
 mdot from spherical  3.437581887993701E-007
 max temp   4871.61522018264     
 max dissrate   998.179855617529     
 Lv_adj  0.000000000000000E+000
   352.033820737763       0.824431236059302     
 Maximum error:  4.440892098500626E-016
  0.000000000000000E+000
  0.000000000000000E+000
   352.033820737763     
  3.437581887993701E-007

[CVODE ERROR]  CVode
  At t = 0 and h = -9.60638e-20, the corrector convergence test failed repeatedly or with |h| = hmin.

Chi ref: -0.33
 --------------------------------
 mdot from spherical  3.628959922852373E-007
 max temp   2055.27501890800     
 max dissrate   998.047319705400     
 Lv_adj  0.000000000000000E+000
   351.929307779070       0.824936340286025     
 Maximum error:   2804.85038164463     
 --------------------------------
 mdot from spherical  3.325840985057331E-007
 max temp   4841.44658830763     
 max dissrate   998.153129573807     
 Lv_adj  0.000000000000000E+000
   352.012851299026       0.824531537428130     
 Maximum error:   29.7423141235813     
 --------------------------------
 mdot from spherical  3.434735144684560E-007
 max temp   4871.18890243121     
 max dissrate   998.153129574656     
 Lv_adj  0.000000000000000E+000
   352.029560003016       0.824450576856581     
 Maximum error:  0.393658064863303     
 --------------------------------
 mdot from spherical  3.430725777087782E-007
 max temp   4871.58256049607     
 max dissrate   998.153129574667     
 Lv_adj  0.000000000000000E+000
   352.032901743821       0.824434384742268     
 Maximum error:  2.459136780453264E-002
 --------------------------------
 mdot from spherical  3.437143971285356E-007
 max temp   4871.60715186388     
 max dissrate   998.153129574667     
 Lv_adj  0.000000000000000E+000
   352.033570091980       0.824431146319407     
 Maximum error:  6.147678198431095E-003
 --------------------------------
 mdot from spherical  3.438150613580734E-007
 max temp   4871.61329954207     
 max dissrate   998.153129574668     
 Lv_adj  0.000000000000000E+000
   352.033703761610       0.824430498634835     
 Maximum error:  1.654361225106055E-024
  0.000000000000000E+000
  0.000000000000000E+000
   352.033703761610     
  3.438150613580734E-007

[CVODE ERROR]  CVode
  At t = 0 and h = -1.05763e-19, the corrector convergence test failed repeatedly or with |h| = hmin.

Chi ref: -0.27
 --------------------------------
 mdot from spherical  3.628959922852373E-007
 max temp   2055.27501890800     
 max dissrate   998.047319705400     
 Lv_adj  0.000000000000000E+000
   351.929307779070       0.824936340286025     
 Maximum error:   2015.09592692249     
 --------------------------------
 mdot from spherical  3.470331707208062E-007
 max temp   4051.69213358549     
 max dissrate   998.227930305177     
 Lv_adj  0.000000000000000E+000
   352.013039157491       0.824533557417998     
 Maximum error:   56.1448535860891     
 --------------------------------
 mdot from spherical  3.588207158433042E-007
 max temp   3995.54727999940     
 max dissrate   998.227930331545     
 Lv_adj  0.000000000000000E+000
   352.029785433262       0.824453000845266     
 Maximum error:   366.945165062421     
 --------------------------------
 mdot from spherical  3.541541266973910E-007
 max temp   3628.60211493698     
 max dissrate   998.227930529236     
 Lv_adj  0.000000000000000E+000
   352.033134689044       0.824436889537498     
 Maximum error:   1.85888962428908     
 --------------------------------
 mdot from spherical  3.550890190964180E-007
 max temp   3626.74322531269     
 max dissrate   22274718.6243295     
 Lv_adj  0.000000000000000E+000
   352.033804540204       0.824433667275997     
 Maximum error:  1.281671939651119E-003
 --------------------------------
 mdot from spherical  3.549655120440408E-007
 max temp   3626.74322531268     
 max dissrate   23513367.7150615     
 Lv_adj  0.000000000000000E+000
   352.033938510434       0.824433022823698     
 Maximum error:  3.574083142780182E-003
 --------------------------------
 mdot from spherical  3.550007243003093E-007
 max temp   3626.74322531265     
 max dissrate   26935055.7875160     
 Lv_adj  0.000000000000000E+000
   352.033965304487       0.824432893933235     
 Maximum error:  3.894662311594743E-003
 --------------------------------
 mdot from spherical  3.549999322404820E-007
 max temp   3626.74322531261     
 max dissrate   31451056.0428464     
 Lv_adj  0.000000000000000E+000
   352.033970663296       0.824432868155143     
 Maximum error:  4.275721213872430E-003
 --------------------------------
 mdot from spherical  3.550020382714048E-007
 max temp   3626.74322531259     
 max dissrate   37322533.2200360     
 Lv_adj  0.000000000000000E+000
   352.033971735056       0.824432862999526     
 Maximum error:  4.738615087504172E-003
 --------------------------------
 mdot from spherical  3.550024191649439E-007
 max temp   3626.74322531256     
 max dissrate   45972697.3819441     
 Lv_adj  0.000000000000000E+000
   352.033971949403       0.824432861968404     
 Maximum error:  3.092321470404613E-003
 --------------------------------
 mdot from spherical  3.550026347088832E-007
 max temp   3626.74322531255     
 max dissrate   52333917.7780936     
 Lv_adj  0.000000000000000E+000
   352.033971992275       0.824432861762179     
 Maximum error:  3.382853836413346E-003
 --------------------------------
 mdot from spherical  3.550027081125674E-007
 max temp   3626.74322531254     
 max dissrate   61693300.9475410     
 Lv_adj  0.000000000000000E+000
   352.033972000848       0.824432861720934     
 Maximum error:  3.710506464216223E-003
 --------------------------------
 mdot from spherical  3.550027430509144E-007
 max temp   3626.74322531253     
 max dissrate   73648863.2286750     
 Lv_adj  0.000000000000000E+000
   352.033972002569       0.824432861712682     
 Maximum error:  4.208564198904696E-003
 --------------------------------
 mdot from spherical  3.550027621382634E-007
 max temp   3626.74322531252     
 max dissrate   90828709.9626703     
 Lv_adj  0.000000000000000E+000
   352.033972002910       0.824432861711033     
 Maximum error:  5.095495207797285E-003
 --------------------------------
 mdot from spherical  3.550027772815182E-007
 max temp   3626.74322531252     
 max dissrate   120628823.136388     
 Lv_adj  0.000000000000000E+000
   352.033972002976       0.824432861710705     
 Maximum error:  6.492057307539767E-003
 --------------------------------
 mdot from spherical  3.550027932301189E-007
 max temp   3626.74322531252     
 max dissrate   179700665.091986     
 Lv_adj  0.000000000000000E+000
   352.033972002994       0.824432861710637     
 Maximum error:  1.494972459653354E-003
 --------------------------------
 mdot from spherical  3.550027978062636E-007
 max temp   3626.74322531252     
 max dissrate   200851657.316566     
 Lv_adj  0.000000000000000E+000
   352.033972002994       0.824432861710637     
 Maximum error:  1.578907591465395E-003
 --------------------------------
 mdot from spherical  3.550028024756016E-007
 max temp   3626.74322531252     
 max dissrate   222056467.844679     
 Lv_adj  0.000000000000000E+000
   352.033972002994       0.824432861710637     
 Maximum error:  1.761486237981558E-003
 --------------------------------
 mdot from spherical  3.550028067922959E-007
 max temp   3626.74322531252     
 max dissrate   269664125.441815     
 Lv_adj  0.000000000000000E+000
   352.033972002994       0.824432861710637     
 Maximum error:  1.872626302272806E-003
 --------------------------------
 mdot from spherical  3.550028112038769E-007
 max temp   3626.74322531252     
 max dissrate   327138598.954811     
 Lv_adj  0.000000000000000E+000
   352.033972002994       0.824432861710637     
 Maximum error:  2.261144719099661E-003
 --------------------------------
 mdot from spherical  3.550028163949266E-007
 max temp   3626.74322531253     
 max dissrate   423060677.547097     
 Lv_adj  0.000000000000000E+000
   352.033972002994       0.824432861710637     
 Maximum error:  2.637099392913456E-003
 --------------------------------
 mdot from spherical  3.550028223853961E-007
 max temp   3626.74322531253     
 max dissrate   604666758.721300     
 Lv_adj  0.000000000000000E+000
   352.033972002994       0.824432861710637     
 Maximum error:  2.080469130305573E-010
  0.000000000000000E+000
  0.000000000000000E+000
   352.033972002994     
  3.550028223853961E-007

[CVODE ERROR]  CVode
  At t = 0 and h = -6.15261e-28, the corrector convergence test failed repeatedly or with |h| = hmin.

Chi ref: -0.2
 --------------------------------
 mdot from spherical  3.628959922852373E-007
 max temp   2055.27501890800     
 max dissrate   998.047319705400     
 Lv_adj  0.000000000000000E+000
   351.929307779070       0.824936340286025     
 Maximum error:   2797.64028809854     
 --------------------------------
 mdot from spherical  3.325340978330577E-007
 max temp   4834.23649476154     
 max dissrate   998.235173424282     
 Lv_adj  0.000000000000000E+000
   352.013057380195       0.824533753393617     
 Maximum error:   32.2563929014341     
 --------------------------------
 mdot from spherical  3.434430276538737E-007
 max temp   4866.49288766297     
 max dissrate   998.235173425208     
 Lv_adj  0.000000000000000E+000
   352.029807300428       0.824453236015164     
 Maximum error:   4.57104171079300     
 --------------------------------
 mdot from spherical  3.430894333135193E-007
 max temp   4871.06392937376     
 max dissrate   998.235173425337     
 Lv_adj  0.000000000000000E+000
   352.033157284473       0.824437132539478     
 Maximum error:  0.505741188528191     
 --------------------------------
 mdot from spherical  3.437379630241624E-007
 max temp   4871.56967056229     
 max dissrate   998.235173425351     
 Lv_adj  0.000000000000000E+000
   352.033827281280       0.824433911844343     
 Maximum error:  3.158858830192912E-002
 --------------------------------
 mdot from spherical  3.438421095506279E-007
 max temp   4871.60125915059     
 max dissrate   998.235173425352     
 Lv_adj  0.000000000000000E+000
   352.033961280640       0.824433267705316     
 Maximum error:  7.896876878476178E-003
 --------------------------------
 mdot from spherical  3.439044408992067E-007
 max temp   4871.60915602747     
 max dissrate   998.235173425353     
 Lv_adj  0.000000000000000E+000
   352.033988080518       0.824433138877508     
 Maximum error:  1.110223024625157E-016
  0.000000000000000E+000
  0.000000000000000E+000
   352.033988080518     
  3.439044408992067E-007

[CVODE ERROR]  CVode
  At t = 0 and h = -1.35856e-19, the corrector convergence test failed repeatedly or with |h| = hmin.

Chi ref: -0.13
 --------------------------------
 mdot from spherical  3.628959922852373E-007
 max temp   2055.27501890800     
 max dissrate   998.047319705400     
 Lv_adj  0.000000000000000E+000
   351.929307779070       0.824936340286025     
 Maximum error:   2803.63324152944     
 --------------------------------
 mdot from spherical  3.319337419164162E-007
 max temp   4858.90826043744     
 max dissrate   998.274750901782     
 Lv_adj  0.000000000000000E+000
   352.013157380698       0.824534828711068     
 Maximum error:   12.1601694974715     
 --------------------------------
 mdot from spherical  3.425886370152196E-007
 max temp   4871.06842993492     
 max dissrate   998.274750902128     
 Lv_adj  0.000000000000000E+000
   352.029927301031       0.824454526396086     
 Maximum error:  0.446307232421532     
 --------------------------------
 mdot from spherical  3.421472354752938E-007
 max temp   4871.51473716734     
 max dissrate   998.274750902140     
 Lv_adj  0.000000000000000E+000
   352.033281285095       0.824438465933090     
 Maximum error:  2.789222381943546E-002
 --------------------------------
 mdot from spherical  3.427640740614283E-007
 max temp   4871.54262939116     
 max dissrate   998.274750902141     
 Lv_adj  0.000000000000000E+000
   352.033952081906       0.824435253840492     
 Maximum error:  2.789281520927034E-002
 --------------------------------
 mdot from spherical  3.428576716466765E-007
 max temp   4871.57052220637     
 max dissrate   998.274750902142     
 Lv_adj  0.000000000000000E+000
   352.034086241266       0.824434611421973     
 Maximum error:  2.789340653998806E-002
 --------------------------------
 mdot from spherical  3.429161463602358E-007
 max temp   4871.59841561291     
 max dissrate   998.274750902143     
 Lv_adj  0.000000000000000E+000
   352.034113073146       0.824434482938267     
 Maximum error:  6.973356243179296E-003
 --------------------------------
 mdot from spherical  3.429338282446802E-007
 max temp   4871.60538896915     
 max dissrate   998.274750902143     
 Lv_adj  0.000000000000000E+000
   352.034118439520       0.824434457241526     
 Maximum error:  6.973393191401556E-003
 --------------------------------
 mdot from spherical  3.429411587853644E-007
 max temp   4871.61236236234     
 max dissrate   998.274750902143     
 Lv_adj  0.000000000000000E+000
   352.034119512792       0.824434452102179     
 Maximum error:  1.110223024625157E-016
  0.000000000000000E+000
  0.000000000000000E+000
   352.034119512792     
  3.429411587853644E-007

[CVODE ERROR]  CVode
  At t = 0 and h = -1.20381e-19, the corrector convergence test failed repeatedly or with |h| = hmin.

Chi ref: -0.07
 --------------------------------
 mdot from spherical  3.628959922852373E-007
 max temp   2055.27501890800     
 max dissrate   998.047319705400     
 Lv_adj  0.000000000000000E+000
   351.929307779070       0.824936340286025     
 Maximum error:   2808.59234693193     
 --------------------------------
 mdot from spherical  3.319523901967373E-007
 max temp   4863.86736583993     
 max dissrate   998.129420304582     
 Lv_adj  0.000000000000000E+000
   352.012791896644       0.824530898673155     
 Maximum error:   7.41081321164165     
 --------------------------------
 mdot from spherical  3.425469714459234E-007
 max temp   4871.27817905157     
 max dissrate   998.129420304792     
 Lv_adj  0.000000000000000E+000
   352.029488720156       0.824449810350589     
 Maximum error:  0.152038149633881     
 --------------------------------
 mdot from spherical  3.421031317568642E-007
 max temp   4871.43021720121     
 max dissrate   998.129420304796     
 Lv_adj  0.000000000000000E+000
   352.032828084865       0.824433592686073     
 Maximum error:  0.152055739414209     
 --------------------------------
 mdot from spherical  3.427177718376136E-007
 max temp   4871.58227294062     
 max dissrate   998.129420304801     
 Lv_adj  0.000000000000000E+000
   352.033495957805       0.824430349153171     
 Maximum error:  9.503252420472563E-003
 --------------------------------
 mdot from spherical  3.428102646008192E-007
 max temp   4871.59177619304     
 max dissrate   998.129420304801     
 Lv_adj  0.000000000000000E+000
   352.033629532391       0.824429700446591     
 Maximum error:  9.503321040938317E-003
 --------------------------------
 mdot from spherical  3.428681892878824E-007
 max temp   4871.60127951408     
 max dissrate   998.129420304801     
 Lv_adj  0.000000000000000E+000
   352.033656247307       0.824429570705276     
 Maximum error:  9.503389658675587E-003
 --------------------------------
 mdot from spherical  3.428857720309642E-007
 max temp   4871.61078290374     
 max dissrate   998.129420304801     
 Lv_adj  0.000000000000000E+000
   352.033661590288       0.824429544757014     
 Maximum error:  4.440892098500626E-016
  0.000000000000000E+000
  0.000000000000000E+000
   352.033661590288     
  3.428857720309642E-007

[CVODE ERROR]  CVode
  At t = 0 and h = -1.64056e-19, the corrector convergence test failed repeatedly or with |h| = hmin.

Traceback (most recent call last):
  File "/home/ps1639/ess_curve_gen/Scurvegen.py", line 22, in <module>
    chi = round(1/((inv_chimax-inv_chimin)/n*i + inv_chimin),2)
                ~^^~~~~~~~~~~~~~~~~~~~~~~~~~~~~~~~~~~~~~~~~~
ZeroDivisionError: float division by zero
