 
:: WARNING: setvars.sh has already been run. Skipping re-execution.
   To force a re-execution of setvars.sh, use the '--force' option.
   Using '--force' can result in excessive use of your environment variables.
  
usage: source setvars.sh [--force] [--config=file] [--help] [...]
  --force        Force setvars.sh to re-run, doing so may overload environment.
  --config=file  Customize env vars using a setvars.sh configuration file.
  --help         Display this help message and exit.
  ...            Additional args are passed to individual env/vars.sh scripts
                 and should follow this script's arguments.
  
  Some POSIX shells do not accept command-line options. In that case, you can pass
  command-line options via the SETVARS_ARGS environment variable. For example:
  
  $ SETVARS_ARGS="ia32 --config=config.txt" ; export SETVARS_ARGS
  $ . path/to/setvars.sh
  
  The SETVARS_ARGS environment variable is cleared on exiting setvars.sh.
  
Loading intel-mkl/2024.2
  Loading requirement: intel-tbb/2021.13 intel-rt/2024.2
Chi ref: 50.0
 Maximum difference:   1326.55173438699     
 Maximum difference:   3972.79955136029     
 Maximum difference:   632.142718378788     
 Maximum difference:   1247.56147169790     
 Maximum difference:   1374.58598971198     
 Maximum difference:   1465.28614189728     
 Maximum difference:   1480.50147084235     
 Maximum difference:   1386.73549608591     
 Maximum difference:   1173.83005802122     
 Maximum difference:   875.644164488449     
 Maximum difference:   564.782031693525     
 Maximum difference:   311.930375442294     
 Maximum difference:   147.680106829579     
 Maximum difference:   61.0042765152575     
 Maximum difference:   23.1065577030276     
 Maximum difference:   9.26811783831727     
 Maximum difference:   4.89682582272508     
 Maximum difference:   3.33324760742835     
 Maximum difference:   2.62088047083671     
 Maximum difference:   1.92329838943988     
 Maximum difference:   1.20453071806696     
 Maximum difference:  0.912259811622789     
 Maximum difference:  0.594122659065761     
 Maximum difference:  0.380921810850850     
 Maximum difference:  0.243468638025661     
 Maximum difference:  0.156141604053118     
 Maximum difference:  0.100665754689544     
 Maximum difference:  6.518851498185541E-002
 Maximum difference:  4.232599034003215E-002
 Maximum difference:  2.750931436821702E-002
 Maximum difference:  1.787857121598790E-002
 Maximum difference:  1.161369112378452E-002
 Maximum difference:  7.539964033639990E-003
 Maximum difference:  4.893151668511564E-003
 Maximum difference:  3.174717905494617E-003
 Maximum difference:  2.059607621049508E-003
 Maximum difference:  1.336197023192653E-003
 Maximum difference:  8.668071714055259E-004
 Maximum difference:  5.623409961117432E-004
 Maximum difference:  3.648219935712405E-004
 Maximum difference:  2.366796652495395E-004
 Maximum difference:  1.535416886326857E-004
 Maximum difference:  9.960348688764498E-005
 Maximum difference:  6.461156226578169E-005
 Maximum difference:  4.191299012745731E-005
 Maximum difference:  2.718481846386567E-005
 Maximum difference:  1.763150066835806E-005
 Maximum difference:  1.143738700193353E-005
 Maximum difference:  7.417827873723581E-006
 Maximum difference:  4.812001861864701E-006
 Maximum difference:  3.122175257885829E-006
 Maximum difference:  2.021573891397566E-006
 Maximum difference:  1.311826054006815E-006
 Maximum difference:  8.511415217071772E-007
Chi ref: 11.63
 Maximum difference:   1320.86012646286     
 Maximum difference:   4373.80757873667     
 Maximum difference:   167.056214435612     
 Maximum difference:   871.200979326894     
 Maximum difference:   968.120157142483     
 Maximum difference:   870.497687869502     
 Maximum difference:   667.127584677406     
 Maximum difference:   416.346073542825     
 Maximum difference:   199.887117286431     
 Maximum difference:   67.0632150738056     
 Maximum difference:   10.9989516435635     
 Maximum difference:   2.26780680805314     
 Maximum difference:  0.945882858390178     
 Maximum difference:   1.79296251825690     
 Maximum difference:   2.75558504254877     
 Maximum difference:   2.35032065870837     
 Maximum difference:   1.63114783994570     
 Maximum difference:  0.922224259273207     
 Maximum difference:  0.570087101239551     
 Maximum difference:  0.338238233322045     
 Maximum difference:  0.211304646330973     
 Maximum difference:  0.138485765939549     
 Maximum difference:  9.264889546830091E-002
 Maximum difference:  6.184066185232950E-002
 Maximum difference:  4.076083878862846E-002
 Maximum difference:  2.653643738631217E-002
 Maximum difference:  1.718549532961333E-002
 Maximum difference:  1.110815722131520E-002
 Maximum difference:  7.191628257714910E-003
 Maximum difference:  4.668798097554827E-003
 Maximum difference:  3.037421243789140E-003
 Maximum difference:  1.977795536731719E-003
 Maximum difference:  1.287465864152182E-003
 Maximum difference:  8.375869892915944E-004
 Maximum difference:  5.445947008411167E-004
 Maximum difference:  3.539767658367055E-004
 Maximum difference:  2.300631440448342E-004
 Maximum difference:  1.495408141636290E-004
 Maximum difference:  9.720970956550445E-005
 Maximum difference:  6.319468593574129E-005
 Maximum difference:  4.108130269742105E-005
 Maximum difference:  2.669502464414109E-005
 Maximum difference:  1.737179263727739E-005
 Maximum difference:  1.129466181737371E-005
 Maximum difference:  7.341035598074086E-006
 Maximum difference:  4.768637154484168E-006
 Maximum difference:  3.098330125794746E-006
 Maximum difference:  2.013517587329261E-006
 Maximum difference:  1.309421350015327E-006
 Maximum difference:  8.506267477059737E-007
Chi ref: 6.58
 Maximum difference:   1315.61891456371     
 Maximum difference:   4810.59213955424     
 Maximum difference:   116.201388218161     
 Maximum difference:   760.057715392968     
 Maximum difference:   831.283151356508     
 Maximum difference:   703.028345518304     
 Maximum difference:   476.282517267259     
 Maximum difference:   236.529469866951     
 Maximum difference:   69.8701225674522     
 Maximum difference:   5.30513359604720     
 Maximum difference:   13.5328047310541     
 Maximum difference:   5.70832632340898     
 Maximum difference:   1.38435804582150     
 Maximum difference:   3.59844418835382     
 Maximum difference:   3.04865310002060     
 Maximum difference:   1.73291341898403     
 Maximum difference:  0.814903480459179     
 Maximum difference:  0.404115583702151     
 Maximum difference:  0.227185486357484     
 Maximum difference:  0.159217463757159     
 Maximum difference:  0.120083112953580     
 Maximum difference:  8.674632639122137E-002
 Maximum difference:  5.840477918172837E-002
 Maximum difference:  3.728352425787307E-002
 Maximum difference:  2.329676963381644E-002
 Maximum difference:  1.467231069545960E-002
 Maximum difference:  9.445795716601424E-003
 Maximum difference:  6.194543539095321E-003
 Maximum difference:  4.088695368409390E-003
 Maximum difference:  2.688906706680427E-003
 Maximum difference:  1.755329742081813E-003
 Maximum difference:  1.139286523539340E-003
 Maximum difference:  7.379847393167438E-004
 Maximum difference:  4.786083190992940E-004
 Maximum difference:  3.111337246082257E-004
 Maximum difference:  2.026313723035855E-004
 Maximum difference:  1.320394530921476E-004
 Maximum difference:  8.599801003583707E-005
 Maximum difference:  5.596773371507879E-005
 Maximum difference:  3.639998976723291E-005
 Maximum difference:  2.366929038544185E-005
 Maximum difference:  1.539143340778537E-005
 Maximum difference:  1.001363125396892E-005
 Maximum difference:  6.514206688734703E-006
 Maximum difference:  4.239309419062920E-006
 Maximum difference:  2.757358743110672E-006
 Maximum difference:  1.792843249859288E-006
 Maximum difference:  1.165470166597515E-006
 Maximum difference:  7.595372153446078E-007
Chi ref: 4.59
 Maximum difference:   1310.84906075084     
 Maximum difference:   5176.28190616872     
 Maximum difference:   377.405237752146     
 Maximum difference:   667.843354880573     
 Maximum difference:   785.713428679092     
 Maximum difference:   677.558470818635     
 Maximum difference:   456.722184130938     
 Maximum difference:   211.016468861643     
 Maximum difference:   42.2162923432461     
 Maximum difference:   20.9831053066318     
 Maximum difference:   21.0551901160388     
 Maximum difference:   5.98488359291969     
 Maximum difference:   3.21138937243632     
 Maximum difference:   4.83949150109129     
 Maximum difference:   3.19977789082077     
 Maximum difference:   1.40800288735954     
 Maximum difference:  0.398606854514583     
 Maximum difference:  0.136405342145736     
 Maximum difference:  0.115844870940236     
 Maximum difference:  0.130388403984398     
 Maximum difference:  0.115150229316896     
 Maximum difference:  8.119203278238274E-002
 Maximum difference:  4.921286100307043E-002
 Maximum difference:  2.795534928100096E-002
 Maximum difference:  1.638619484492665E-002
 Maximum difference:  0.112647798484886     
 Maximum difference:  1.259219098028552E-002
 Maximum difference:  9.821439844017732E-003
 Maximum difference:  5.126135672071541E-003
 Maximum difference:  2.055995527371124E-003
 Maximum difference:  8.007758278836263E-004
 Maximum difference:  4.908580458504730E-004
 Maximum difference:  4.391886013763724E-004
 Maximum difference:  3.750973937712843E-004
 Maximum difference:  2.736032247412368E-004
 Maximum difference:  1.748988370309235E-004
 Maximum difference:  1.040172019202146E-004
 Maximum difference:  6.191744614625350E-005
 Maximum difference:  3.895593363267835E-005
 Maximum difference:  2.595915339043131E-005
 Maximum difference:  1.766440800565761E-005
 Maximum difference:  1.186290592158912E-005
 Maximum difference:  7.773940524202771E-006
 Maximum difference:  4.998232725483831E-006
 Maximum difference:  3.201778781658504E-006
 Maximum difference:  2.064361069642473E-006
 Maximum difference:  1.342654286418110E-006
 Maximum difference:  8.812030500848778E-007
Chi ref: 3.52
 Maximum difference:   1306.50432465694     
 Maximum difference:   5511.58388497066     
 Maximum difference:   590.446841704907     
 Maximum difference:   616.098502480259     
 Maximum difference:   767.513392459281     
 Maximum difference:   692.750535841252     
 Maximum difference:   487.990162868967     
 Maximum difference:   230.956309615875     
 Maximum difference:   39.8265573903072     
 Maximum difference:   32.8061936307304     
 Maximum difference:   28.7863642516340     
 Maximum difference:   7.21806429427852     
 Maximum difference:   4.83895019655756     
 Maximum difference:   6.37998557034825     
 Maximum difference:   3.64117163914852     
 Maximum difference:   1.13425176304463     
 Maximum difference:  7.594687530490773E-002
 Maximum difference:  0.134425685168026     
 Maximum difference:  6.988530499165790E-002
 Maximum difference:  0.152847652206219     
 Maximum difference:  0.138721675242778     
 Maximum difference:  8.683174546968075E-002
 Maximum difference:  4.342977774012979E-002
 Maximum difference:  2.045349585660006E-002
 Maximum difference:  1.172449132900510E-002
 Maximum difference:  8.744069920794573E-003
 Maximum difference:  6.882814891469025E-003
 Maximum difference:  4.972871817699343E-003
 Maximum difference:  3.238724735638243E-003
 Maximum difference:  1.974077407794539E-003
 Maximum difference:  1.195612657284073E-003
 Maximum difference:  7.561743777841912E-004
 Maximum difference:  5.024318661526195E-004
 Maximum difference:  3.402769025342423E-004
 Maximum difference:  2.276570539834211E-004
 Maximum difference:  1.487294348407886E-004
 Maximum difference:  9.550598406349309E-005
 Maximum difference:  6.121633850852959E-005
 Maximum difference:  3.961773927585455E-005
 Maximum difference:  2.581332773843314E-005
 Maximum difference:  1.693212925601983E-005
 Maximum difference:  1.110920948121930E-005
 Maximum difference:  7.256546268763486E-006
 Maximum difference:  4.719526259577833E-006
 Maximum difference:  3.061099050682969E-006
 Maximum difference:  1.986722054425627E-006
 Maximum difference:  1.294703906751238E-006
 Maximum difference:  8.490433174301870E-007
Chi ref: 2.86
 Maximum difference:   1302.50193545988     
 Maximum difference:   5814.45298541114     
 Maximum difference:   760.923054524631     
 Maximum difference:   573.776280028161     
 Maximum difference:   755.287506506216     
 Maximum difference:   721.595999434694     
 Maximum difference:   540.045612947193     
 Maximum difference:   276.418646242194     
 Maximum difference:   53.7433525520473     
 Maximum difference:   41.0328639268873     
 Maximum difference:   38.3826910221196     
 Maximum difference:   10.1096528122316     
 Maximum difference:   6.34396906346137     
 Maximum difference:   8.31859668849575     
 Maximum difference:   4.43275093107968     
 Maximum difference:  0.990654322630689     
 Maximum difference:  0.299163776272508     
 Maximum difference:  0.280630560240752     
 Maximum difference:  7.362280451707193E-002
 Maximum difference:  0.204295623254438     
 Maximum difference:  0.184127628478564     
 Maximum difference:  0.100648263248331     
 Maximum difference:  3.789737548322591E-002
 Maximum difference:  1.202644318163948E-002
 Maximum difference:  7.551009553026233E-003
 Maximum difference:  8.441079163276299E-003
 Maximum difference:  7.919738764030626E-003
 Maximum difference:  5.736355992667086E-003
 Maximum difference:  3.413517828448676E-003
 Maximum difference:  1.842112921622174E-003
 Maximum difference:  1.042621619490092E-003
 Maximum difference:  6.869983253636747E-004
 Maximum difference:  4.990166407878860E-004
 Maximum difference:  3.570861827029148E-004
 Maximum difference:  2.388850880379323E-004
 Maximum difference:  1.504878282503341E-004
 Maximum difference:  9.284586030844366E-005
 Maximum difference:  5.857478754478507E-005
 Maximum difference:  3.842602382064797E-005
 Maximum difference:  2.578050043666735E-005
 Maximum difference:  1.721434637147468E-005
 Maximum difference:  1.128008989326190E-005
 Maximum difference:  7.269844900292810E-006
 Maximum difference:  4.666167114919517E-006
 Maximum difference:  3.018160896317568E-006
 Maximum difference:  1.971518940990791E-006
 Maximum difference:  1.295738911721855E-006
 Maximum difference:  8.491188054904342E-007
Chi ref: 2.4
 Maximum difference:   1298.97010421275     
 Maximum difference:   6079.76431209182     
 Maximum difference:   920.384806253934     
 Maximum difference:   476.441203492318     
 Maximum difference:   703.296923518160     
 Maximum difference:   748.455815588339     
 Maximum difference:   652.097152288383     
 Maximum difference:   379.461496843827     
 Maximum difference:   97.9402821307385     
 Maximum difference:   47.6548082220615     
 Maximum difference:   56.5391678753640     
 Maximum difference:   18.1090428613852     
 Maximum difference:   7.61362332301724     
 Maximum difference:   11.8472650549520     
 Maximum difference:   6.30936195298091     
 Maximum difference:   1.08474172584465     
 Maximum difference:  0.843287753254117     
 Maximum difference:  0.669207159144207     
 Maximum difference:  4.902695349574060E-002
 Maximum difference:  0.301974435371449     
 Maximum difference:  0.265985643693057     
 Maximum difference:  0.125823559167657     
 Maximum difference:  2.969990465226147E-002
 Maximum difference:  1.357633440420614E-003
 Maximum difference:  2.920721445661911E-003
 Maximum difference:  1.000404717342462E-002
 Maximum difference:  1.087502008704178E-002
 Maximum difference:  7.464522206646507E-003
 Maximum difference:  3.780381514843612E-003
 Maximum difference:  1.639229973079637E-003
 Maximum difference:  8.612177289251122E-004
 Maximum difference:  6.788166801925399E-004
 Maximum difference:  5.833058630742016E-004
 Maximum difference:  4.367463679955108E-004
 Maximum difference:  2.787213916235487E-004
 Maximum difference:  1.605783063496347E-004
 Maximum difference:  9.270141254091868E-005
 Maximum difference:  5.900904398004059E-005
 Maximum difference:  4.125718078284990E-005
 Maximum difference:  2.916709217970492E-005
 Maximum difference:  1.965499541256577E-005
 Maximum difference:  1.254187282029307E-005
 Maximum difference:  7.799919330864213E-006
 Maximum difference:  4.918530066788662E-006
 Maximum difference:  3.211230250599328E-006
 Maximum difference:  2.159114956157282E-006
 Maximum difference:  1.443995643057860E-006
 Maximum difference:  9.449258868698962E-007
Chi ref: 2.07
 Maximum difference:   1286.89297676524     
 Maximum difference:   6327.09844134151     
 Maximum difference:   1043.64455195933     
 Maximum difference:   381.488565004307     
 Maximum difference:   656.442454858895     
 Maximum difference:   727.368330050604     
 Maximum difference:   752.152673035460     
 Maximum difference:   599.052421350941     
 Maximum difference:   208.693297947621     
 Maximum difference:   124.163622350182     
 Maximum difference:   141.303545394735     
 Maximum difference:   41.7771083867683     
 Maximum difference:   20.6568330423352     
 Maximum difference:   28.2470601844789     
 Maximum difference:   12.9251309023739     
 Maximum difference:  0.947838840926579     
 Maximum difference:   3.68107591274202     
 Maximum difference:   2.10531895221084     
 Maximum difference:  0.150636353755090     
 Maximum difference:  0.766898787025639     
 Maximum difference:  0.597599966197777     
 Maximum difference:  0.189838552511901     
 Maximum difference:  3.495894750267325E-002
 Maximum difference:  6.081499776519195E-002
 Maximum difference:  1.426386488401477E-002
 Maximum difference:  1.951907029524591E-002
 Maximum difference:  2.333406546495098E-002
 Maximum difference:  1.290181895001297E-002
 Maximum difference:  3.527801216478110E-003
 Maximum difference:  2.381593412792427E-004
 Maximum difference:  9.952002983482089E-005
 Maximum difference:  7.018827782303561E-004
 Maximum difference:  9.607903739379253E-004
 Maximum difference:  7.085119186740485E-004
 Maximum difference:  3.548445001797518E-004
 Maximum difference:  1.357693408863270E-004
 Maximum difference:  6.070796007406898E-005
 Maximum difference:  5.213804979575798E-005
 Maximum difference:  5.106063326820731E-005
 Maximum difference:  4.037957205582643E-005
 Maximum difference:  2.549116743466584E-005
 Maximum difference:  1.382193750032457E-005
 Maximum difference:  7.466102033504285E-006
 Maximum difference:  4.763175638800021E-006
 Maximum difference:  3.531751644914038E-006
 Maximum difference:  2.612991011119448E-006
 Maximum difference:  1.771675670170225E-006
 Maximum difference:  1.098277607525233E-006
 Maximum difference:  6.594918886548840E-007
Chi ref: 1.82
 Maximum difference:   1284.42923222041     
 Maximum difference:   6558.52742901567     
 Maximum difference:   1082.35259493481     
 Maximum difference:   261.004297579856     
 Maximum difference:   597.037313946336     
 Maximum difference:   673.163572920231     
 Maximum difference:   746.974095587623     
 Maximum difference:   720.683745264403     
 Maximum difference:   520.023332199817     
 Maximum difference:   79.5472837577236     
 Maximum difference:   339.124772687682     
 Maximum difference:   212.423864849694     
 Maximum difference:   10.2238956092078     
 Maximum difference:   64.5353770521515     
 Maximum difference:   46.6617677858230     
 Maximum difference:   9.96462634593900     
 Maximum difference:   8.61735767435403     
 Maximum difference:   8.51600317743942     
 Maximum difference:   2.36417134485509     
 Maximum difference:   1.44048593745356     
 Maximum difference:   1.80200380640326     
 Maximum difference:  0.742069727079979     
 Maximum difference:  0.181611081197843     
 Maximum difference:  0.267526630075736     
 Maximum difference:  0.126452511008210     
 Maximum difference:  2.140905438409391E-002
 Maximum difference:  6.083175777712313E-002
 Maximum difference:  3.771060523104097E-002
 Maximum difference:  7.123385365048307E-003
 Maximum difference:  5.932883440436854E-003
 Maximum difference:  4.877324776316527E-003
 Maximum difference:  3.199974762537749E-004
 Maximum difference:  1.966139989235671E-003
 Maximum difference:  1.732798538796487E-003
 Maximum difference:  6.990590372879524E-004
 Maximum difference:  2.958199456770672E-005
 Maximum difference:  1.118043437600136E-004
 Maximum difference:  1.574167890794342E-005
 Maximum difference:  7.004198687354801E-005
 Maximum difference:  7.832285609765677E-005
 Maximum difference:  4.550467110675527E-005
 Maximum difference:  1.528198663436342E-005
 Maximum difference:  2.554392267484218E-006
 Maximum difference:  1.684568815107923E-006
 Maximum difference:  3.567619387467857E-006
 Maximum difference:  3.913108230335638E-006
 Maximum difference:  2.754752131295390E-006
 Maximum difference:  1.400734618073329E-006
 Maximum difference:  5.926767698838376E-007
Chi ref: 1.63
 Maximum difference:   1282.35346092931     
 Maximum difference:   6760.99878272488     
 Maximum difference:   1174.52658524382     
 Maximum difference:   248.665308668442     
 Maximum difference:   564.682344001122     
 Maximum difference:   637.035919408119     
 Maximum difference:   727.814892387259     
 Maximum difference:   762.216758689810     
 Maximum difference:   688.200660700676     
 Maximum difference:   431.141006565671     
 Maximum difference:   201.050212609175     
 Maximum difference:   621.909207581147     
 Maximum difference:   255.752730153600     
 Maximum difference:   62.2767148075582     
 Maximum difference:   124.516364213735     
 Maximum difference:   64.0789639412396     
 Maximum difference:   5.20725559003859     
 Maximum difference:   21.9644766667498     
 Maximum difference:   13.5322975439512     
 Maximum difference:  0.860903485705421     
 Maximum difference:   4.18694345017047     
 Maximum difference:   3.03969716789015     
 Maximum difference:  0.551678912373973     
 Maximum difference:  0.660142622324202     
 Maximum difference:  0.589922208203461     
 Maximum difference:  0.136605595984292     
 Maximum difference:  0.123674011181720     
 Maximum difference:  0.131261782882575     
 Maximum difference:  4.495550399406056E-002
 Maximum difference:  1.394611015348346E-002
 Maximum difference:  2.273849235371017E-002
 Maximum difference:  8.691250174706511E-003
 Maximum difference:  2.924074546172051E-003
 Maximum difference:  5.278344140606350E-003
 Maximum difference:  2.648560353009088E-003
 Maximum difference:  1.557377863719012E-004
 Maximum difference:  7.436597616106155E-004
 Maximum difference:  4.169031553828972E-004
 Maximum difference:  5.998392134642927E-005
 Maximum difference:  2.033626424235990E-004
 Maximum difference:  1.377570024487795E-004
 Maximum difference:  3.266763360443292E-005
 Maximum difference:  1.688803604338318E-005
 Maximum difference:  1.574746238475200E-005
 Maximum difference:  1.373705345031340E-006
 Maximum difference:  7.917757102404721E-006
 Maximum difference:  6.830993697803933E-006
 Maximum difference:  2.756142748694401E-006
 Maximum difference:  1.781718310667202E-007
Chi ref: 1.47
 Maximum difference:   1280.48988491714     
 Maximum difference:   6948.25476737183     
 Maximum difference:   1213.55765851405     
 Maximum difference:   163.544222450698     
 Maximum difference:   485.733713513180     
 Maximum difference:   584.046609583741     
 Maximum difference:   666.801325679383     
 Maximum difference:   739.467787114703     
 Maximum difference:   743.913388046899     
 Maximum difference:   603.885465741449     
 Maximum difference:   267.668486650728     
 Maximum difference:   299.564661861709     
 Maximum difference:   665.094636534868     
 Maximum difference:   209.327216410774     
 Maximum difference:   103.918422147416     
 Maximum difference:   139.110845218785     
 Maximum difference:   58.5323894567291     
 Maximum difference:   12.1213136963697     
 Maximum difference:   27.7030073147289     
 Maximum difference:   13.1187640380722     
 Maximum difference:   2.11886951410725     
 Maximum difference:   5.79302492371244     
 Maximum difference:   3.12294360335000     
 Maximum difference:  0.265857955309457     
 Maximum difference:   1.10633795426565     
 Maximum difference:  0.669622387657910     
 Maximum difference:  4.147600110627536E-002
 Maximum difference:  0.230423017755129     
 Maximum difference:  0.157536918917685     
 Maximum difference:  2.088429863488273E-002
 Maximum difference:  4.068330277550558E-002
 Maximum difference:  3.187061366588750E-002
 Maximum difference:  4.931974553983309E-003
 Maximum difference:  8.693930872141209E-003
 Maximum difference:  7.586449444715981E-003
 Maximum difference:  1.943264541296230E-003
 Maximum difference:  1.309511734689295E-003
 Maximum difference:  1.418785131136246E-003
 Maximum difference:  3.698458249346004E-004
 Maximum difference:  3.098849247180624E-004
 Maximum difference:  3.538256351021118E-004
 Maximum difference:  1.316064981438103E-004
 Maximum difference:  3.094111070822692E-005
 Maximum difference:  5.832437364006182E-005
 Maximum difference:  2.112197944370564E-005
 Maximum difference:  1.052383959176950E-005
 Maximum difference:  1.622952640900621E-005
 Maximum difference:  7.940958312246948E-006
 Maximum difference:  4.562002686725464E-007
Chi ref: 1.34
 Maximum difference:   1278.95481719690     
 Maximum difference:   7116.33261800246     
 Maximum difference:   1298.42871418773     
 Maximum difference:   124.841824610193     
 Maximum difference:   472.331960620144     
 Maximum difference:   527.900534294840     
 Maximum difference:   623.696296518764     
 Maximum difference:   718.771753507071     
 Maximum difference:   783.441239349991     
 Maximum difference:   766.792934664769     
 Maximum difference:   588.993256774607     
 Maximum difference:   158.112539652278     
 Maximum difference:   464.719888324676     
 Maximum difference:   724.843069520971     
 Maximum difference:   360.509093295222     
 Maximum difference:   67.4422035966500     
 Maximum difference:   160.737392453471     
 Maximum difference:   87.9853777365561     
 Maximum difference:   7.99794122351568     
 Maximum difference:   33.0923552374916     
 Maximum difference:   19.9355061718061     
 Maximum difference:   1.47289039037014     
 Maximum difference:   7.13094582352551     
 Maximum difference:   4.60175519471704     
 Maximum difference:  0.295324470071137     
 Maximum difference:   1.46995724212320     
 Maximum difference:   1.02305498275200     
 Maximum difference:  9.984910553976079E-002
 Maximum difference:  0.313743127295311     
 Maximum difference:  0.235239778647156     
 Maximum difference:  3.446713616631314E-002
 Maximum difference:  6.324940218837583E-002
 Maximum difference:  5.159752236431814E-002
 Maximum difference:  8.871334232935624E-003
 Maximum difference:  1.351988239730417E-002
 Maximum difference:  1.188266977897001E-002
 Maximum difference:  2.631554792969837E-003
 Maximum difference:  2.608993329886289E-003
 Maximum difference:  2.545682971685892E-003
 Maximum difference:  6.119478757682373E-004
 Maximum difference:  5.658931240759557E-004
 Maximum difference:  5.916961999901105E-004
 Maximum difference:  1.735832693157136E-004
 Maximum difference:  1.010177702482906E-004
 Maximum difference:  1.227143711730605E-004
 Maximum difference:  3.752069369511446E-005
 Maximum difference:  2.290695647388930E-005
 Maximum difference:  2.913936532422667E-005
 Maximum difference:  1.063035051629413E-005
 Maximum difference:  3.492014911898877E-006
 Maximum difference:  5.759455234510824E-006
 Maximum difference:  2.135849172191229E-006
 Maximum difference:  8.942661224864423E-007
Chi ref: 1.23
 Maximum difference:   1277.63772556666     
 Maximum difference:   7279.17055519481     
 Maximum difference:   1312.67101236486     
 Maximum difference:   69.1974690204734     
 Maximum difference:   411.086505438557     
 Maximum difference:   484.710452738888     
 Maximum difference:   565.126817441844     
 Maximum difference:   664.589354941829     
 Maximum difference:   758.846147811075     
 Maximum difference:   793.082258265571     
 Maximum difference:   741.272451338593     
 Maximum difference:   489.838095510684     
 Maximum difference:   14.9114242554797     
 Maximum difference:   367.598784036709     
 Maximum difference:   752.601571498504     
 Maximum difference:   602.118171785940     
 Maximum difference:   36.5224182109487     
 Maximum difference:   194.369055073976     
 Maximum difference:   138.655047370354     
 Maximum difference:   20.0303962589478     
 Maximum difference:   40.3793243977798     
 Maximum difference:   32.2139432147933     
 Maximum difference:   4.52886918958666     
 Maximum difference:   9.21671243968558     
 Maximum difference:   7.45801593119904     
 Maximum difference:   1.20160543179009     
 Maximum difference:   2.04968089572230     
 Maximum difference:   1.72192338210516     
 Maximum difference:  0.299301476054097     
 Maximum difference:  0.460625091945985     
 Maximum difference:  0.399272226788526     
 Maximum difference:  7.591524700183072E-002
 Maximum difference:  0.102286834563529     
 Maximum difference:  9.187043307429121E-002
 Maximum difference:  1.861711293440749E-002
 Maximum difference:  2.296885594478226E-002
 Maximum difference:  2.131612115681492E-002
 Maximum difference:  4.679302285694575E-003
 Maximum difference:  5.054443929111585E-003
 Maximum difference:  4.891440177743789E-003
 Maximum difference:  1.133934865720221E-003
 Maximum difference:  1.136782376306655E-003
 Maximum difference:  1.136784395384893E-003
 Maximum difference:  2.838075142790331E-004
 Maximum difference:  2.478299911672366E-004
 Maximum difference:  2.592650225778925E-004
 Maximum difference:  6.731483608746203E-005
 Maximum difference:  5.631211388390511E-005
 Maximum difference:  6.025059246894671E-005
 Maximum difference:  1.686255109234480E-005
 Maximum difference:  1.199042981170351E-005
 Maximum difference:  1.369861001876416E-005
 Maximum difference:  3.963858944189269E-006
 Maximum difference:  2.710424269025680E-006
 Maximum difference:  3.196966645191424E-006
 Maximum difference:  9.882105587166734E-007
Chi ref: 1.14
 Maximum difference:   1276.59120286474     
 Maximum difference:   7429.40315116577     
 Maximum difference:   1329.90677570722     
 Maximum difference:   83.1088271560850     
 Maximum difference:   329.057994116169     
 Maximum difference:   457.754047225339     
 Maximum difference:   521.733068251280     
 Maximum difference:   617.844099948587     
 Maximum difference:   705.581765812788     
 Maximum difference:   790.723142250243     
 Maximum difference:   786.888322947280     
 Maximum difference:   673.020285896624     
 Maximum difference:   353.457008232296     
 Maximum difference:   196.948416034874     
 Maximum difference:   472.006099579601     
 Maximum difference:   790.380983950097     
 Maximum difference:   546.066325182877     
 Maximum difference:   57.1361161230175     
 Maximum difference:   203.708643790943     
 Maximum difference:   130.554566752674     
 Maximum difference:   7.77151151151520     
 Maximum difference:   46.5198793867412     
 Maximum difference:   31.1428849144404     
 Maximum difference:   2.05711991533508     
 Maximum difference:   11.2536152851080     
 Maximum difference:   7.37489345139329     
 Maximum difference:  0.505510971428066     
 Maximum difference:   2.70435905061549     
 Maximum difference:   1.75693234310711     
 Maximum difference:  0.125467377664336     
 Maximum difference:  0.647563093178178     
 Maximum difference:  0.415862672567528     
 Maximum difference:  3.176324589639989E-002
 Maximum difference:  0.156010192836220     
 Maximum difference:  9.910098582440696E-002
 Maximum difference:  7.782052584843768E-003
 Maximum difference:  3.730799213462888E-002
 Maximum difference:  2.344824380361388E-002
 Maximum difference:  2.019568337345845E-003
 Maximum difference:  9.070872828488064E-003
 Maximum difference:  5.540270917663292E-003
 Maximum difference:  5.087705471851223E-004
 Maximum difference:  2.166959208807384E-003
 Maximum difference:  1.308704970142571E-003
 Maximum difference:  1.288554135498998E-004
 Maximum difference:  5.222313538979506E-004
 Maximum difference:  3.121339414065005E-004
 Maximum difference:  3.120212431895197E-005
 Maximum difference:  1.245979283339693E-004
 Maximum difference:  7.405037740682019E-005
 Maximum difference:  8.269427780760452E-006
 Maximum difference:  2.997186220454751E-005
 Maximum difference:  1.827210326155182E-005
 Maximum difference:  1.781480023055337E-006
 Maximum difference:  8.016258107090835E-006
 Maximum difference:  5.220991624810267E-006
 Maximum difference:  4.962494131177664E-007
Chi ref: 1.06
 Maximum difference:   1275.73080571522     
 Maximum difference:   7580.89090277161     
 Maximum difference:   1302.99686876276     
 Maximum difference:   97.0542382578939     
 Maximum difference:   313.572745571342     
 Maximum difference:   419.379198501376     
 Maximum difference:   482.267532400263     
 Maximum difference:   567.406622502147     
 Maximum difference:   670.956172860338     
 Maximum difference:   769.861126295846     
 Maximum difference:   835.073216865371     
 Maximum difference:   846.233209063103     
 Maximum difference:   659.611106950264     
 Maximum difference:   219.784936342174     
 Maximum difference:   191.999764772418     
 Maximum difference:   773.733256160672     
 Maximum difference:   803.799694802406     
 Maximum difference:   313.444511139041     
 Maximum difference:   188.420714732508     
 Maximum difference:   24.6047782112901     
 Maximum difference:   78.6115406360304     
 Maximum difference:   44.0919526500375     
 Maximum difference:   6.38715761233470     
 Maximum difference:   20.2879773330433     
 Maximum difference:   10.9450534300731     
 Maximum difference:   1.68556799223097     
 Maximum difference:   4.95101628123575     
 Maximum difference:   2.50203091177627     
 Maximum difference:  0.525527042757858     
 Maximum difference:   1.29246489517209     
 Maximum difference:  0.627372195493081     
 Maximum difference:  0.131061543514988     
 Maximum difference:  0.310818686716630     
 Maximum difference:  0.140278507524272     
 Maximum difference:  4.074454618239542E-002
 Maximum difference:  8.164825052881497E-002
 Maximum difference:  3.556713592661254E-002
 Maximum difference:  9.861441777502478E-003
 Maximum difference:  1.937306316631293E-002
 Maximum difference:  7.704692787228851E-003
 Maximum difference:  3.170029966895527E-003
 Maximum difference:  5.110795495966158E-003
 Maximum difference:  1.975641253011418E-003
 Maximum difference:  7.432714801325346E-004
 Maximum difference:  1.192772550894006E-003
 Maximum difference:  4.098134331798065E-004
 Maximum difference:  2.374343639530707E-004
 Maximum difference:  3.185372652296792E-004
 Maximum difference:  1.088207000066177E-004
 Maximum difference:  5.416870408225805E-005
 Maximum difference:  7.290202665899415E-005
 Maximum difference:  2.118072188750375E-005
 Maximum difference:  1.715253438305808E-005
 Maximum difference:  1.973967209778493E-005
 Maximum difference:  5.894610694667790E-006
 Maximum difference:  3.804700099863112E-006
 Maximum difference:  4.412732778291684E-006
 Maximum difference:  1.042294570652302E-006
 Maximum difference:  1.209202309837565E-006
 Maximum difference:  1.218728357343934E-006
 Maximum difference:  3.148179530398920E-007
Chi ref: 0.99
 Maximum difference:   1275.08654178899     
 Maximum difference:   7696.45774469186     
 Maximum difference:   1343.05223772692     
 Maximum difference:   99.2504909897385     
 Maximum difference:   290.614038604534     
 Maximum difference:   346.497263226553     
 Maximum difference:   444.570766546027     
 Maximum difference:   509.584904344820     
 Maximum difference:   609.859094009512     
 Maximum difference:   705.754072990260     
 Maximum difference:   795.538718701125     
 Maximum difference:   842.934741587239     
 Maximum difference:   789.757556653628     
 Maximum difference:   511.246104087019     
 Maximum difference:   47.9285678469660     
 Maximum difference:   289.043135003599     
 Maximum difference:   742.691670373207     
 Maximum difference:   769.865354833341     
 Maximum difference:   342.059979633815     
 Maximum difference:   146.414258386156     
 Maximum difference:   48.7225089509984     
 Maximum difference:   85.8363831285960     
 Maximum difference:   34.4434251784460     
 Maximum difference:   14.0839770039447     
 Maximum difference:   22.8738376616138     
 Maximum difference:   8.27359424680253     
 Maximum difference:   4.08793023123417     
 Maximum difference:   5.71572294519046     
 Maximum difference:   1.77414011090514     
 Maximum difference:   1.27189455617099     
 Maximum difference:   1.51557693975883     
 Maximum difference:  0.422454207096962     
 Maximum difference:  0.345260302489805     
 Maximum difference:  0.372444046864075     
 Maximum difference:  8.209198491567804E-002
 Maximum difference:  0.103693838549589     
 Maximum difference:  9.814319723318476E-002
 Maximum difference:  1.900425066196476E-002
 Maximum difference:  2.727445092659764E-002
 Maximum difference:  2.368899569773930E-002
 Maximum difference:  3.009891031069856E-003
 Maximum difference:  7.978014131367672E-003
 Maximum difference:  6.215359097041073E-003
 Maximum difference:  6.511582896564505E-004
 Maximum difference:  2.051399560514255E-003
 Maximum difference:  1.467030779167544E-003
 Maximum difference:  1.142844944297394E-004
 Maximum difference:  5.897346727579134E-004
 Maximum difference:  3.839237870124634E-004
 Maximum difference:  3.250133795518195E-005
 Maximum difference:  1.486573437432526E-004
 Maximum difference:  8.798804174148245E-005
 Maximum difference:  1.356597294943640E-005
 Maximum difference:  4.224165786581580E-005
 Maximum difference:  2.302940356457839E-005
 Maximum difference:  3.592632310756017E-006
 Maximum difference:  1.042919120664010E-005
 Maximum difference:  5.063318894826807E-006
 Maximum difference:  1.351681930827908E-006
 Maximum difference:  2.927197783719748E-006
 Maximum difference:  1.332920874119736E-006
 Maximum difference:  3.465020199655555E-007
Chi ref: 0.93
 Maximum difference:   1274.62105170164     
 Maximum difference:   7830.98823003728     
 Maximum difference:   1279.56310034025     
 Maximum difference:   145.116230297241     
 Maximum difference:   209.843768977137     
 Maximum difference:   343.652035447933     
 Maximum difference:   398.895839289001     
 Maximum difference:   469.188265263403     
 Maximum difference:   561.510954503499     
 Maximum difference:   669.163026660992     
 Maximum difference:   779.407531904687     
 Maximum difference:   880.357907144523     
 Maximum difference:   953.193179796460     
 Maximum difference:   929.914002952346     
 Maximum difference:   676.141918085135     
 Maximum difference:   124.446908906653     
 Maximum difference:   480.807568182627     
 Maximum difference:   800.837306181899     
 Maximum difference:   838.432848590023     
 Maximum difference:   388.053399666522     
 Maximum difference:   463.333287934179     
 Maximum difference:   430.094320776575     
 Maximum difference:   28.6232937642972     
 Maximum difference:   145.611085306160     
 Maximum difference:   105.095343380634     
 Maximum difference:   6.48662608464474     
 Maximum difference:   40.7389159507229     
 Maximum difference:   27.1041942221555     
 Maximum difference:   2.73383468373322     
 Maximum difference:   11.2972890339288     
 Maximum difference:   6.56195075252435     
 Maximum difference:   1.08486260086556     
 Maximum difference:   3.20726326352724     
 Maximum difference:   1.64397578517492     
 Maximum difference:  0.363991733166586     
 Maximum difference:  0.860740841372717     
 Maximum difference:  0.380944517390162     
 Maximum difference:  0.130714917888326     
 Maximum difference:  0.238990334268237     
 Maximum difference:  9.205378405204101E-002
 Maximum difference:  4.201970062786131E-002
 Maximum difference:  6.257585891944473E-002
 Maximum difference:  1.984890390758665E-002
 Maximum difference:  1.422832930347795E-002
 Maximum difference:  1.700459357198270E-002
 Maximum difference:  4.518906062912720E-003
 Maximum difference:  4.207444756502809E-003
 Maximum difference:  4.342908591752348E-003
 Maximum difference:  8.400876431551296E-004
 Maximum difference:  1.314109915256267E-003
 Maximum difference:  1.156546099082334E-003
 Maximum difference:  1.655833229960990E-004
 Maximum difference:  3.708240183186717E-004
 Maximum difference:  2.873094663300435E-004
 Maximum difference:  1.707062847344787E-005
 Maximum difference:  1.105315859604161E-004
 Maximum difference:  7.501240725105163E-005
 Maximum difference:  6.602204848604742E-006
 Maximum difference:  3.022248438355746E-005
 Maximum difference:  1.801738562789978E-005
 Maximum difference:  2.849621523637325E-006
 Maximum difference:  8.725610314286314E-006
 Maximum difference:  4.595828613673802E-006
 Maximum difference:  9.262485036742873E-007
Chi ref: 0.88
 Maximum difference:   1274.33515288850     
 Maximum difference:   7912.97793900507     
 Maximum difference:   1329.27206256316     
 Maximum difference:   163.962416177911     
 Maximum difference:   194.384564336487     
 Maximum difference:   298.378772294544     
 Maximum difference:   365.375282810425     
 Maximum difference:   424.096741325877     
 Maximum difference:   507.809723855968     
 Maximum difference:   606.135278217305     
 Maximum difference:   702.765307591389     
 Maximum difference:   826.056234850521     
 Maximum difference:   904.629740010530     
 Maximum difference:   961.189723848973     
 Maximum difference:   852.199835133591     
 Maximum difference:   439.496181914737     
 Maximum difference:   79.2894596005744     
 Maximum difference:   553.494939087054     
 Maximum difference:   802.278349846969     
 Maximum difference:   808.958423660217     
 Maximum difference:   337.445136956690     
 Maximum difference:   401.195727715756     
 Maximum difference:   447.024145547975     
 Maximum difference:   53.9668897624624     
 Maximum difference:   141.322134498928     
 Maximum difference:   111.803873135047     
 Maximum difference:   11.2972216366888     
 Maximum difference:   41.6305787770016     
 Maximum difference:   29.5686741863947     
 Maximum difference:   2.72920887674536     
 Maximum difference:   12.1640413226733     
 Maximum difference:   7.31531690374686     
 Maximum difference:   1.19768959258727     
 Maximum difference:   3.60531184203955     
 Maximum difference:   1.84154769066117     
 Maximum difference:  0.444141576625952     
 Maximum difference:   1.00570493925807     
 Maximum difference:  0.426512538584575     
 Maximum difference:  0.173055597854727     
 Maximum difference:  0.286427250268389     
 Maximum difference:  0.100489253307387     
 Maximum difference:  5.932608047351096E-002
 Maximum difference:  7.707803665743995E-002
 Maximum difference:  2.061879064058303E-002
 Maximum difference:  2.049457223620266E-002
 Maximum difference:  2.119621509609715E-002
 Maximum difference:  4.200124845738173E-003
 Maximum difference:  6.326291186269373E-003
 Maximum difference:  5.493707316418295E-003
 Maximum difference:  5.820908763780608E-004
 Maximum difference:  1.994335199924535E-003
 Maximum difference:  1.457203449717781E-003
 Maximum difference:  1.109390668716514E-004
 Maximum difference:  5.809984249935951E-004
 Maximum difference:  3.613859726101509E-004
 Maximum difference:  5.412364635049016E-005
 Maximum difference:  1.733250028337352E-004
 Maximum difference:  9.187476098304614E-005
 Maximum difference:  2.000400127144530E-005
 Maximum difference:  4.856872146774549E-005
 Maximum difference:  2.154813410015777E-005
 Maximum difference:  7.840932994440664E-006
 Maximum difference:  1.394094397255685E-005
 Maximum difference:  5.149276148586068E-006
 Maximum difference:  2.726655111473519E-006
 Maximum difference:  3.760678737307899E-006
 Maximum difference:  1.084613359125797E-006
 Maximum difference:  9.407540346728638E-007
Chi ref: 0.83
 Maximum difference:   1189.54267797866     
 Maximum difference:   8098.98115332635     
 Maximum difference:   1348.70181539748     
 Maximum difference:   94.7106649943845     
 Maximum difference:   181.021051194481     
 Maximum difference:   265.189689351019     
 Maximum difference:   350.325117685951     
 Maximum difference:   401.588734212487     
 Maximum difference:   478.838255512097     
 Maximum difference:   565.956945204914     
 Maximum difference:   673.266871436216     
 Maximum difference:   799.400048901552     
 Maximum difference:   903.212889303588     
 Maximum difference:   1035.05886466053     
 Maximum difference:   1040.02534695059     
 Maximum difference:   866.527265626281     
 Maximum difference:   458.582097373521     
 Maximum difference:   463.055357079355     
 Maximum difference:   670.874864482316     
 Maximum difference:   997.442895834640     
 Maximum difference:   489.681569279272     
 Maximum difference:   534.312645215508     
 Maximum difference:   461.827250800787     
 Maximum difference:   392.660139692418     
 Maximum difference:   277.685665758971     
 Maximum difference:   35.5426199958565     
 Maximum difference:   120.366996864110     
 Maximum difference:   68.5512109279543     
 Maximum difference:   13.5019615230276     
 Maximum difference:   36.6569517122834     
 Maximum difference:   17.2117428659640     
 Maximum difference:   5.52642123691021     
 Maximum difference:   10.4302230323547     
 Maximum difference:   3.83449551897411     
 Maximum difference:   2.27363857457021     
 Maximum difference:   3.04365569165566     
 Maximum difference:  0.839630393522384     
 Maximum difference:  0.782184705112741     
 Maximum difference:  0.818622113301899     
 Maximum difference:  0.142854824342976     
 Maximum difference:  0.272331289550493     
 Maximum difference:  0.226592256321055     
 Maximum difference:  1.934309227544873E-002
 Maximum difference:  8.482210214151564E-002
 Maximum difference:  5.791592246441724E-002
 Maximum difference:  7.245497791700473E-003
 Maximum difference:  2.689216683666018E-002
 Maximum difference:  1.507109976319043E-002
 Maximum difference:  3.072509371122578E-003
 Maximum difference:  7.861848926950188E-003
 Maximum difference:  3.545361935721303E-003
 Maximum difference:  1.321748976806703E-003
 Maximum difference:  2.340680212910229E-003
 Maximum difference:  8.400530477956636E-004
 Maximum difference:  4.972311853634892E-004
 Maximum difference:  6.498236307379557E-004
 Maximum difference:  1.670996743996511E-004
 Maximum difference:  1.838747502915794E-004
 Maximum difference:  1.834312397477333E-004
 Maximum difference:  3.122298949165270E-005
 Maximum difference:  5.956136919849087E-005
 Maximum difference:  4.827004886465147E-005
 Maximum difference:  3.142694822599879E-006
 Maximum difference:  1.946906468219822E-005
 Maximum difference:  1.288632574869553E-005
 Maximum difference:  1.608849743206520E-006
 Maximum difference:  5.849139597557951E-006
 Maximum difference:  3.169264346070122E-006
 Maximum difference:  7.599728633067571E-007
Chi ref: 0.78
 Maximum difference:   1189.21966187834     
 Maximum difference:   8211.38127245610     
 Maximum difference:   1316.03669005341     
 Maximum difference:   136.905971013148     
 Maximum difference:   160.721454523807     
 Maximum difference:   195.780819301243     
 Maximum difference:   319.253528818922     
 Maximum difference:   361.906715717944     
 Maximum difference:   423.734804840759     
 Maximum difference:   511.955072079463     
 Maximum difference:   607.266564713993     
 Maximum difference:   714.916026263973     
 Maximum difference:   829.315167987764     
 Maximum difference:   952.164521466160     
 Maximum difference:   1065.32773170617     
 Maximum difference:   1029.39135339553     
 Maximum difference:   762.034962975928     
 Maximum difference:   310.548022136165     
 Maximum difference:   634.803281274144     
 Maximum difference:   817.458535776544     
 Maximum difference:   1028.33126710293     
 Maximum difference:   568.172706292505     
 Maximum difference:   505.138105726689     
 Maximum difference:   551.692394779454     
 Maximum difference:   434.848394014113     
 Maximum difference:   51.6130510045618     
 Maximum difference:   184.076025876108     
 Maximum difference:   110.854347897208     
 Maximum difference:   19.1883483283659     
 Maximum difference:   57.9531766891660     
 Maximum difference:   27.9344855343788     
 Maximum difference:   9.20986184926733     
 Maximum difference:   17.3668864789606     
 Maximum difference:   6.30148934701720     
 Maximum difference:   4.00682746363418     
 Maximum difference:   5.18394441969849     
 Maximum difference:   1.30762588681591     
 Maximum difference:   1.50899336521707     
 Maximum difference:   1.44252387850702     
 Maximum difference:  0.181015225077317     
 Maximum difference:  0.534295077331080     
 Maximum difference:  0.398055029505485     
 Maximum difference:  3.814563811101834E-002
 Maximum difference:  0.173520326969992     
 Maximum difference:  0.101903758526532     
 Maximum difference:  2.135681698746339E-002
 Maximum difference:  5.533991526408499E-002
 Maximum difference:  2.536633799445553E-002
 Maximum difference:  9.323806477368635E-003
 Maximum difference:  1.656261018251826E-002
 Maximum difference:  5.607392457022797E-003
 Maximum difference:  4.052433442666370E-003
 Maximum difference:  4.890397158305859E-003
 Maximum difference:  1.115057188144419E-003
 Maximum difference:  1.486966761149233E-003
 Maximum difference:  1.360265338917088E-003
 Maximum difference:  1.408496136718895E-004
 Maximum difference:  5.198782555453363E-004
 Maximum difference:  3.707949344970984E-004
 Maximum difference:  4.168286250205711E-005
 Maximum difference:  1.679598626651568E-004
 Maximum difference:  9.443989983992651E-005
 Maximum difference:  2.094561023113783E-005
 Maximum difference:  5.597524705081014E-005
 Maximum difference:  2.352677802264225E-005
 Maximum difference:  1.057165718520992E-005
 Maximum difference:  1.660705584072275E-005
 Maximum difference:  5.295096343616024E-006
 Maximum difference:  4.285650902602356E-006
 Maximum difference:  5.347446858650073E-006
 Maximum difference:  9.848581612459384E-007
Chi ref: 0.75
 Maximum difference:   1189.10216655975     
 Maximum difference:   8282.54333587276     
 Maximum difference:   1284.81068672987     
 Maximum difference:   198.604991993014     
 Maximum difference:   112.432604799310     
 Maximum difference:   203.801726757534     
 Maximum difference:   287.420250554177     
 Maximum difference:   335.169471346253     
 Maximum difference:   393.324287727740     
 Maximum difference:   469.209958662095     
 Maximum difference:   565.535840414991     
 Maximum difference:   659.701139496576     
 Maximum difference:   783.565991658349     
 Maximum difference:   930.535958457960     
 Maximum difference:   1065.10617738950     
 Maximum difference:   1247.94771791551     
 Maximum difference:   1312.25909167933     
 Maximum difference:   1194.34048843539     
 Maximum difference:   798.842546593010     
 Maximum difference:   436.200138725764     
 Maximum difference:   713.525105798895     
 Maximum difference:   771.415624996040     
 Maximum difference:   1230.10673799652     
 Maximum difference:   699.893865050249     
 Maximum difference:   754.387498420007     
 Maximum difference:   478.177008320632     
 Maximum difference:   488.057395327018     
 Maximum difference:   614.833541568404     
 Maximum difference:   459.131714381356     
 Maximum difference:   66.3998054793392     
 Maximum difference:   205.639328757484     
 Maximum difference:   117.964429529065     
 Maximum difference:   24.9121632428778     
 Maximum difference:   66.0412833399168     
 Maximum difference:   29.0581284443351     
 Maximum difference:   12.3147277545249     
 Maximum difference:   19.9888552038210     
 Maximum difference:   6.25077629885345     
 Maximum difference:   5.35761325620206     
 Maximum difference:   5.98243729795377     
 Maximum difference:   1.12725012362353     
 Maximum difference:   1.99553281288627     
 Maximum difference:   1.66303824882561     
 Maximum difference:  0.122945887152127     
 Maximum difference:  0.706046693882854     
 Maximum difference:  0.450709496823947     
 Maximum difference:  7.625861161932335E-002
 Maximum difference:  0.229317785993771     
 Maximum difference:  0.111332804224730     
 Maximum difference:  3.879890158987109E-002
 Maximum difference:  7.250752565687435E-002
 Maximum difference:  2.577312068751780E-002
 Maximum difference:  1.717487754558533E-002
 Maximum difference:  2.149754924266745E-002
 Maximum difference:  4.834689958443050E-003
 Maximum difference:  6.835170054728223E-003
 Maximum difference:  6.202743977155478E-003
 Maximum difference:  5.980233127047541E-004
 Maximum difference:  2.412403866401291E-003
 Maximum difference:  1.673701791332860E-003
 Maximum difference:  2.327287870684813E-004
 Maximum difference:  8.138510165736079E-004
 Maximum difference:  4.329563644205336E-004
 Maximum difference:  1.178248048745445E-004
 Maximum difference:  2.565141448940267E-004
 Maximum difference:  1.020412209982169E-004
 Maximum difference:  5.769933977717301E-005
 Maximum difference:  8.072715354501270E-005
 Maximum difference:  1.796764900063863E-005
 Maximum difference:  2.385284005868016E-005
 Maximum difference:  2.206046519859228E-005
 Maximum difference:  2.601148480607662E-006
 Maximum difference:  8.879997039912269E-006
 Maximum difference:  6.614799531234894E-006
 Maximum difference:  9.017235242936295E-007
Chi ref: 0.71
 Maximum difference:   1189.04167452598     
 Maximum difference:   8386.18241274798     
 Maximum difference:   1245.54860440542     
 Maximum difference:   159.083666679485     
 Maximum difference:   87.0952943488885     
 Maximum difference:   162.174603468193     
 Maximum difference:   223.390759366676     
 Maximum difference:   314.728775657648     
 Maximum difference:   356.827022557483     
 Maximum difference:   424.718598375297     
 Maximum difference:   508.346623594170     
 Maximum difference:   600.597028708940     
 Maximum difference:   712.447951431282     
 Maximum difference:   845.756924282516     
 Maximum difference:   973.104538073169     
 Maximum difference:   1136.90961283828     
 Maximum difference:   1214.28819241462     
 Maximum difference:   1188.77913354448     
 Maximum difference:   869.997014946746     
 Maximum difference:   180.959222586454     
 Maximum difference:   667.535774483960     
 Maximum difference:   1500.01423629356     
 Maximum difference:   830.496538054965     
 Maximum difference:   719.566694100894     
 Maximum difference:   359.055306113420     
 Maximum difference:   526.900009287786     
 Maximum difference:   563.076485120792     
 Maximum difference:   274.337859820078     
 Maximum difference:   131.093080079252     
 Maximum difference:   47.2940932728216     
 Maximum difference:   83.4276816155489     
 Maximum difference:   28.8370684989004     
 Maximum difference:   22.1394953623767     
 Maximum difference:   26.5794403095633     
 Maximum difference:   5.46726603382558     
 Maximum difference:   8.69117199623452     
 Maximum difference:   7.44231635921005     
 Maximum difference:  0.604753426162915     
 Maximum difference:   3.30884585163039     
 Maximum difference:   2.08519872137458     
 Maximum difference:  0.387980501201127     
 Maximum difference:   1.09542543337375     
 Maximum difference:  0.500905002616491     
 Maximum difference:  0.216857899686147     
 Maximum difference:  0.360206584108710     
 Maximum difference:  0.112995854040491     
 Maximum difference:  9.690948977095104E-002
 Maximum difference:  0.106709436718120     
 Maximum difference:  1.691578408917849E-002
 Maximum difference:  3.950468562379683E-002
 Maximum difference:  3.107977504168957E-002
 Maximum difference:  2.979742516799888E-003
 Maximum difference:  1.390155645913183E-002
 Maximum difference:  8.102714476990514E-003
 Maximum difference:  1.992208191040845E-003
 Maximum difference:  4.740602636047697E-003
 Maximum difference:  2.004997264521080E-003
 Maximum difference:  9.825856186580495E-004
 Maximum difference:  1.476143279433018E-003
 Maximum difference:  4.016828715975862E-004
 Maximum difference:  4.464065677893814E-004
 Maximum difference:  4.464072108021355E-004
 Maximum difference:  5.801630595669849E-005
 Maximum difference:  1.689927603365504E-004
 Maximum difference:  1.239116672877572E-004
 Maximum difference:  1.617418183741393E-005
 Maximum difference:  6.115139058238128E-005
 Maximum difference:  3.266899148002267E-005
 Maximum difference:  9.365384357806761E-006
 Maximum difference:  1.993482965190196E-005
 Maximum difference:  7.516358891734853E-006
 Maximum difference:  4.559667104331311E-006
 Maximum difference:  6.672989911749028E-006
 Maximum difference:  1.843511199695058E-006
 Maximum difference:  2.240288267785218E-006
 Maximum difference:  2.329196831851732E-006
 Maximum difference:  3.225459295208566E-007
Chi ref: 0.68
 Maximum difference:   1189.08679789824     
 Maximum difference:   8466.39649813123     
 Maximum difference:   1314.83046444735     
 Maximum difference:   111.802232129445     
 Maximum difference:   129.640050654787     
 Maximum difference:   147.921574253993     
 Maximum difference:   240.880580278287     
 Maximum difference:   300.965878424462     
 Maximum difference:   346.391339045422     
 Maximum difference:   411.885566492474     
 Maximum difference:   493.087853254841     
 Maximum difference:   586.861923562984     
 Maximum difference:   694.453734838283     
 Maximum difference:   809.736087780686     
 Maximum difference:   965.907153029661     
 Maximum difference:   1125.17357144549     
 Maximum difference:   1283.43013849058     
 Maximum difference:   1472.59616799956     
 Maximum difference:   1451.69109100004     
 Maximum difference:   878.806853669472     
 Maximum difference:   336.026430486969     
 Maximum difference:   1043.37632671068     
 Maximum difference:   1463.96562878234     
 Maximum difference:   866.304920749119     
 Maximum difference:   1227.59517803874     
 Maximum difference:   668.952870497429     
 Maximum difference:   719.370721135918     
 Maximum difference:   550.470727016367     
 Maximum difference:   414.116840935731     
 Maximum difference:   495.437251602209     
 Maximum difference:   404.292055847465     
 Maximum difference:   53.5027881480664     
 Maximum difference:   182.790238991544     
 Maximum difference:   105.712991122914     
 Maximum difference:   25.6684732234962     
 Maximum difference:   63.1607607199039     
 Maximum difference:   25.7255474091080     
 Maximum difference:   14.2274684000167     
 Maximum difference:   19.9808908371433     
 Maximum difference:   4.96334558101444     
 Maximum difference:   6.50445074160689     
 Maximum difference:   6.10547590444457     
 Maximum difference:  0.522765356607124     
 Maximum difference:   2.51391877382957     
 Maximum difference:   1.68528565931774     
 Maximum difference:  0.304402123627369     
 Maximum difference:  0.906003370789222     
 Maximum difference:  0.432884172329068     
 Maximum difference:  0.169815502466918     
 Maximum difference:  0.297303452518463     
 Maximum difference:  9.242158455344907E-002
 Maximum difference:  8.543958753762126E-002
 Maximum difference:  9.276056488852191E-002
 Maximum difference:  1.415518330759369E-002
 Maximum difference:  3.477111420579604E-002
 Maximum difference:  2.656252632368705E-002
 Maximum difference:  3.301098403426295E-003
 Maximum difference:  1.291140077319142E-002
 Maximum difference:  7.080681211846240E-003
 Maximum difference:  2.041852944785205E-003
 Maximum difference:  4.370284945252934E-003
 Maximum difference:  1.638268958231492E-003
 Maximum difference:  1.090505277716147E-003
 Maximum difference:  1.395681598296505E-003
 Maximum difference:  3.022928094651434E-004
 Maximum difference:  4.726691158793983E-004
 Maximum difference:  4.126978037675144E-004
 Maximum difference:  3.218934716642252E-005
 Maximum difference:  1.817152879084460E-004
 Maximum difference:  1.136738273999072E-004
 Maximum difference:  2.397180014668265E-005
 Maximum difference:  6.344816665659891E-005
 Maximum difference:  2.920567294495413E-005
 Maximum difference:  1.267319566977676E-005
 Maximum difference:  2.310767104063416E-005
 Maximum difference:  7.584506420243997E-006
 Maximum difference:  7.253138392115943E-006
 Maximum difference:  8.093204087344930E-006
 Maximum difference:  1.481593244534452E-006
 Maximum difference:  3.280269993410911E-006
 Maximum difference:  2.827282514772378E-006
 Maximum difference:  2.754677552729845E-007
Chi ref: 0.65
 Maximum difference:   1189.24357381191     
 Maximum difference:   8498.38565403352     
 Maximum difference:   1321.34074669563     
 Maximum difference:   219.328847965743     
 Maximum difference:   102.932757932896     
 Maximum difference:   142.228045498467     
 Maximum difference:   192.230864931898     
 Maximum difference:   242.776446267153     
 Maximum difference:   296.246453495571     
 Maximum difference:   336.000731722788     
 Maximum difference:   412.317235609793     
 Maximum difference:   479.358429797314     
 Maximum difference:   584.822766065128     
 Maximum difference:   687.990621300062     
 Maximum difference:   816.879550399128     
 Maximum difference:   950.946344260028     
 Maximum difference:   1121.90153761657     
 Maximum difference:   1327.26633470329     
 Maximum difference:   1518.85831066254     
 Maximum difference:   1823.09788305623     
 Maximum difference:   2104.64832362710     
 Maximum difference:   2210.44945157991     
 Maximum difference:   1817.86200988863     
 Maximum difference:   618.811910925262     
 Maximum difference:   3595.25216669887     
 Maximum difference:   2225.97218005643     
 Maximum difference:   2744.06895974793     
 Maximum difference:   796.416793100399     
 Maximum difference:   319.344589818174     
 Maximum difference:   897.659054004961     
 Maximum difference:   937.342186472585     
 Maximum difference:   656.325182879023     
 Maximum difference:   537.990992323241     
 Maximum difference:   264.562411139312     
 Maximum difference:   379.957168340483     
 Maximum difference:   383.809955522728     
 Maximum difference:   30.5454815084895     
 Maximum difference:   158.613882418184     
 Maximum difference:   103.767864342912     
 Maximum difference:   19.3975998762107     
 Maximum difference:   58.0632566569066     
 Maximum difference:   26.6353242933155     
 Maximum difference:   11.9875936049448     
 Maximum difference:   19.2674639382149     
 Maximum difference:   5.40749319150382     
 Maximum difference:   6.09346652840486     
 Maximum difference:   6.09611567704087     
 Maximum difference:  0.632114310883480     
 Maximum difference:   2.50043807694965     
 Maximum difference:   1.72382573291270     
 Maximum difference:  0.311158860737123     
 Maximum difference:  0.936882039231932     
 Maximum difference:  0.445622613923661     
 Maximum difference:  0.185456398559836     
 Maximum difference:  0.315884215301594     
 Maximum difference:  9.262206986750243E-002
 Maximum difference:  9.695606753393804E-002
 Maximum difference:  9.989848994882777E-002
 Maximum difference:  1.170763652044116E-002
 Maximum difference:  4.039140514760220E-002
 Maximum difference:  2.860721003253275E-002
 Maximum difference:  4.791345943885972E-003
 Maximum difference:  1.517040554790583E-002
 Maximum difference:  7.423227721119474E-003
 Maximum difference:  2.928968892774719E-003
 Maximum difference:  5.164201894331200E-003
 Maximum difference:  1.583111293257389E-003
 Maximum difference:  1.540945987471787E-003
 Maximum difference:  1.637235822272487E-003
 Maximum difference:  2.129789381797309E-004
 Maximum difference:  6.511193942060345E-004
 Maximum difference:  4.733240366476821E-004
 Maximum difference:  7.382085232165991E-005
 Maximum difference:  2.455871481288341E-004
 Maximum difference:  1.233302664331859E-004
 Maximum difference:  4.610900123225292E-005
 Maximum difference:  8.427995635429397E-005
 Maximum difference:  2.953890543722082E-005
 Maximum difference:  2.785985816444736E-005
 Maximum difference:  2.775792381726205E-005
 Maximum difference:  4.218095455144066E-006
 Maximum difference:  1.203096508106682E-005
 Maximum difference:  9.730028068588581E-006
 Maximum difference:  1.280017841054359E-006
 Maximum difference:  5.310953383741435E-006
 Maximum difference:  3.153194484184496E-006
 Maximum difference:  9.474888429394923E-007
Chi ref: 0.62
 Maximum difference:   1189.56353946487     
 Maximum difference:   8614.10160629216     
 Maximum difference:   1238.54149286431     
 Maximum difference:   193.201068798732     
 Maximum difference:   79.2810459670043     
 Maximum difference:   121.605847208214     
 Maximum difference:   146.708679229140     
 Maximum difference:   233.110901421100     
 Maximum difference:   290.287547699813     
 Maximum difference:   334.570896214707     
 Maximum difference:   392.457073272708     
 Maximum difference:   473.209201844722     
 Maximum difference:   561.631001273970     
 Maximum difference:   675.335701416635     
 Maximum difference:   777.044759344496     
 Maximum difference:   937.459165418702     
 Maximum difference:   1073.25512446024     
 Maximum difference:   1281.61628786767     
 Maximum difference:   1499.82913564128     
 Maximum difference:   1658.69295251617     
 Maximum difference:   1756.81065181571     
 Maximum difference:   1709.60186951764     
 Maximum difference:   686.515786484912     
 Maximum difference:   1346.13387966914     
 Maximum difference:   1801.14035656178     
 Maximum difference:   2641.95029700623     
 Maximum difference:   901.357679275045     
 Maximum difference:   589.039931380545     
 Maximum difference:   645.476201972915     
 Maximum difference:   797.129017250685     
 Maximum difference:   485.079954444612     
 Maximum difference:   329.297142125987     
 Maximum difference:   383.382140737051     
 Maximum difference:   500.894886888881     
 Maximum difference:   407.081770597143     
 Maximum difference:   63.2986429511866     
 Maximum difference:   196.722048686552     
 Maximum difference:   108.253597877424     
 Maximum difference:   33.3140120744993     
 Maximum difference:   71.4508752139009     
 Maximum difference:   24.5599101360203     
 Maximum difference:   20.0884173412223     
 Maximum difference:   23.1481086956401     
 Maximum difference:   3.59718669940230     
 Maximum difference:   9.21461404898037     
 Maximum difference:   7.00241896283205     
 Maximum difference:   1.02899358775539     
 Maximum difference:   3.60788452327870     
 Maximum difference:   1.83455772718571     
 Maximum difference:  0.715267109405431     
 Maximum difference:   1.28964505135536     
 Maximum difference:  0.398571481312501     
 Maximum difference:  0.392952000449441     
 Maximum difference:  0.426638466098666     
 Maximum difference:  0.100210408532803     
 Maximum difference:  0.175807403752515     
 Maximum difference:  0.116797981277159     
 Maximum difference:  9.808708355012641E-002
 Maximum difference:  6.148778378701536E-002
 Maximum difference:  2.280150678143400E-002
 Maximum difference:  1.665373170362727E-002
 Maximum difference:  2.055034611203155E-002
 Maximum difference:  3.706601762132777E-003
 Maximum difference:  7.791255110532802E-003
 Maximum difference:  6.219720847184362E-003
 Maximum difference:  8.020206091714499E-004
 Maximum difference:  3.127376966403972E-003
 Maximum difference:  1.677516507697874E-003
 Maximum difference:  5.771899495812249E-004
 Maximum difference:  1.122597724133811E-003
 Maximum difference:  3.728403480636189E-004
 Maximum difference:  3.292211067673634E-004
 Maximum difference:  3.673254996101605E-004
 Maximum difference:  5.085210432298481E-005
 Maximum difference:  1.480310711485799E-004
 Maximum difference:  1.118539012168185E-004
 Maximum difference:  2.000655558731523E-005
 Maximum difference:  5.906604565097950E-005
 Maximum difference:  2.904743450926617E-005
 Maximum difference:  1.501716724305879E-005
 Maximum difference:  2.123856211255770E-005
 Maximum difference:  5.816730663354974E-006
 Maximum difference:  7.618927156727295E-006
 Maximum difference:  7.858050594222732E-006
 Maximum difference:  7.576745701953769E-007
Chi ref: 0.6
 Maximum difference:   1433.53470037374     
 Maximum difference:   8497.89549737431     
 Maximum difference:   1187.32521880574     
 Maximum difference:   131.301919625496     
 Maximum difference:   66.4599153607961     
 Maximum difference:   106.610351608107     
 Maximum difference:   181.967913306177     
 Maximum difference:   233.326037483595     
 Maximum difference:   287.833696789159     
 Maximum difference:   324.936018011229     
 Maximum difference:   395.040012507026     
 Maximum difference:   462.842540803007     
 Maximum difference:   561.600542597971     
 Maximum difference:   666.097357909150     
 Maximum difference:   785.440506246839     
 Maximum difference:   922.931085406671     
 Maximum difference:   1076.56184594035     
 Maximum difference:   1289.24180838674     
 Maximum difference:   1464.62416537472     
 Maximum difference:   1763.29567916901     
 Maximum difference:   2006.94187982346     
 Maximum difference:   2055.58447987436     
 Maximum difference:   1785.29647933819     
 Maximum difference:   641.508449408440     
 Maximum difference:   3380.91780858974     
 Maximum difference:   1904.25633084670     
 Maximum difference:   1652.73110135111     
 Maximum difference:   1409.71582992762     
 Maximum difference:   833.169445951788     
 Maximum difference:   1031.91544726097     
 Maximum difference:   667.344075617516     
 Maximum difference:   626.160990344719     
 Maximum difference:   461.259001171314     
 Maximum difference:   419.802861089330     
 Maximum difference:   454.140180867627     
 Maximum difference:   340.288714448327     
 Maximum difference:   63.4409681036095     
 Maximum difference:   175.859468528957     
 Maximum difference:   88.7156386051993     
 Maximum difference:   35.4442588048396     
 Maximum difference:   64.3311466345103     
 Maximum difference:   18.5385843279710     
 Maximum difference:   20.4932411723803     
 Maximum difference:   20.5707609877936     
 Maximum difference:   1.67421145734079     
 Maximum difference:   9.20708528333762     
 Maximum difference:   6.05455410686682     
 Maximum difference:   1.35864907356336     
 Maximum difference:   3.53130494770630     
 Maximum difference:   1.47960771354974     
 Maximum difference:  0.895530605407657     
 Maximum difference:   1.23581147113509     
 Maximum difference:  0.265354721543190     
 Maximum difference:  0.451463617519039     
 Maximum difference:  0.384056863977094     
 Maximum difference:  4.394740449697565E-002
 Maximum difference:  0.190589234261097     
 Maximum difference:  0.106417772150962     
 Maximum difference:  3.470016965911782E-002
 Maximum difference:  7.030849157763441E-002
 Maximum difference:  2.378593509456550E-002
 Maximum difference:  2.095797703077551E-002
 Maximum difference:  2.355382764471869E-002
 Maximum difference:  3.128636013570940E-003
 Maximum difference:  9.719904312078143E-003
 Maximum difference:  7.022885664810019E-003
 Maximum difference:  1.265929924556985E-003
 Maximum difference:  3.880340560499462E-003
 Maximum difference:  1.820277379920299E-003
 Maximum difference:  8.628515006421367E-004
 Maximum difference:  1.377145567857951E-003
 Maximum difference:  3.572624582375283E-004
 Maximum difference:  4.710341881946079E-004
 Maximum difference:  4.417176851347904E-004
 Maximum difference:  3.563577138265828E-005
 Maximum difference:  2.041069310507737E-004
 Maximum difference:  1.257179828826338E-004
 Maximum difference:  3.334283337608213E-005
 Maximum difference:  7.778797134960769E-005
 Maximum difference:  3.003512392751873E-005
 Maximum difference:  2.079625755868619E-005
 Maximum difference:  2.653150568221463E-005
 Maximum difference:  6.106200999056455E-006
 Maximum difference:  1.054574477166170E-005
 Maximum difference:  9.835686796577647E-006
 Maximum difference:  9.657460395828821E-007
Chi ref: 0.58
 Maximum difference:   1190.15874913672     
 Maximum difference:   8728.63450677956     
 Maximum difference:   1184.88466924233     
 Maximum difference:   237.657421886071     
 Maximum difference:   77.0592628216635     
 Maximum difference:   68.7747483916918     
 Maximum difference:   132.857292775873     
 Maximum difference:   199.173054469002     
 Maximum difference:   247.712988737551     
 Maximum difference:   296.495231877237     
 Maximum difference:   343.231624338656     
 Maximum difference:   412.362062836641     
 Maximum difference:   490.338043309440     
 Maximum difference:   588.225324767233     
 Maximum difference:   692.049314139503     
 Maximum difference:   828.179213004879     
 Maximum difference:   950.349010850083     
 Maximum difference:   1149.98870402768     
 Maximum difference:   1303.94368485591     
 Maximum difference:   1564.02997697211     
 Maximum difference:   1808.29262792733     
 Maximum difference:   1936.42053838771     
 Maximum difference:   1813.36977619522     
 Maximum difference:   1108.47134170372     
 Maximum difference:   2385.70802991329     
 Maximum difference:   1565.84667610308     
 Maximum difference:   1283.19185914638     
 Maximum difference:   1901.13406331399     
 Maximum difference:   1058.53365539676     
 Maximum difference:   1038.01870121750     
 Maximum difference:   573.689169018312     
 Maximum difference:   659.102942701868     
 Maximum difference:   646.852883972940     
 Maximum difference:   271.816305759185     
 Maximum difference:   304.128778160885     
 Maximum difference:   311.744843296546     
 Maximum difference:   28.0791052212835     
 Maximum difference:   138.081216540430     
 Maximum difference:   86.3970102947078     
 Maximum difference:   22.1616919615180     
 Maximum difference:   54.4922130690211     
 Maximum difference:   21.0652458509949     
 Maximum difference:   14.8162359880325     
 Maximum difference:   18.6050095183682     
 Maximum difference:   3.16209743447598     
 Maximum difference:   7.53048638803011     
 Maximum difference:   5.83952647694423     
 Maximum difference:  0.970144168472871     
 Maximum difference:   3.10455641814769     
 Maximum difference:   1.52661312366308     
 Maximum difference:  0.686307984144150     
 Maximum difference:   1.14853177488021     
 Maximum difference:  0.309766956275780     
 Maximum difference:  0.392417935438061     
 Maximum difference:  0.373137072198006     
 Maximum difference:  3.231749803535422E-002
 Maximum difference:  0.177181261363330     
 Maximum difference:  0.107552356046654     
 Maximum difference:  3.050105317879570E-002
 Maximum difference:  6.831896939820581E-002
 Maximum difference:  2.501151224441855E-002
 Maximum difference:  1.983887811002205E-002
 Maximum difference:  2.361990903409605E-002
 Maximum difference:  3.503911490042810E-003
 Maximum difference:  9.711925864394289E-003
 Maximum difference:  7.193824623755063E-003
 Maximum difference:  1.288268062580755E-003
 Maximum difference:  4.003881595963321E-003
 Maximum difference:  1.877774481727101E-003
 Maximum difference:  9.239636410711682E-004
 Maximum difference:  1.449612890610297E-003
 Maximum difference:  3.575181463020272E-004
 Maximum difference:  5.174764610273996E-004
 Maximum difference:  4.690790774475317E-004
 Maximum difference:  4.652050620279624E-005
 Maximum difference:  2.277160265293787E-004
 Maximum difference:  1.321119962085504E-004
 Maximum difference:  4.148255993641214E-005
 Maximum difference:  8.711741338629508E-005
 Maximum difference:  2.999064599862322E-005
 Maximum difference:  2.607563965284498E-005
 Maximum difference:  2.961865720862988E-005
 Maximum difference:  5.278577191347722E-006
 Maximum difference:  1.304183388128877E-005
 Maximum difference:  1.095886364055332E-005
 Maximum difference:  1.631612121855142E-006
 Maximum difference:  6.316579856502358E-006
 Maximum difference:  3.603861841838807E-006
 Maximum difference:  1.346803401247598E-006
 Maximum difference:  2.781188413791824E-006
 Maximum difference:  9.984396456275135E-007
Chi ref: 0.55
 Maximum difference:   1190.84900879993     
 Maximum difference:   8800.39224498461     
 Maximum difference:   1209.99083707686     
 Maximum difference:   220.003330623562     
 Maximum difference:   78.6877252753296     
 Maximum difference:   60.6473748284175     
 Maximum difference:   130.924903333559     
 Maximum difference:   167.445788985745     
 Maximum difference:   208.877481410402     
 Maximum difference:   254.700104006496     
 Maximum difference:   308.190138283382     
 Maximum difference:   382.569183299855     
 Maximum difference:   421.592833388876     
 Maximum difference:   523.676155395333     
 Maximum difference:   602.757235028874     
 Maximum difference:   743.928805612578     
 Maximum difference:   836.185924304205     
 Maximum difference:   1046.16800062336     
 Maximum difference:   1177.14013251856     
 Maximum difference:   1414.03644355574     
 Maximum difference:   1653.21338005481     
 Maximum difference:   1931.27764232267     
 Maximum difference:   2223.68846924126     
 Maximum difference:   2632.80894335133     
 Maximum difference:   3120.41058379719     
 Maximum difference:   3288.16661991422     
 Maximum difference:   380.494240813294     
 Maximum difference:   2888.85878460939     
 Maximum difference:   7840.17919648183     
 Maximum difference:   1625.02625369105     
 Maximum difference:   285.497333344943     
 Maximum difference:   1132.53742672866     
 Maximum difference:   881.675008539083     
 Maximum difference:   1286.40868679761     
 Maximum difference:   617.132029045727     
 Maximum difference:   648.102285917216     
 Maximum difference:   387.330638685217     
 Maximum difference:   421.569593420884     
 Maximum difference:   517.440918092135     
 Maximum difference:   364.477597384145     
 Maximum difference:   60.1091597104551     
 Maximum difference:   185.531703322642     
 Maximum difference:   97.9924063989620     
 Maximum difference:   39.0352874743494     
 Maximum difference:   72.2988526788977     
 Maximum difference:   19.9209983737637     
 Maximum difference:   24.9354938082242     
 Maximum difference:   23.9434073160019     
 Maximum difference:   2.22607837833630     
 Maximum difference:   11.8008562518189     
 Maximum difference:   7.00092468561070     
 Maximum difference:   2.22177635990283     
 Maximum difference:   4.66554091114176     
 Maximum difference:   1.56061535677054     
 Maximum difference:   1.50200219661929     
 Maximum difference:   1.63390741569583     
 Maximum difference:  0.153619249334952     
 Maximum difference:  0.739337108212567     
 Maximum difference:  0.489131912087942     
 Maximum difference:  0.125158334653406     
 Maximum difference:  0.305611272839087     
 Maximum difference:  0.119023649540395     
 Maximum difference:  8.811065793270245E-002
 Maximum difference:  0.109280769342149     
 Maximum difference:  1.625054863689002E-002
 Maximum difference:  4.636256907633651E-002
 Maximum difference:  3.415279686214490E-002
 Maximum difference:  6.684221572413662E-003
 Maximum difference:  1.973188717693120E-002
 Maximum difference:  8.771803409217682E-003
 Maximum difference:  5.108761451083410E-003
 Maximum difference:  7.300060755369486E-003
 Maximum difference:  1.489598576881690E-003
 Maximum difference:  2.863976607841323E-003
 Maximum difference:  2.351196995732607E-003
 Maximum difference:  3.534068846420269E-004
 Maximum difference:  1.269586678063206E-003
 Maximum difference:  6.382174969985499E-004
 Maximum difference:  2.874828223866643E-004
 Maximum difference:  4.830657162528951E-004
 Maximum difference:  1.242705056938576E-004
 Maximum difference:  1.752587331793620E-004
 Maximum difference:  1.607455360499443E-004
 Maximum difference:  1.736907324811909E-005
 Maximum difference:  8.094120130408555E-005
 Maximum difference:  4.806161814485677E-005
 Maximum difference:  1.907874593598535E-005
 Maximum difference:  3.281227236584527E-005
 Maximum difference:  1.007975697575603E-005
 Maximum difference:  1.189750219054986E-005
 Maximum difference:  1.294339381274767E-005
 Maximum difference:  9.945397323463112E-007
Chi ref: 0.54
 Maximum difference:   1438.04866640684     
 Maximum difference:   8665.14520028385     
 Maximum difference:   1102.98908526404     
 Maximum difference:   168.911516331811     
 Maximum difference:   53.3316120114823     
 Maximum difference:   54.5723881063344     
 Maximum difference:   115.184322162585     
 Maximum difference:   177.458201315354     
 Maximum difference:   219.088521352015     
 Maximum difference:   273.902171787013     
 Maximum difference:   320.722877148831     
 Maximum difference:   371.308790782839     
 Maximum difference:   441.252953946424     
 Maximum difference:   543.914856274021     
 Maximum difference:   622.056978122267     
 Maximum difference:   758.999557584126     
 Maximum difference:   893.805135675621     
 Maximum difference:   1032.58713033468     
 Maximum difference:   1245.80386189983     
 Maximum difference:   1413.40127842263     
 Maximum difference:   1710.55172899990     
 Maximum difference:   1925.99026348944     
 Maximum difference:   2324.54659151887     
 Maximum difference:   2706.32117442828     
 Maximum difference:   2749.84054157739     
 Maximum difference:   708.183222747688     
 Maximum difference:   1734.35664785019     
 Maximum difference:   6498.22585042366     
 Maximum difference:   1744.09438180899     
 Maximum difference:   606.324611689375     
 Maximum difference:   1226.47307750772     
 Maximum difference:   918.775382343274     
 Maximum difference:   1160.87329960074     
 Maximum difference:   592.486688855972     
 Maximum difference:   593.283990379117     
 Maximum difference:   379.655329494482     
 Maximum difference:   451.545378452815     
 Maximum difference:   543.507266104406     
 Maximum difference:   346.276264868759     
 Maximum difference:   101.961868441772     
 Maximum difference:   211.445938019610     
 Maximum difference:   87.6561205768112     
 Maximum difference:   59.4559796724952     
 Maximum difference:   78.6163621028090     
 Maximum difference:   11.8355479433794     
 Maximum difference:   32.7775728366323     
 Maximum difference:   24.4179704393473     
 Maximum difference:   4.84060509422898     
 Maximum difference:   14.2963094190709     
 Maximum difference:   6.34147717750056     
 Maximum difference:   3.73314210766512     
 Maximum difference:   5.29546284467688     
 Maximum difference:   1.03875926871478     
 Maximum difference:   2.13436702909621     
 Maximum difference:   1.72103599115871     
 Maximum difference:  0.278098874280658     
 Maximum difference:  0.948486243906700     
 Maximum difference:  0.460110698039898     
 Maximum difference:  0.229150586211290     
 Maximum difference:  0.362711997817314     
 Maximum difference:  8.508709972647921E-002
 Maximum difference:  0.137574973278788     
 Maximum difference:  0.119802211625029     
 Maximum difference:  1.586485599864318E-002
 Maximum difference:  6.326562217600440E-002
 Maximum difference:  3.335091768531129E-002
 Maximum difference:  1.397657938105112E-002
 Maximum difference:  2.463712257758743E-002
 Maximum difference:  6.691840019811934E-003
 Maximum difference:  8.861070460625342E-003
 Maximum difference:  8.349106979039789E-003
 Maximum difference:  8.672520980326226E-004
 Maximum difference:  4.190488961285155E-003
 Maximum difference:  2.392728724771587E-003
 Maximum difference:  8.537449339200975E-004
 Maximum difference:  1.671950697527791E-003
 Maximum difference:  5.174953748792177E-004
 Maximum difference:  5.652043837471865E-004
 Maximum difference:  5.782817415820318E-004
 Maximum difference:  4.570038117890363E-005
 Maximum difference:  2.767023543128744E-004
 Maximum difference:  1.710370424916619E-004
 Maximum difference:  5.141445444678538E-005
 Maximum difference:  1.128451867771219E-004
 Maximum difference:  3.916018340532901E-005
 Maximum difference:  3.552926136762835E-005
 Maximum difference:  4.000681383331539E-005
 Maximum difference:  6.072905307519250E-006
 Maximum difference:  1.898121445265133E-005
 Maximum difference:  1.498642814112827E-005
 Maximum difference:  2.919799953815527E-006
 Maximum difference:  9.562570085108746E-006
 Maximum difference:  4.839551365876105E-006
 Maximum difference:  2.483498974470422E-006
 Maximum difference:  4.231814273225609E-006
 Maximum difference:  1.206426532007754E-006
 Maximum difference:  1.677426553214900E-006
 Maximum difference:  1.709854586806614E-006
 Maximum difference:  1.644398253120016E-007
Chi ref: 0.52
 Maximum difference:   1191.73329849077     
 Maximum difference:   8858.18226183945     
 Maximum difference:   1171.06551438992     
 Maximum difference:   289.109706114314     
 Maximum difference:   41.7615783639084     
 Maximum difference:   77.9393662044174     
 Maximum difference:   58.9144936093876     
 Maximum difference:   124.798296381076     
 Maximum difference:   158.909940999889     
 Maximum difference:   199.955744288350     
 Maximum difference:   241.703706767887     
 Maximum difference:   283.995590619086     
 Maximum difference:   357.337672779511     
 Maximum difference:   416.044961311684     
 Maximum difference:   504.683225852252     
 Maximum difference:   596.349828838913     
 Maximum difference:   663.326323207373     
 Maximum difference:   851.935827795974     
 Maximum difference:   951.652867680788     
 Maximum difference:   1154.14604571418     
 Maximum difference:   1375.15865134560     
 Maximum difference:   1547.04769400659     
 Maximum difference:   1906.80941056145     
 Maximum difference:   2120.12233679791     
 Maximum difference:   2597.83559881799     
 Maximum difference:   2888.83670193037     
 Maximum difference:   3535.61785247645     
 Maximum difference:   4174.24461327492     
 Maximum difference:   489.276191574871     
 Maximum difference:   3952.48282665775     
 Maximum difference:   5427.88954200981     
 Maximum difference:   6053.61427215107     
 Maximum difference:   1256.92362126312     
 Maximum difference:   1003.65709061481     
 Maximum difference:   854.993241309958     
 Maximum difference:   903.678788542757     
 Maximum difference:   818.899233330309     
 Maximum difference:   515.512982410591     
 Maximum difference:   645.579202370886     
 Maximum difference:   645.264824268186     
 Maximum difference:   261.832406671096     
 Maximum difference:   243.618293635666     
 Maximum difference:   253.001929497478     
 Maximum difference:   26.0462237980346     
 Maximum difference:   120.108818886480     
 Maximum difference:   71.4256402642513     
 Maximum difference:   24.0162407624539     
 Maximum difference:   50.4152142156845     
 Maximum difference:   15.8923444715838     
 Maximum difference:   16.9979399418135     
 Maximum difference:   17.5009591191138     
 Maximum difference:   1.51225488527689     
 Maximum difference:   8.69440113605378     
 Maximum difference:   5.26954106131871     
 Maximum difference:   1.75654678722867     
 Maximum difference:   3.57661436396666     
 Maximum difference:   1.14728935175935     
 Maximum difference:   1.22910292866072     
 Maximum difference:   1.27868082452642     
 Maximum difference:  0.104367781585097     
 Maximum difference:  0.621578461517856     
 Maximum difference:  0.378756711036658     
 Maximum difference:  0.123803659594159     
 Maximum difference:  0.259974617868465     
 Maximum difference:  8.484794476316893E-002
 Maximum difference:  8.768726588914433E-002
 Maximum difference:  9.229568780301634E-002
 Maximum difference:  7.411426052840397E-003
 Maximum difference:  4.495102606870205E-002
 Maximum difference:  2.767535954808409E-002
 Maximum difference:  8.791633444161562E-003
 Maximum difference:  1.874986042184901E-002
 Maximum difference:  6.194185486492643E-003
 Maximum difference:  6.307871984972735E-003
 Maximum difference:  6.701402704493375E-003
 Maximum difference:  5.127079593876260E-004
 Maximum difference:  3.233228229873930E-003
 Maximum difference:  2.009513491429971E-003
 Maximum difference:  6.287476739998965E-004
 Maximum difference:  1.356263499474153E-003
 Maximum difference:  4.551420761345071E-004
 Maximum difference:  4.514899464993505E-004
 Maximum difference:  4.860390772591927E-004
 Maximum difference:  3.646894901976339E-005
 Maximum difference:  2.331702708033845E-004
 Maximum difference:  1.457795260648709E-004
 Maximum difference:  4.481208861761843E-005
 Maximum difference:  9.808752292883582E-005
 Maximum difference:  3.334650591568789E-005
 Maximum difference:  3.225789441785309E-005
 Maximum difference:  3.547758387867361E-005
 Maximum difference:  4.587794137478340E-006
 Maximum difference:  1.773929307091748E-005
 Maximum difference:  1.336460263701156E-005
 Maximum difference:  3.091406142630149E-006
 Maximum difference:  9.044239050126635E-006
 Maximum difference:  4.204341166769154E-006
 Maximum difference:  2.694620889087673E-006
 Maximum difference:  4.069098395120818E-006
 Maximum difference:  8.911101758712903E-007
Chi ref: 0.5
 Maximum difference:   1442.01934688603     
 Maximum difference:   8766.94775055130     
 Maximum difference:   1111.42092186687     
 Maximum difference:   193.981024555447     
 Maximum difference:   109.581977690346     
 Maximum difference:   64.9352680457594     
 Maximum difference:   107.057697402100     
 Maximum difference:   141.215056325608     
 Maximum difference:   180.293429824271     
 Maximum difference:   220.569014616660     
 Maximum difference:   255.934495390608     
 Maximum difference:   304.003491251018     
 Maximum difference:   388.368333805026     
 Maximum difference:   455.207992567590     
 Maximum difference:   544.163753844357     
 Maximum difference:   633.230709953919     
 Maximum difference:   758.580506822645     
 Maximum difference:   863.912949256559     
 Maximum difference:   1078.17843878160     
 Maximum difference:   1208.83447242569     
 Maximum difference:   1459.39774015857     
 Maximum difference:   1760.78118756896     
 Maximum difference:   1927.46379451838     
 Maximum difference:   2423.94348524050     
 Maximum difference:   2655.37358150744     
 Maximum difference:   3274.36224438661     
 Maximum difference:   3633.51482264907     
 Maximum difference:   4476.08516645419     
 Maximum difference:   5683.26823250411     
 Maximum difference:   1625.83437760070     
 Maximum difference:   10506.1991137039     
 Maximum difference:   6322.97245316850     
 Maximum difference:   4838.79927958194     
 Maximum difference:   930.403185018044     
 Maximum difference:   853.225557785810     
 Maximum difference:   894.796605433670     
 Maximum difference:   705.938471264793     
 Maximum difference:   1070.48372835023     
 Maximum difference:   649.592375145914     
 Maximum difference:   574.786735359908     
 Maximum difference:   349.001219262625     
 Maximum difference:   394.193101881137     
 Maximum difference:   494.644278817224     
 Maximum difference:   342.037368935716     
 Maximum difference:   95.5049754464007     
 Maximum difference:   208.579558266615     
 Maximum difference:   87.3230010603947     
 Maximum difference:   62.4699881931965     
 Maximum difference:   81.0473493507552     
 Maximum difference:   9.81640730274285     
 Maximum difference:   36.4723868502442     
 Maximum difference:   25.4055005202008     
 Maximum difference:   6.55481334867591     
 Maximum difference:   16.3898930377245     
 Maximum difference:   6.18633221028722     
 Maximum difference:   5.21795218480293     
 Maximum difference:   6.11775030893932     
 Maximum difference:  0.582877639669277     
 Maximum difference:   2.90368408228733     
 Maximum difference:   1.90283744217413     
 Maximum difference:  0.605518105699957     
 Maximum difference:   1.26212371181100     
 Maximum difference:  0.431044197523079     
 Maximum difference:  0.429998789091769     
 Maximum difference:  0.463472801115131     
 Maximum difference:  3.766443574113509E-002
 Maximum difference:  0.228962427061560     
 Maximum difference:  0.139951614577512     
 Maximum difference:  4.760625002836605E-002
 Maximum difference:  9.802384278191312E-002
 Maximum difference:  3.052256091450545E-002
 Maximum difference:  3.492078684485023E-002
 Maximum difference:  3.522070784765674E-002
 Maximum difference:  3.572814250219380E-003
 Maximum difference:  1.809149187101866E-002
 Maximum difference:  1.038965489442489E-002
 Maximum difference:  4.017176251181809E-003
 Maximum difference:  7.581230926007265E-003
 Maximum difference:  2.130286579813401E-003
 Maximum difference:  2.830071492098796E-003
 Maximum difference:  2.675310616723436E-003
 Maximum difference:  3.261203260080947E-004
 Maximum difference:  1.424171866347024E-003
 Maximum difference:  7.673427417103085E-004
 Maximum difference:  3.364510894243722E-004
 Maximum difference:  5.856592124473536E-004
 Maximum difference:  1.468617774662562E-004
 Maximum difference:  2.279146547152777E-004
 Maximum difference:  2.023616580117960E-004
 Maximum difference:  2.940136801043991E-005
 Maximum difference:  1.117503061323077E-004
 Maximum difference:  5.643015356326941E-005
 Maximum difference:  2.780666090984596E-005
 Maximum difference:  4.507358244154602E-005
 Maximum difference:  1.236735897691688E-005
 Maximum difference:  1.877468093880452E-005
 Maximum difference:  1.854050606198143E-005
 Maximum difference:  2.260985183966113E-006
 Maximum difference:  1.082625749404542E-005
 Maximum difference:  6.540706635860261E-006
 Maximum difference:  2.554681486799382E-006
 Maximum difference:  5.291799425322097E-006
 Maximum difference:  1.767301910149399E-006
 Maximum difference:  2.036624209722504E-006
 Maximum difference:  2.274624421261251E-006
 Maximum difference:  1.828793756430969E-007
