 
:: WARNING: setvars.sh has already been run. Skipping re-execution.
   To force a re-execution of setvars.sh, use the '--force' option.
   Using '--force' can result in excessive use of your environment variables.
  
usage: source setvars.sh [--force] [--config=file] [--help] [...]
  --force        Force setvars.sh to re-run, doing so may overload environment.
  --config=file  Customize env vars using a setvars.sh configuration file.
  --help         Display this help message and exit.
  ...            Additional args are passed to individual env/vars.sh scripts
                 and should follow this script's arguments.
  
  Some POSIX shells do not accept command-line options. In that case, you can pass
  command-line options via the SETVARS_ARGS environment variable. For example:
  
  $ SETVARS_ARGS="ia32 --config=config.txt" ; export SETVARS_ARGS
  $ . path/to/setvars.sh
  
  The SETVARS_ARGS environment variable is cleared on exiting setvars.sh.
  
Loading intel-mkl/2024.2
  Loading requirement: intel-tbb/2021.13 intel-rt/2024.2
Chi ref: 10.0
 Error:   1.354214016202615E-007  3.115324197924405E-011
 Maximum difference:   4076.74148356773     
 Psudo Radius:  3.358249012260445E-004
 Error:  -2.358298973543044E-002  3.133605011730420E-011
 Maximum difference:   286.812455054622     
 Psudo Radius:  3.023088245983837E-004
 Error:  -1.392944385069692E-002 -2.914889029726199E-011
 Maximum difference:   392.660369539983     
 Psudo Radius:  2.721136561321210E-004
 Error:  -5.546484857077233E-003 -2.913046968208171E-011
 Maximum difference:   469.356853659414     
 Psudo Radius:  2.449493175666981E-004
 Error:   6.218315368772542E-004 -2.935152632483093E-011
 Maximum difference:   559.404118048346     
 Psudo Radius:  2.205664461720798E-004
 Error:   4.674518258592802E-003  2.981051884816587E-011
 Maximum difference:   663.517031478687     
 Psudo Radius:  1.988575520427604E-004
 Error:   6.927314510646848E-003  3.017341835989063E-011
 Maximum difference:   788.072744113361     
 Psudo Radius:  1.800937770550815E-004
 Error:   8.095866504151561E-003  3.077974297529918E-011
 Maximum difference:   859.498575569070     
 Psudo Radius:  1.659830858548093E-004
 Error:   7.960842314963301E-003  3.081445979981927E-011
 Maximum difference:   742.710253836107     
 Psudo Radius:  1.592093827297642E-004
 Error:   6.404275590911668E-003  3.115148528933783E-011
 Maximum difference:   412.086709605980     
 Psudo Radius:  1.571092259437653E-004
 Error:   4.613717715242910E-003  3.118129543928479E-011
 Maximum difference:   132.720278424460     
 Psudo Radius:  1.573747752973715E-004
 Error:   3.029575553702035E-003  3.139742831216592E-011
 Maximum difference:   20.2367635962055     
 Psudo Radius:  1.581244118893034E-004
 Error:   1.852072394207954E-003  3.129460178198902E-011
 Maximum difference:   46.3691659914239     
 Psudo Radius:  1.585303737649019E-004
 Error:   1.102006987515697E-003  3.150750196201895E-011
 Maximum difference:   22.3787936310964     
 Psudo Radius:  1.585760880725835E-004
 Error:   6.728227843702805E-004  3.149631957529873E-011
 Maximum difference:   1.20019483469787     
 Psudo Radius:  1.584842410458170E-004
 Error:   4.314022461154587E-004  3.129024659389554E-011
 Maximum difference:   7.50898949369457     
 Psudo Radius:  1.584020179996055E-004
 Error:   2.851379614916549E-004  3.126202775607174E-011
 Maximum difference:   6.01737308140218     
 Psudo Radius:  1.583678591814536E-004
 Error:   1.883510771912844E-004  3.152786927071727E-011
 Maximum difference:   2.47111034836325     
 Psudo Radius:  1.583668005611124E-004
 Error:   1.214359660598185E-004  3.143273769222293E-011
 Maximum difference:  0.258942430013121     
 Psudo Radius:  1.583739730745327E-004
 Error:   7.669869222595715E-005  3.124088822236848E-011
 Maximum difference:  0.314353141328866     
 Psudo Radius:  1.583786667208061E-004
 Error:   4.795581690655859E-005  3.137245565473928E-011
 Maximum difference:  0.179923965482885     
 Psudo Radius:  1.583792978398575E-004
 Error:   3.014950527105431E-005  3.151706764148238E-011
 Maximum difference:  8.388995592213178E-002
 Psudo Radius:  1.583781176419945E-004
 Error:   1.894305388366879E-005  3.150555624328574E-011
 Maximum difference:  0.137552202982988     
 Psudo Radius:  1.583766953736960E-004
 Error:   1.220848109093065E-005  3.149190978126478E-011
 Maximum difference:  0.121889120330707     
 Psudo Radius:  1.583759065207567E-004
 Error:   7.888313546838832E-006  3.128202856565327E-011
 Maximum difference:  6.912368504981714E-002
 Psudo Radius:  1.583756219383934E-004
 Error:   5.085119100883828E-006  3.148179349957512E-011
 Maximum difference:  2.733131527111254E-002
 Psudo Radius:  1.583756919858163E-004
 Error:   3.238570858793421E-006  3.126991922430819E-011
 Maximum difference:  1.835744186791999E-003
 Psudo Radius:  1.583757704683730E-004
Chi ref: 3.45
 Error:   1.354214016202615E-007  3.115324197924405E-011
 Maximum difference:   4187.12812063293     
 Psudo Radius:  3.693815977566506E-004
 Error:  -2.865197369536193E-002  3.133605011730420E-011
 Maximum difference:   60.0324863933049     
 Psudo Radius:  3.324817857742421E-004
 Error:  -1.979765200522485E-002 -2.892940721096461E-011
 Maximum difference:   348.736624157922     
 Psudo Radius:  2.992443827935187E-004
 Error:  -8.673029224770618E-003 -2.868184726913149E-011
 Maximum difference:   401.848512724112     
 Psudo Radius:  2.693322112399206E-004
 Error:  -7.838462778711197E-004 -2.881471466948776E-011
 Maximum difference:   477.231067054559     
 Psudo Radius:  2.424353056819808E-004
 Error:   4.223183558769217E-003 -2.916065585720695E-011
 Maximum difference:   588.479737203166     
 Psudo Radius:  2.183215206759721E-004
 Error:   8.169396944792379E-003  2.957396388322065E-011
 Maximum difference:   679.780685992813     
 Psudo Radius:  1.974543769626062E-004
 Error:   9.613449994495343E-003  3.016672225473865E-011
 Maximum difference:   764.846345792848     
 Psudo Radius:  1.821600801699263E-004
 Error:   9.660691855956027E-003  3.057428469976030E-011
 Maximum difference:   584.817752831032     
 Psudo Radius:  1.799681927239159E-004
 Error:   7.306232881795771E-003  3.085825384778435E-011
 Maximum difference:   62.2305825867052     
 Psudo Radius:  1.842849526835147E-004
 Error:   4.483819384912019E-003  3.105550932870500E-011
 Maximum difference:   200.524493304584     
 Psudo Radius:  1.878280710104528E-004
 Error:   2.315057714029040E-003  3.099159631615175E-011
 Maximum difference:   133.330294305018     
 Psudo Radius:  1.881897789736913E-004
 Error:   1.222167967331794E-003  3.114857044404918E-011
 Maximum difference:   11.7577280203727     
 Psudo Radius:  1.870724482869523E-004
 Error:   8.484062714942675E-004  3.103035399846076E-011
 Maximum difference:   52.6991995499029     
 Psudo Radius:  1.862345058099021E-004
 Error:   6.823043661590700E-004  3.092074196173011E-011
 Maximum difference:   34.5260703995082     
 Psudo Radius:  1.861248728085498E-004
 Error:   4.995630084314029E-004  3.101962468623392E-011
 Maximum difference:   2.72594842270428     
 Psudo Radius:  1.863768234188521E-004
 Error:   3.069834508188374E-004  3.116545483306419E-011
 Maximum difference:   10.9965393329421     
 Psudo Radius:  1.865798450259317E-004
 Error:   1.640043801008073E-004  3.117554412525163E-011
 Maximum difference:   7.58689110108844     
 Psudo Radius:  1.866097956660866E-004
 Error:   8.996370216082794E-005  3.110883608049798E-011
 Maximum difference:  0.394941146196288     
 Psudo Radius:  1.865593606839318E-004
 Error:   5.912672443567080E-005  3.119837206474779E-011
 Maximum difference:   2.57384702966465     
 Psudo Radius:  1.865096181708541E-004
 Error:   4.503521883464368E-005  3.120036102559923E-011
 Maximum difference:   2.09611880416378     
 Psudo Radius:  1.864974024965472E-004
 Error:   3.258165908143207E-005  3.113664399137722E-011
 Maximum difference:  0.484609881610595     
 Psudo Radius:  1.865034555598136E-004
 Error:   2.141191065510584E-005  3.099932850031601E-011
 Maximum difference:  0.300558798469865     
 Psudo Radius:  1.865149135991612E-004
 Error:   1.238612568818520E-005  3.096117306458100E-011
 Maximum difference:  0.476564490915734     
 Psudo Radius:  1.865225590607908E-004
 Error:   6.618805379360326E-006  3.106618335719271E-011
 Maximum difference:  0.285564400289331     
 Psudo Radius:  1.865233329693398E-004
 Error:   3.626891242280994E-006  3.123747609398580E-011
 Maximum difference:  3.539523116523924E-002
 Psudo Radius:  1.865202605006290E-004
 Error:   2.501694203072002E-006  3.095129282088204E-011
 Maximum difference:  0.146714010564210     
 Psudo Radius:  1.865179048575794E-004
 Error:   1.979728004392056E-006  3.103902128748790E-011
 Maximum difference:  9.772453298137407E-002
 Psudo Radius:  1.865175303913640E-004
 Error:   1.449346162030185E-006  3.121415624586386E-011
 Maximum difference:  1.119854750595550E-002
 Psudo Radius:  1.865182037473356E-004
 Error:   9.129306799970927E-007  3.113553202014564E-011
 Maximum difference:  3.069597387002432E-002
 Psudo Radius:  1.865189471472384E-004
 Error:   4.898690050547660E-007  3.113056850237778E-011
 Maximum difference:  3.005092052535474E-002
 Psudo Radius:  1.865192527953566E-004
 Error:   2.442230621901853E-007  3.094600452422281E-011
 Maximum difference:  1.064129992118978E-002
 Psudo Radius:  1.865191977698899E-004
 Error:   1.372714656389107E-007  3.094730023754699E-011
 Maximum difference:  4.143748900787614E-003
 Psudo Radius:  1.865190042519799E-004
Chi ref: 2.08
 Error:   1.354214016202615E-007  3.115324197924405E-011
 Maximum difference:   4261.32086264359     
 Psudo Radius:  4.031254866636751E-004
 Error:  -3.168099467795607E-002  3.133605011730420E-011
 Maximum difference:   159.682284505448     
 Psudo Radius:  3.628406525006178E-004
 Error:  -2.603819522876660E-002 -2.844470822617923E-011
 Maximum difference:   314.172344411772     
 Psudo Radius:  3.265614698341762E-004
 Error:  -1.246996209824516E-002 -2.802230763097052E-011
 Maximum difference:   351.584096521323     
 Psudo Radius:  2.939078953157485E-004
 Error:  -2.392688877905558E-003 -2.834768168410847E-011
 Maximum difference:   415.205439790809     
 Psudo Radius:  2.645233904257161E-004
 Error:   3.792158839249188E-003 -2.877491581037306E-011
 Maximum difference:   500.852084166510     
 Psudo Radius:  2.381020931297894E-004
 Error:   7.803860715696304E-003  2.917681932563042E-011
 Maximum difference:   605.834065718666     
 Psudo Radius:  2.144987411062579E-004
 Error:   1.054640891073858E-002  2.978691384926983E-011
 Maximum difference:   713.798650850155     
 Psudo Radius:  1.947661122395560E-004
 Error:   1.152073475648482E-002  3.040012654212773E-011
 Maximum difference:   682.674180284603     
 Psudo Radius:  1.862650165085210E-004
 Error:   9.853272649658074E-003  3.060139358515514E-011
 Maximum difference:   256.172912878225     
 Psudo Radius:  1.938597580453901E-004
 Error:   6.309827286950093E-003  3.091165321430516E-011
 Maximum difference:   339.976962030992     
 Psudo Radius:  2.027119603953708E-004
 Error:   2.858499483105126E-003  3.088129081259042E-011
 Maximum difference:   286.581893874864     
 Psudo Radius:  2.034789172199971E-004
 Error:   1.140669043983022E-003  3.100591398023652E-011
 Maximum difference:   36.0569304985902     
 Psudo Radius:  1.999491871579192E-004
 Error:   9.708816217031402E-004  3.101575318438668E-011
 Maximum difference:   134.508979117700     
 Psudo Radius:  1.974922451391021E-004
 Error:   1.070956415095359E-003  3.097973008253228E-011
 Maximum difference:   80.4143591959782     
 Psudo Radius:  1.975728880310498E-004
 Error:   8.511301613911282E-004  3.090932642606195E-011
 Maximum difference:   16.1689947973673     
 Psudo Radius:  1.987667526762339E-004
 Error:   4.471074773867434E-004  3.105821440327911E-011
 Maximum difference:   43.7378851611784     
 Psudo Radius:  1.994297925807994E-004
 Error:   1.517983630327790E-004  3.086313450708739E-011
 Maximum difference:   19.2249262600199     
 Psudo Radius:  1.992706851021130E-004
 Error:   6.419762235415627E-005  3.085023957445010E-011
 Maximum difference:   8.97791328373478     
 Psudo Radius:  1.988792790338888E-004
 Error:   8.378216512971992E-005  3.091714034177904E-011
 Maximum difference:   14.1947239555220     
 Psudo Radius:  1.987212068491081E-004
 Error:   9.359799399452640E-005  3.080777173031740E-011
 Maximum difference:   4.49031067285978     
 Psudo Radius:  1.988058810613090E-004
 Error:   6.464217634913338E-005  3.100690992397596E-011
 Maximum difference:   3.72043007862703     
 Psudo Radius:  1.989314655260869E-004
 Error:   2.627231410617936E-005  3.109692691480960E-011
 Maximum difference:   4.38806940859013     
 Psudo Radius:  1.989775144319129E-004
 Error:   4.301467729533881E-006  3.086317338943329E-011
 Maximum difference:   1.15277808154860     
 Psudo Radius:  1.989444533394634E-004
 Error:   2.088290827179096E-006  3.091527382255398E-011
 Maximum difference:   1.42151567505516     
 Psudo Radius:  1.989025225253591E-004
 Error:   6.225293959216671E-006  3.083392323138226E-011
 Maximum difference:   1.54993008932070     
 Psudo Radius:  1.988832796321944E-004
 Error:   8.838149605644441E-006  3.081790550465210E-011
 Maximum difference:  0.512467886002923     
 Psudo Radius:  1.988961910522723E-004
 Error:   5.899026525424400E-006  3.106303640400027E-011
 Maximum difference:  0.539305964091909     
 Psudo Radius:  1.989115330200928E-004
 Error:   1.808477309322987E-006  3.088065985434433E-011
 Maximum difference:  0.529683420850233     
 Psudo Radius:  1.989164396457129E-004
 Error:  -2.579444133843367E-007  3.106162934722328E-011
 Maximum difference:  0.125503686611410     
 Psudo Radius:  1.989127690009446E-004
 Error:  -2.811864454888013E-007 -3.083174640611651E-011
 Maximum difference:  0.160040442004174     
 Psudo Radius:  1.989075044489576E-004
 Error:   3.754050859339220E-007 -3.099317458956933E-011
 Maximum difference:  0.193128923492623     
 Psudo Radius:  1.989045836988559E-004
 Error:   7.903350837945577E-007  3.088134411941600E-011
 Maximum difference:  9.613510601411690E-002
 Psudo Radius:  1.989046674018563E-004
 Error:   7.493591532015120E-007  3.084282077442133E-011
 Maximum difference:  2.280152342154906E-002
 Psudo Radius:  1.989066487732077E-004
 Error:   3.635021421366513E-007  3.104201038376911E-011
 Maximum difference:  7.674586485336476E-002
 Psudo Radius:  1.989083596766255E-004
 Error:  -9.343891216317957E-009  3.086467613417158E-011
 Maximum difference:  5.961422284144646E-002
 Psudo Radius:  1.989088509386548E-004
 Error:  -1.748500136067310E-007 -3.107644515709165E-011
 Maximum difference:  1.076682963957865E-002
 Psudo Radius:  1.989082148164594E-004
 Error:  -1.075814324846824E-007 -3.102858688726236E-011
 Maximum difference:  2.627649317491887E-002
 Psudo Radius:  1.989074666764136E-004
 Error:   1.875560970421297E-008 -3.090984925188415E-011
 Maximum difference:  2.684734421745816E-002
 Psudo Radius:  1.989071148447988E-004
 Error:   8.662277167781340E-008  3.083233811804486E-011
 Maximum difference:  1.106859981973685E-002
 Psudo Radius:  1.989071819583552E-004
 Error:   8.116492014598187E-008  3.097849125356703E-011
 Maximum difference:  4.265442449650436E-003
 Psudo Radius:  1.989074658687440E-004
Chi ref: 1.49
 Error:   1.354214016202615E-007  3.115324197924405E-011
 Maximum difference:   4318.04957772762     
 Psudo Radius:  4.367734981613721E-004
 Error:  -3.383628177520465E-002  3.133605011730420E-011
 Maximum difference:   335.336684043829     
 Psudo Radius:  3.931192250643130E-004
 Error:  -3.319361473726673E-002 -2.843602827747633E-011
 Maximum difference:   286.245403416642     
 Psudo Radius:  3.538113432562576E-004
 Error:  -1.719423053611965E-002 -2.742383137705889E-011
 Maximum difference:   307.980942629977     
 Psudo Radius:  3.184317502828536E-004
 Error:  -4.676077264849865E-003 -2.756800836160446E-011
 Maximum difference:   370.206091977113     
 Psudo Radius:  2.865894797921471E-004
 Error:   3.617529204388625E-003 -2.803098333648228E-011
 Maximum difference:   436.621943352741     
 Psudo Radius:  2.579348814892385E-004
 Error:   8.048023304621205E-003  2.880627146396220E-011
 Maximum difference:   524.189084995756     
 Psudo Radius:  2.321789948306422E-004
 Error:   1.060131750865889E-002  2.911991438154844E-011
 Maximum difference:   637.566772240048     
 Psudo Radius:  2.092489155170014E-004
 Error:   1.250214683448136E-002  2.975740026698723E-011
 Maximum difference:   731.351027461896     
 Psudo Radius:  1.912585495292436E-004
 Error:   1.256048438791979E-002  3.037558313193331E-011
 Maximum difference:   607.764733088924     
 Psudo Radius:  1.900804742188909E-004
 Error:   9.845257101729954E-003  3.073210975870293E-011
 Maximum difference:   198.773264496459     
 Psudo Radius:  2.083213063457848E-004
 Error:   5.089112394417561E-003  3.084814052055200E-011
 Maximum difference:   652.980102466079     
 Psudo Radius:  2.175685245481954E-004
 Error:   1.166308245950903E-003  3.076750022170313E-011
 Maximum difference:   197.864267546588     
 Psudo Radius:  2.119804316398534E-004
 Error:   4.753558299808724E-004  3.064664940754341E-011
 Maximum difference:   215.211807988559     
 Psudo Radius:  2.045113807552446E-004
 Error:   1.383198613719383E-003  3.056320650565467E-011
 Maximum difference:   231.104757753088     
 Psudo Radius:  2.025696128541966E-004
 Error:   1.590045120078959E-003  3.091908302002548E-011
 Maximum difference:   37.3057262157581     
 Psudo Radius:  2.053687747081308E-004
 Error:   9.427146147445997E-004  3.100228588163930E-011
 Maximum difference:   104.792320803359     
 Psudo Radius:  2.079808037278376E-004
 Error:   1.932758014453750E-004  3.097829439509869E-011
 Maximum difference:   74.2598040674147     
 Psudo Radius:  2.078659974849874E-004
 Error:  -6.059551383008621E-005  3.085430016220372E-011
 Maximum difference:   18.9804202247465     
 Psudo Radius:  2.064642240741436E-004
 Error:   8.208969850923009E-005 -3.069081804038174E-011
 Maximum difference:   47.3379538037088     
 Psudo Radius:  2.057081080337423E-004
 Error:   2.193237939707438E-004  3.086010356228164E-011
 Maximum difference:   19.6415663061680     
 Psudo Radius:  2.060370425742979E-004
 Error:   1.701875332916769E-004  3.091546887421037E-011
 Maximum difference:   14.3671114199678     
 Psudo Radius:  2.066208386662761E-004
 Error:   3.950783863992946E-005  3.094351447753297E-011
 Maximum difference:   18.3366226975431     
 Psudo Radius:  2.067823572952424E-004
 Error:  -3.098990196656604E-005  3.089559117181198E-011
 Maximum difference:   2.83223596854532     
 Psudo Radius:  2.065654139992953E-004
 Error:  -1.486343865844675E-005 -3.070692911317678E-011
 Maximum difference:   8.13200552568196     
 Psudo Radius:  2.063538264032445E-004
 Error:   2.354782412233858E-005 -3.069073471353036E-011
 Maximum difference:   6.21135177149881     
 Psudo Radius:  2.063461686215334E-004
 Error:   3.030739263740201E-005  3.099650248148348E-011
 Maximum difference:  0.940993148582038     
 Psudo Radius:  2.064421464501949E-004
 Error:   1.349691586827184E-005  3.079964033089295E-011
 Maximum difference:   3.35202842907347     
 Psudo Radius:  2.065148849001217E-004
 Error:  -3.302623806156202E-006  3.082586532957694E-011
 Maximum difference:   2.13006321482771     
 Psudo Radius:  2.065173487165972E-004
 Error:  -7.639025355166140E-006 -3.090112128899236E-011
 Maximum difference:  0.307023586158266     
 Psudo Radius:  2.064811483797502E-004
 Error:  -3.380992995599685E-006 -3.090093048242968E-011
 Maximum difference:   1.35669469879394     
 Psudo Radius:  2.064437785182698E-004
 Error:   3.336002273812699E-006 -3.080130731342499E-011
 Maximum difference:   1.11918037921987     
 Psudo Radius:  2.064399058801674E-004
 Error:   5.073264025101665E-006  3.079352040658120E-011
 Maximum difference:  0.113004355311659     
 Psudo Radius:  2.064554692324596E-004
 Error:   2.526129427388168E-006  3.084762003657648E-011
 Maximum difference:  0.564561164106635     
 Psudo Radius:  2.064692342689514E-004
 Error:  -5.818811745772479E-007  3.087258727529411E-011
 Maximum difference:  0.394795359489763     
 Psudo Radius:  2.064693597565926E-004
 Error:  -1.247085476080434E-006 -3.084320276473926E-011
 Maximum difference:  4.686917772278321E-002
 Psudo Radius:  2.064642514858560E-004
 Error:  -5.774846986994486E-007 -3.083355234008111E-011
 Maximum difference:  0.186847486582337     
 Psudo Radius:  2.064589656073895E-004
 Error:   3.107372271993203E-007 -3.091087223414375E-011
 Maximum difference:  0.172159512333565     
 Psudo Radius:  2.064571363187468E-004
 Error:   7.987067091597133E-007  3.090607754443954E-011
 Maximum difference:  3.347653439050191E-002
 Psudo Radius:  2.064597273751821E-004
 Error:   4.628842438514358E-007  3.075909729558817E-011
 Maximum difference:  9.493103357544896E-002
 Psudo Radius:  2.064624187889020E-004
 Error:  -4.372245696049326E-008  3.096906201564475E-011
 Maximum difference:  8.880742806923081E-002
 Psudo Radius:  2.064634361379107E-004
 Error:  -3.550689627040970E-007 -3.097981154594176E-011
 Maximum difference:  1.791694314670167E-002
 Psudo Radius:  2.064619701887635E-004
 Error:  -1.890604675869323E-007 -3.073337187475591E-011
 Maximum difference:  5.309673625561118E-002
 Psudo Radius:  2.064605772178144E-004
 Error:   6.792230053398463E-008 -3.086222661243397E-011
 Maximum difference:  4.349018237371638E-002
 Psudo Radius:  2.064601632786608E-004
 Error:   1.690280006239053E-007  3.071599453030889E-011
 Maximum difference:  9.960768543351151E-003
 Psudo Radius:  2.064605236641963E-004
Chi ref: 1.16
 Error:   1.354214016202615E-007  3.115324197924405E-011
 Maximum difference:   4363.49361315468     
 Psudo Radius:  4.705198381555555E-004
 Error:  -3.543415647534637E-002  3.133605011730420E-011
 Maximum difference:   484.953241881645     
 Psudo Radius:  4.234889548091016E-004
 Error:  -4.108067266347515E-002 -2.815044081672635E-011
 Maximum difference:   260.682869536792     
 Psudo Radius:  3.811444876472233E-004
 Error:  -2.350203269876985E-002 -2.684324888469972E-011
 Maximum difference:   274.677905399811     
 Psudo Radius:  3.430319992586854E-004
 Error:  -7.958397707997444E-003 -2.690611500174214E-011
 Maximum difference:   329.635917183969     
 Psudo Radius:  3.087297814774597E-004
 Error:   3.212481030355430E-003 -2.752679752665703E-011
 Maximum difference:   388.282180090572     
 Psudo Radius:  2.778573532234528E-004
 Error:   8.986823509350789E-003  2.810503833212595E-011
 Maximum difference:   465.212293652417     
 Psudo Radius:  2.500757741545647E-004
 Error:   1.170393596472338E-002  2.870026596241235E-011
 Maximum difference:   568.342562271303     
 Psudo Radius:  2.251254974656219E-004
 Error:   1.379654556536658E-002  2.917162191008735E-011
 Maximum difference:   661.793822939547     
 Psudo Radius:  2.035695142646689E-004
 Error:   1.410709105593877E-002  2.993214350426479E-011
 Maximum difference:   701.582298726624     
 Psudo Radius:  1.904159579981331E-004
 Error:   1.251786262268728E-002  3.040797332197454E-011
 Maximum difference:   416.401978469697     
 Psudo Radius:  1.975527809196462E-004
 Error:   8.902597860317746E-003  3.069226234593167E-011
 Maximum difference:   413.374900773024     
 Psudo Radius:  2.217424019990701E-004
 Error:   3.494132193701815E-003  3.095768402909790E-011
 Maximum difference:   715.720020630059     
 Psudo Radius:  2.264368317540650E-004
 Error:  -1.890854098131611E-004  3.082683920610514E-011
 Maximum difference:   60.1527482806327     
 Psudo Radius:  2.155660287617055E-004
 Error:   3.950155680765843E-004  3.057364035352566E-011
 Maximum difference:   345.352103347137     
 Psudo Radius:  2.063804374989183E-004
 Error:   1.969622181815983E-003  3.063974523154154E-011
 Maximum difference:   250.746137767171     
 Psudo Radius:  2.067679365549169E-004
 Error:   1.916958387405049E-003  3.074714325371697E-011
 Maximum difference:   72.7821100442934     
 Psudo Radius:  2.125933475832975E-004
 Error:   7.478391653076288E-004  3.071939857795507E-011
 Maximum difference:   183.564104949122     
 Psudo Radius:  2.152189456085359E-004
 Error:  -1.862549426537852E-004  3.073056934956528E-011
 Maximum difference:   52.6469153363723     
 Psudo Radius:  2.131331853704666E-004
 Error:  -1.581272966912073E-004 -3.082291416274971E-011
 Maximum difference:   77.1134879026558     
 Psudo Radius:  2.105311233517060E-004
 Error:   2.796387187325167E-004 -3.083203888117920E-011
 Maximum difference:   73.2388984033978     
 Psudo Radius:  2.103027348660459E-004
 Error:   3.990742995988728E-004  3.088818202318229E-011
 Maximum difference:   12.9644952250014     
 Psudo Radius:  2.117182737024302E-004
 Error:   1.601761978778371E-004  3.083558180889898E-011
 Maximum difference:   45.9602196124115     
 Psudo Radius:  2.125878481546040E-004
 Error:  -7.784987771053409E-005  3.063177961452742E-011
 Maximum difference:   20.4865930659753     
 Psudo Radius:  2.122074162291832E-004
 Error:  -8.574873449074261E-005 -3.091618756809456E-011
 Maximum difference:   15.8700884622276     
 Psudo Radius:  2.115190098912454E-004
 Error:   2.883275955817277E-005 -3.088317195833298E-011
 Maximum difference:   20.3004129022183     
 Psudo Radius:  2.113451974702694E-004
 Error:   8.744892498313561E-005  3.062451565889538E-011
 Maximum difference:   2.21232147657338     
 Psudo Radius:  2.116729836477383E-004
 Error:   4.396988214006026E-005  3.073503040517606E-011
 Maximum difference:   11.2634440095617     
 Psudo Radius:  2.119580935610290E-004
 Error:  -2.013663502908880E-005  3.089189939473885E-011
 Maximum difference:   7.55682623391476     
 Psudo Radius:  2.119223360268054E-004
 Error:  -3.364685426870961E-005 -3.071374843304676E-011
 Maximum difference:   2.96646254627558     
 Psudo Radius:  2.117185648933103E-004
 Error:  -1.866655058191391E-006 -3.077987952249845E-011
 Maximum difference:   6.26063468188295     
 Psudo Radius:  2.116337512592871E-004
 Error:   2.156171463996159E-005 -3.068111263948576E-011
 Maximum difference:   1.71549793125723     
 Psudo Radius:  2.117077564369364E-004
 Error:   1.404875335250799E-005  3.074753844354257E-011
 Maximum difference:   2.64335600870800     
 Psudo Radius:  2.117945019121103E-004
 Error:  -1.951585101495068E-006  3.086819884061276E-011
 Maximum difference:   2.65646675483276     
 Psudo Radius:  2.118217543010486E-004
 Error:  -1.194023310349679E-005 -3.079304285435740E-011
 Maximum difference:  0.313748910977665     
 Psudo Radius:  2.117619241862765E-004
 Error:  -5.178613232070806E-006 -3.066773928370597E-011
 Maximum difference:   2.05415842173716     
 Psudo Radius:  2.117113430151809E-004
 Error:   5.649443728550363E-006 -3.076606088039957E-011
 Maximum difference:   1.29697865991329     
 Psudo Radius:  2.117224449998821E-004
 Error:   6.631897026293521E-006  3.067986425804348E-011
 Maximum difference:  0.569853083417911     
 Psudo Radius:  2.117572862556551E-004
 Error:   1.012186873955434E-006  3.062133068478542E-011
 Maximum difference:   1.10158415663591     
 Psudo Radius:  2.117752285948906E-004
 Error:  -3.657232744480599E-006  3.086463899383301E-011
 Maximum difference:  0.393628483475368     
 Psudo Radius:  2.117624072847885E-004
 Error:  -2.807310350794179E-006 -3.082456603048285E-011
 Maximum difference:  0.480372496273048     
 Psudo Radius:  2.117438320763021E-004
 Error:   2.428264977982764E-007 -3.078125655168826E-011
 Maximum difference:  0.573230245763625     
 Psudo Radius:  2.117352539176768E-004
 Error:   2.247309160013922E-006  3.083591214329279E-011
 Maximum difference:  0.196353860012096     
 Psudo Radius:  2.117409281106031E-004
 Error:   1.799507447164395E-006  3.070593931249681E-011
 Maximum difference:  0.221794814797249     
 Psudo Radius:  2.117509522047916E-004
 Error:   2.012287395602996E-007  3.092247381960836E-011
 Maximum difference:  0.312887407226299     
 Psudo Radius:  2.117570027079660E-004
 Error:  -9.397437991665036E-007  3.070092574133037E-011
 Maximum difference:  0.171159836095285     
 Psudo Radius:  2.117570620205489E-004
 Error:  -1.209922110223527E-006 -3.066353013074803E-011
 Maximum difference:  4.944877837260719E-002
 Psudo Radius:  2.117517646675750E-004
 Error:  -4.952439538186137E-007 -3.091331709849904E-011
 Maximum difference:  0.176791043074445     
 Psudo Radius:  2.117470069731343E-004
 Error:   3.476178424555165E-007 -3.064848125196272E-011
 Maximum difference:  0.138290953248543     
 Psudo Radius:  2.117457946713292E-004
 Error:   6.632044291521311E-007  3.067145859668803E-011
 Maximum difference:  2.203304581416887E-002
 Psudo Radius:  2.117475521217696E-004
 Error:   4.424223788712656E-007  3.080296720659417E-011
 Maximum difference:  6.369694575005269E-002
 Psudo Radius:  2.117500706782666E-004
 Error:   3.889605293405651E-008  3.078147330501604E-011
 Maximum difference:  7.857408769632457E-002
 Psudo Radius:  2.117516688725287E-004
 Error:  -2.367912281808771E-007  3.078843449457202E-011
 Maximum difference:  4.523389386849885E-002
 Psudo Radius:  2.117519019656949E-004
 Error:  -2.899078700713265E-007 -3.079068922628389E-011
 Maximum difference:  2.632148221891839E-003
 Psudo Radius:  2.117511625165317E-004
Chi ref: 0.95
 Error:   1.354214016202615E-007  3.115324197924405E-011
 Maximum difference:   4400.58915682176     
 Psudo Radius:  5.042015918530993E-004
 Error:  -3.661727866176490E-002  3.133605011730420E-011
 Maximum difference:   610.274557048924     
 Psudo Radius:  4.538020185598815E-004
 Error:  -4.902043137799147E-002 -2.809353258936448E-011
 Maximum difference:   234.312461179350     
 Psudo Radius:  4.084270316421959E-004
 Error:  -3.109023925906840E-002 -2.632849114061453E-011
 Maximum difference:   244.256741321871     
 Psudo Radius:  3.675870263898857E-004
 Error:  -1.325211206581203E-002 -2.620894195852809E-011
 Maximum difference:   299.555486418819     
 Psudo Radius:  3.308298975856928E-004
 Error:   1.824871189079175E-003 -2.659878037699082E-011
 Maximum difference:   351.586209127539     
 Psudo Radius:  2.977477546830349E-004
 Error:   1.070008345316298E-002  2.752380550826018E-011
 Maximum difference:   416.991215084392     
 Psudo Radius:  2.679735511129669E-004
 Error:   1.414870093087944E-002  2.834680166029374E-011
 Maximum difference:   500.380355318569     
 Psudo Radius:  2.411971088593135E-004
 Error:   1.518051317384408E-002  2.883222854043449E-011
 Maximum difference:   592.258874574371     
 Psudo Radius:  2.173399712883783E-004
 Error:   1.513159706509046E-002  2.961279801384556E-011
 Maximum difference:   714.535487728280     
 Psudo Radius:  1.973386116461611E-004
 Error:   1.506228385903560E-002  3.012335663385924E-011
 Maximum difference:   649.276619757739     
 Psudo Radius:  1.934747743057693E-004
 Error:   1.228760452814184E-002  3.057477171909790E-011
 Maximum difference:   257.320218121547     
 Psudo Radius:  2.225689774076216E-004
 Error:   6.156140369890539E-003  3.095674957833019E-011
 Maximum difference:   936.334267459439     
 Psudo Radius:  2.368436426771862E-004
 Error:   2.625293585884481E-004  3.088117291411620E-011
 Maximum difference:   216.284362279033     
 Psudo Radius:  2.241974437007487E-004
 Error:   6.934796753871320E-006  3.055898834648034E-011
 Maximum difference:   387.478803793373     
 Psudo Radius:  2.108001488089433E-004
 Error:   2.299584074697797E-003  3.058545111111635E-011
 Maximum difference:   366.104885999423     
 Psudo Radius:  2.077313545341308E-004
 Error:   2.810801338357094E-003  3.069832903561998E-011
 Maximum difference:   44.8548090256213     
 Psudo Radius:  2.153822098315421E-004
 Error:   1.446051983504892E-003  3.091993366165059E-011
 Maximum difference:   252.402558485459     
 Psudo Radius:  2.210879821093146E-004
 Error:  -1.504884740683721E-004  3.075026073386695E-011
 Maximum difference:   125.698732612378     
 Psudo Radius:  2.186691419534582E-004
 Error:  -3.826149843332571E-004 -3.063582725103736E-011
 Maximum difference:   97.6364019023667     
 Psudo Radius:  2.140156086917796E-004
 Error:   3.511036932545286E-004 -3.068814217666079E-011
 Maximum difference:   129.820839003169     
 Psudo Radius:  2.129155505894681E-004
 Error:   6.986103585817083E-004  3.070754285661272E-011
 Maximum difference:   14.2954046752357     
 Psudo Radius:  2.154717620784007E-004
 Error:   3.300068648984522E-004  3.064239048432479E-011
 Maximum difference:   82.9744359783017     
 Psudo Radius:  2.174407365523631E-004
 Error:  -1.523663777993067E-004  3.075519903867511E-011
 Maximum difference:   46.1630350057585     
 Psudo Radius:  2.168018074193834E-004
 Error:  -2.126193489955797E-004 -3.084983969072610E-011
 Maximum difference:   29.1932133289174     
 Psudo Radius:  2.151857055069161E-004
 Error:   5.153313077374544E-005 -3.083400873078271E-011
 Maximum difference:   45.4353109255817     
 Psudo Radius:  2.147663937363257E-004
 Error:   1.991590261972431E-004  3.068526344664129E-011
 Maximum difference:   4.71096555065014     
 Psudo Radius:  2.155927250185760E-004
 Error:   9.550248130263395E-005  3.066295249041058E-011
 Maximum difference:   27.1332536760292     
 Psudo Radius:  2.162929045359296E-004
 Error:  -6.273134061951513E-005  3.066877405664552E-011
 Maximum difference:   16.9958385981872     
 Psudo Radius:  2.161206415703269E-004
 Error:  -8.577098913867265E-005 -3.075051590182615E-011
 Maximum difference:   9.17208181119804     
 Psudo Radius:  2.155561719173920E-004
 Error:   5.668875264513984E-006 -3.059394634664711E-011
 Maximum difference:   16.0556437625692     
 Psudo Radius:  2.153814947601358E-004
 Error:   6.266125742579454E-005  3.076040267237625E-011
 Maximum difference:   2.63135526116093     
 Psudo Radius:  2.156351301967888E-004
 Error:   3.434089689990927E-005  3.059500010102547E-011
 Maximum difference:   8.54680209669459     
 Psudo Radius:  2.158835355323440E-004
 Error:  -1.833922059582549E-005  3.078135752802097E-011
 Maximum difference:   6.26131273974261     
 Psudo Radius:  2.158543973727624E-004
 Error:  -2.970353638631629E-005 -3.056449583567052E-011
 Maximum difference:   2.35408032051055     
 Psudo Radius:  2.156809279847554E-004
 Error:  -2.782987863908515E-006 -3.065882008489296E-011
 Maximum difference:   5.12181666933793     
 Psudo Radius:  2.156076780951264E-004
 Error:   1.884010841285422E-005 -3.059378422667576E-011
 Maximum difference:   1.28304948644472     
 Psudo Radius:  2.156880144415846E-004
 Error:   1.119652149211836E-005  3.081535785335224E-011
 Maximum difference:   2.73143572769095     
 Psudo Radius:  2.157710802019343E-004
 Error:  -5.684846497683305E-006  3.063641744320098E-011
 Maximum difference:   2.13402082688481     
 Psudo Radius:  2.157683164113584E-004
 Error:  -9.863960014067086E-006 -3.072367152263778E-011
 Maximum difference:  0.538979103837846     
 Psudo Radius:  2.157186235325777E-004
 Error:  -2.890683545531125E-006 -3.063594132686059E-011
 Maximum difference:   1.58202693875410     
 Psudo Radius:  2.156834133728169E-004
 Error:   5.434977454227274E-006 -3.066674829548121E-011
 Maximum difference:  0.758304192596370     
 Psudo Radius:  2.157024893823333E-004
 Error:   4.375504468440150E-006  3.082765509939394E-011
 Maximum difference:  0.672377609233081     
 Psudo Radius:  2.157284899991318E-004
 Error:  -9.205986750693285E-008  3.082440860008424E-011
 Maximum difference:  0.783936905825612     
 Psudo Radius:  2.157403727286970E-004
 Error:  -3.557664521730564E-006 -3.081919267407191E-011
 Maximum difference:  0.187117736151777     
 Psudo Radius:  2.157240618309892E-004
 Error:  -1.929138237655170E-006 -3.078637753317710E-011
 Maximum difference:  0.549799453589912     
 Psudo Radius:  2.157081643795113E-004
 Error:   1.380725366317836E-006 -3.062377336927505E-011
 Maximum difference:  0.388520376469387     
 Psudo Radius:  2.157103596273288E-004
 Error:   1.750122675836518E-006  3.084737715448711E-011
 Maximum difference:  0.110217376154651     
 Psudo Radius:  2.157180856234415E-004
 Error:   5.394453180262992E-007  3.077398707371641E-011
 Maximum difference:  0.235897850183392     
 Psudo Radius:  2.157237726271268E-004
 Error:  -5.295898221624462E-007  3.078497678543144E-011
 Maximum difference:  0.153542609238684     
 Psudo Radius:  2.157247326823462E-004
 Error:  -8.398770114381726E-007 -3.078962379147126E-011
 Maximum difference:  9.640044548632432E-003
 Psudo Radius:  2.157221606193758E-004
Chi ref: 0.81
 Error:   1.354214016202615E-007  3.115324197924405E-011
 Maximum difference:   4430.20273766547     
 Psudo Radius:  5.363586571116597E-004
 Error:  -3.745374586561184E-002  3.133605011730420E-011
 Maximum difference:   710.241501921711     
 Psudo Radius:  4.827437943581201E-004
 Error:  -5.639009664414679E-002 -2.806943089993274E-011
 Maximum difference:   212.354926505317     
 Psudo Radius:  4.344755427132245E-004
 Error:  -3.823628258518955E-002 -2.597646909451292E-011
 Maximum difference:   215.311331605147     
 Psudo Radius:  3.910314645694808E-004
 Error:  -1.992752816659060E-002 -2.553094717172084E-011
 Maximum difference:   273.595247945136     
 Psudo Radius:  3.519305345742806E-004
 Error:  -1.487865897005031E-003 -2.583328418419806E-011
 Maximum difference:   326.466489714484     
 Psudo Radius:  3.167388749506160E-004
 Error:   1.139835556517940E-002 -2.650085190757605E-011
 Maximum difference:   375.516948453790     
 Psudo Radius:  2.850656953137295E-004
 Error:   1.655038063429623E-002  2.756423878055170E-011
 Maximum difference:   451.422444913318     
 Psudo Radius:  2.565607695511184E-004
 Error:   1.741987208219961E-002  2.845743045969835E-011
 Maximum difference:   538.092249725666     
 Psudo Radius:  2.309576680586682E-004
 Error:   1.686464812464417E-002  2.900712871514903E-011
 Maximum difference:   665.916814008363     
 Psudo Radius:  2.082991597566258E-004
 Error:   1.719144887281829E-002  2.964132243187359E-011
 Maximum difference:   694.346996814026     
 Psudo Radius:  1.943931663811752E-004
 Error:   1.493531098084841E-002  3.023833404395238E-011
 Maximum difference:   365.931195248793     
 Psudo Radius:  2.058088971186372E-004
 Error:   9.780350796776222E-003  3.055411132892627E-011
 Maximum difference:   441.495129796118     
 Psudo Radius:  2.219748017095392E-004
 Error:   4.636171446779164E-003  3.078016022027184E-011
 Maximum difference:   452.772823633775     
 Psudo Radius:  2.275336533061255E-004
 Error:   1.295527504600602E-003  3.074483613748737E-011
 Maximum difference:   75.7603665349134     
 Psudo Radius:  2.211886959859098E-004
 Error:   8.727045369401054E-004  3.056050857817833E-011
 Maximum difference:   208.478247872390     
 Psudo Radius:  2.142953805311692E-004
 Error:   1.736026722442136E-003  3.058563616937930E-011
 Maximum difference:   175.698500087985     
 Psudo Radius:  2.146674971734289E-004
 Error:   1.664875729338183E-003  3.066831320722068E-011
 Maximum difference:   60.5875359802221     
 Psudo Radius:  2.200077344204096E-004
 Error:   6.435813489877040E-004  3.058826445694795E-011
 Maximum difference:   156.143773528855     
 Psudo Radius:  2.225716823209246E-004
 Error:  -2.789385439768699E-004  3.071785436723568E-011
 Maximum difference:   40.5624039648355     
 Psudo Radius:  2.197504922584451E-004
 Error:  -1.518101563228458E-004 -3.067345874530507E-011
 Maximum difference:   92.0916909277685     
 Psudo Radius:  2.168207468517592E-004
 Error:   3.858753036603546E-004 -3.054062358473864E-011
 Maximum difference:   72.2634376129654     
 Psudo Radius:  2.171163866132602E-004
 Error:   4.677723252859700E-004  3.056680384177152E-011
 Maximum difference:   28.2036908513237     
 Psudo Radius:  2.193148093843086E-004
 Error:   9.560017063600657E-005  3.067991618282221E-011
 Maximum difference:   61.9492724849997     
 Psudo Radius:  2.201201845335871E-004
 Error:  -1.937950515275844E-004  3.068727569076713E-011
 Maximum difference:   11.3616064397038     
 Psudo Radius:  2.189848259370977E-004
 Error:  -9.726590541014879E-005 -3.057120979912429E-011
 Maximum difference:   36.7999456229572     
 Psudo Radius:  2.179015058051885E-004
 Error:   1.258748247891517E-004 -3.065114918105892E-011
 Maximum difference:   25.5437596983911     
 Psudo Radius:  2.181556983995818E-004
 Error:   1.507801669461961E-004  3.079440677744540E-011
 Maximum difference:   13.6060564039840     
 Psudo Radius:  2.190275113591293E-004
 Error:   3.105602653680206E-006  3.053092854616648E-011
 Maximum difference:   23.8410151290154     
 Psudo Radius:  2.192591756865686E-004
 Error:  -9.176651649192569E-005  3.081981957363606E-011
 Maximum difference:   2.40627440235812     
 Psudo Radius:  2.187682578457999E-004
 Error:  -3.806752964569116E-005 -3.068891071979950E-011
 Maximum difference:   15.4456388866865     
 Psudo Radius:  2.183690396585621E-004
 Error:   5.127415265501756E-005 -3.077459106341315E-011
 Maximum difference:   8.74211043683590     
 Psudo Radius:  2.185232877628462E-004
 Error:   4.865052133420922E-005  3.073645091947742E-011
 Maximum difference:   5.81999210310914     
 Psudo Radius:  2.187972108783229E-004
 Error:   6.125189720984636E-007  3.064731290588613E-011
 Maximum difference:   7.63967157727802     
 Psudo Radius:  2.188954034908880E-004
 Error:  -3.093891096797585E-005  3.061354421198664E-011
 Maximum difference:   1.41239833409691     
 Psudo Radius:  2.187550577631444E-004
 Error:  -1.651542878633450E-005 -3.058181677690749E-011
 Maximum difference:   4.41470680160091     
 Psudo Radius:  2.186206264031277E-004
 Error:   8.503502395701412E-006 -3.060966896445204E-011
 Maximum difference:   3.54348994263182     
 Psudo Radius:  2.185961440257884E-004
 Error:   1.826613883210149E-005  3.059487683539599E-011
 Maximum difference:  0.259577654644545     
 Psudo Radius:  2.186682142666225E-004
 Error:   1.097839380384547E-005  3.077885992988706E-011
 Maximum difference:   2.45222622702204     
 Psudo Radius:  2.187641377670955E-004
 Error:  -4.860386688315677E-006  3.077652950135793E-011
 Maximum difference:   2.64627791763269     
 Psudo Radius:  2.187907016598065E-004
 Error:  -1.416145031557514E-005 -3.064256697906284E-011
 Maximum difference:  0.321470000386398     
 Psudo Radius:  2.187278251282637E-004
 Error:  -6.442602949185972E-006 -3.051666918926727E-011
 Maximum difference:   1.99894526904973     
 Psudo Radius:  2.186750255125308E-004
 Error:   5.896468542210265E-006 -3.071385345206582E-011
 Maximum difference:   1.14677243590722     
 Psudo Radius:  2.186972477563605E-004
 Error:   5.894148847135350E-006  3.062578664064524E-011
 Maximum difference:  0.841900536722278     
 Psudo Radius:  2.187366978720056E-004
 Error:  -7.536157074217176E-007  3.058899850058674E-011
 Maximum difference:   1.05102080559664     
 Psudo Radius:  2.187492166043424E-004
 Error:  -3.855836210986396E-006 -3.062297079195727E-011
 Maximum difference:  0.284185398450063     
 Psudo Radius:  2.187423635098531E-004
 Error:  -3.589042207624571E-006 -3.053459133197250E-011
 Maximum difference:  0.304932993655711     
 Psudo Radius:  2.187216926016681E-004
 Error:  -5.567833544217748E-007 -3.062509804402187E-011
 Maximum difference:  0.608603819846394     
 Psudo Radius:  2.187088248006359E-004
 Error:   2.227381625474756E-006 -3.065522302948798E-011
 Maximum difference:  0.285130171871970     
 Psudo Radius:  2.187135416898890E-004
 Error:   2.025828414270459E-006  3.082654512430128E-011
 Maximum difference:  0.178976646696356     
 Psudo Radius:  2.187231766033495E-004
 Error:   4.490036215609727E-007  3.068902989250169E-011
 Maximum difference:  0.277936061341279     
 Psudo Radius:  2.187294680879448E-004
 Error:  -7.547060685009210E-007  3.070751807295978E-011
 Maximum difference:  0.160436323936665     
 Psudo Radius:  2.187300066094574E-004
 Error:  -1.021934833311811E-006 -3.055984843551706E-011
 Maximum difference:  1.161486889850494E-002
 Psudo Radius:  2.187265054693005E-004
 Error:  -7.080869279529889E-007 -3.071856563768632E-011
 Maximum difference:  0.128187049912412     
 Psudo Radius:  2.187202828076429E-004
 Error:   2.037633949347750E-007 -3.053130894627782E-011
 Maximum difference:  0.173568958352917     
 Psudo Radius:  2.187175492627467E-004
 Error:   7.780918721556063E-007  3.081193715885689E-011
 Maximum difference:  5.928108807620447E-002
 Psudo Radius:  2.187189981162390E-004
 Error:   6.447738274406589E-007  3.070786437801124E-011
 Maximum difference:  5.052750194772671E-002
 Psudo Radius:  2.187220449678593E-004
 Error:   2.676525659717210E-007  3.082341182648414E-011
 Maximum difference:  9.935481807951874E-002
 Psudo Radius:  2.187257240910678E-004
 Error:  -2.753871424232557E-007  3.053022134810361E-011
 Maximum difference:  0.107538666526125     
 Psudo Radius:  2.187270246517685E-004
 Error:  -7.267630859897345E-007 -3.071615281692420E-011
 Maximum difference:  2.166995143807071E-002
 Psudo Radius:  2.187233032737796E-004
 Error:  -2.899917587173562E-007 -3.058802461671232E-011
 Maximum difference:  0.112779977765058     
 Psudo Radius:  2.187203261542758E-004
 Error:   2.753274353506363E-007 -3.050948479679713E-011
 Maximum difference:  7.595943746218836E-002
 Psudo Radius:  2.187200236845283E-004
 Error:   4.234326531349364E-007  3.076740379828370E-011
 Maximum difference:  7.931832791200577E-003
 Psudo Radius:  2.187214917923675E-004
Chi ref: 0.7
 Error:   1.354214016202615E-007  3.115324197924405E-011
 Maximum difference:   4456.97762064354     
 Psudo Radius:  5.706485889434919E-004
 Error:  -3.810194297369177E-002  3.133605011730420E-011
 Maximum difference:   798.539596699645     
 Psudo Radius:  5.136059735215764E-004
 Error:  -6.372318557150344E-002 -2.817808787457292E-011
 Maximum difference:   193.869487585417     
 Psudo Radius:  4.622525763609829E-004
 Error:  -4.484308128156012E-002 -2.543669316630133E-011
 Maximum difference:   187.390091887388     
 Psudo Radius:  4.160316450825108E-004
 Error:  -2.537419910005798E-002 -2.519866965510872E-011
 Maximum difference:   237.479599383386     
 Psudo Radius:  3.744313822641194E-004
 Error:  -8.067453651850603E-003 -2.543933492775629E-011
 Maximum difference:   309.681905645692     
 Psudo Radius:  3.369902253119250E-004
 Error:   9.875813449590459E-003 -2.580386811850756E-011
 Maximum difference:   350.628208260506     
 Psudo Radius:  3.032924391897833E-004
 Error:   1.909574472301101E-002  2.683519320441818E-011
 Maximum difference:   399.331934111753     
 Psudo Radius:  2.729637459885896E-004
 Error:   2.023125409364462E-002  2.801232920127972E-011
 Maximum difference:   492.610259676630     
 Psudo Radius:  2.456728499798465E-004
 Error:   1.945671516316311E-002  2.864609072594585E-011
 Maximum difference:   595.849353563256     
 Psudo Radius:  2.212169147945727E-004
 Error:   1.897875996266776E-002  2.917808979210841E-011
 Maximum difference:   693.678243526948     
 Psudo Radius:  2.010015384197631E-004
 Error:   1.769881883142477E-002  2.978305687158350E-011
 Maximum difference:   597.649558438345     
 Psudo Radius:  1.986547571164464E-004
 Error:   1.349693267588420E-002  3.034322273094804E-011
 Maximum difference:   136.993739381304     
 Psudo Radius:  2.186435892535421E-004
 Error:   7.954015676482601E-003  3.075795463466451E-011
 Maximum difference:   698.876158103426     
 Psudo Radius:  2.414329169856692E-004
 Error:   1.844478035032043E-003  3.081109658694931E-011
 Maximum difference:   454.876186720233     
 Psudo Radius:  2.352755514128196E-004
 Error:  -3.815416358523560E-004  3.055358853064676E-011
 Maximum difference:   223.624013720193     
 Psudo Radius:  2.213006419564955E-004
 Error:   1.277070402913832E-003  3.023771149576903E-011
 Maximum difference:   387.053635842994     
 Psudo Radius:  2.121644771339021E-004
 Error:   2.913151977905731E-003  3.033778851500130E-011
 Maximum difference:   200.407073691992     
 Psudo Radius:  2.171218805392912E-004
 Error:   2.233223208060242E-003  3.070453196072392E-011
 Maximum difference:   201.629804123752     
 Psudo Radius:  2.271651355331562E-004
 Error:   2.201563286008124E-004  3.072700427463799E-011
 Maximum difference:   243.189614329508     
 Psudo Radius:  2.272065821170075E-004
 Error:  -7.381601048342679E-004  3.049726161768452E-011
 Maximum difference:   61.9559741868652     
 Psudo Radius:  2.210063542862168E-004
 Error:   1.657578751346200E-005 -3.068905119476379E-011
 Maximum difference:   176.772892245441     
 Psudo Radius:  2.171429040210744E-004
 Error:   8.931125805195228E-004  3.052385391304388E-011
 Maximum difference:   77.5137411496744     
 Psudo Radius:  2.197903995495525E-004
 Error:   6.809416659948053E-004  3.061628496965361E-011
 Maximum difference:   96.7194928809131     
 Psudo Radius:  2.239387397443885E-004
 Error:  -1.130593257930024E-004  3.065263853826558E-011
 Maximum difference:   101.632082120657     
 Psudo Radius:  2.239901952543478E-004
 Error:  -4.484650487125985E-004 -3.071776927444800E-011
 Maximum difference:   28.5977457727013     
 Psudo Radius:  2.210858577643024E-004
 Error:  -6.610720130539871E-005 -3.069654728711577E-011
 Maximum difference:   82.6429453340006     
 Psudo Radius:  2.193394630350364E-004
 Error:   3.421679769887720E-004 -3.071633653503085E-011
 Maximum difference:   36.4529545269661     
 Psudo Radius:  2.203535936432732E-004
 Error:   3.042596372360706E-004  3.050739141107373E-011
 Maximum difference:   40.3232692117535     
 Psudo Radius:  2.224060570586217E-004
 Error:  -6.205441439055548E-005  3.051403186391554E-011
 Maximum difference:   50.8915942437716     
 Psudo Radius:  2.225764925864592E-004
 Error:  -2.138479455281173E-004 -3.049174923497835E-011
 Maximum difference:   7.96806619506879     
 Psudo Radius:  2.214786454346635E-004
 Error:  -8.269543528130474E-005 -3.058039278263321E-011
 Maximum difference:   33.8180401049904     
 Psudo Radius:  2.205181525006973E-004
 Error:   1.253941310208617E-004 -3.072666252773958E-011
 Maximum difference:   20.5130777887607     
 Psudo Radius:  2.208807725019208E-004
 Error:   1.212531779736237E-004  3.067522746271377E-011
 Maximum difference:   13.7308510274370     
 Psudo Radius:  2.215730643921701E-004
 Error:  -3.847037147175492E-008  3.055197635446069E-011
 Maximum difference:   18.1300971534429     
 Psudo Radius:  2.217906037045893E-004
 Error:  -6.713321493426183E-005  3.052800399384474E-011
 Maximum difference:   3.55024979170139     
 Psudo Radius:  2.215542408110483E-004
 Error:  -4.344555758944990E-005 -3.076806779249779E-011
 Maximum difference:   7.48204216065642     
 Psudo Radius:  2.212709999332747E-004
 Error:   6.046079378374536E-006 -3.070459176430274E-011
 Maximum difference:   7.67481218574176     
 Psudo Radius:  2.211613797477917E-004
 Error:   3.697617146466992E-005  3.049195944811826E-011
 Maximum difference:   1.63109182660901     
 Psudo Radius:  2.213050091537283E-004
 Error:   2.126757127995926E-005  3.065736361644685E-011
 Maximum difference:   4.55617595797958     
 Psudo Radius:  2.214503989500725E-004
 Error:  -9.787763301405406E-006  3.049479682721295E-011
 Maximum difference:   3.32142780557569     
 Psudo Radius:  2.214313848534626E-004
 Error:  -1.484841432999873E-005 -3.047720416997737E-011
 Maximum difference:   1.00065986162281     
 Psudo Radius:  2.213536100519130E-004
 Error:  -3.743696190189327E-006 -3.058249834798474E-011
 Maximum difference:   2.27359166815222     
 Psudo Radius:  2.212970869632262E-004
 Error:   8.009839066902558E-006 -3.056684012471151E-011
 Maximum difference:   1.29638576391699     
 Psudo Radius:  2.213115170288864E-004
 Error:   9.412776591277705E-006  3.050279129292749E-011
 Maximum difference:  0.812966187846996     
 Psudo Radius:  2.213670847638303E-004
 Error:   5.982959691563927E-008  3.055431168085215E-011
 Maximum difference:   1.46463222155489     
 Psudo Radius:  2.213809402035932E-004
 Error:  -5.938239646174903E-006  3.075629234253899E-011
 Maximum difference:  0.168113652451666     
 Psudo Radius:  2.213478029092922E-004
 Error:  -2.406104181423840E-006 -3.071061221050344E-011
 Maximum difference:   1.02118464198429     
 Psudo Radius:  2.213201680320748E-004
 Error:   3.748183696361540E-006 -3.053625607674027E-011
 Maximum difference:  0.573927093930251     
 Psudo Radius:  2.213325255349736E-004
 Error:   3.427422681751002E-006  3.062197183821282E-011
 Maximum difference:  0.442728269808867     
 Psudo Radius:  2.213531079456987E-004
 Error:  -1.875978617726926E-007  3.072443464302098E-011
 Maximum difference:  0.536407933126611     
 Psudo Radius:  2.213594521698003E-004
 Error:  -2.079373480873281E-006 -3.077360123397361E-011
 Maximum difference:  0.108690655358259     
 Psudo Radius:  2.213529170522625E-004
 Error:  -1.431859318140605E-006 -3.075692135982490E-011
 Maximum difference:  0.214496009131835     
 Psudo Radius:  2.213439880400140E-004
 Error:   9.242289189526076E-008 -3.065726173709650E-011
 Maximum difference:  0.238602100847856     
 Psudo Radius:  2.213402286617619E-004
 Error:   9.666369529537366E-007  3.047231185977246E-011
 Maximum difference:  7.598058423900511E-002
 Psudo Radius:  2.213423100503303E-004
 Error:   7.674265571910865E-007  3.049939731612473E-011
 Maximum difference:  7.154044663911918E-002
 Psudo Radius:  2.213459014997023E-004
 Error:   1.702712349171964E-007  3.064840557074469E-011
 Maximum difference:  0.100857592110515     
 Psudo Radius:  2.213483274363896E-004
 Error:  -2.883670643383240E-007  3.047358594931173E-011
 Maximum difference:  5.890485794861888E-002
 Psudo Radius:  2.213485300771364E-004
 Error:  -3.678729625922195E-007 -3.072895215638773E-011
 Maximum difference:  2.381834732204879E-003
 Psudo Radius:  2.213475184560936E-004
Chi ref: 0.62
 Error:   1.354214016202615E-007  3.115324197924405E-011
 Maximum difference:   4478.81970267219     
 Psudo Radius:  6.032290520329749E-004
 Error:  -3.853694562768570E-002  3.133605011730420E-011
 Maximum difference:   867.693545535875     
 Psudo Radius:  5.429303099490322E-004
 Error:  -6.985488706198326E-002 -2.813513500897333E-011
 Maximum difference:   178.495335074612     
 Psudo Radius:  4.886455715724260E-004
 Error:  -5.085301265621553E-002 -2.510172159690197E-011
 Maximum difference:   167.910697956822     
 Psudo Radius:  4.397861627948754E-004
 Error:  -2.986169166856686E-002 -2.474890851596394E-011
 Maximum difference:   207.467738451841     
 Psudo Radius:  3.958110953364318E-004
 Error:  -1.152419596284537E-002 -2.503788859918300E-011
 Maximum difference:   267.815822819754     
 Psudo Radius:  3.562325035676454E-004
 Error:   3.949982527643309E-003 -2.530862224885486E-011
 Maximum difference:   350.848484509317     
 Psudo Radius:  3.206109829841950E-004
 Error:   1.995819128689161E-002  2.581008530188453E-011
 Maximum difference:   362.343654843956     
 Psudo Radius:  2.885508360107537E-004
 Error:   2.354003474595423E-002  2.725389559795997E-011
 Maximum difference:   446.296108271567     
 Psudo Radius:  2.596967012175982E-004
 Error:   2.248094030862063E-002  2.811351945755457E-011
 Maximum difference:   539.428812048670     
 Psudo Radius:  2.337684805058785E-004
 Error:   2.074792174049969E-002  2.882294807939528E-011
 Maximum difference:   626.717330327585     
 Psudo Radius:  2.109467419894080E-004
 Error:   1.860808503254491E-002  2.948522762950616E-011
 Maximum difference:   714.295696065018     
 Psudo Radius:  1.932892469479421E-004
 Error:   1.644322280854643E-002  2.996377591947540E-011
 Maximum difference:   596.787055422691     
 Psudo Radius:  1.934664079941212E-004
 Error:   1.277229257917428E-002  3.065649700684828E-011
 Maximum difference:   350.045936590410     
 Psudo Radius:  2.308577862872784E-004
 Error:   6.236775423180352E-003  3.076067264677172E-011
 Maximum difference:   1188.52713543554     
 Psudo Radius:  2.591376458637603E-004
 Error:  -1.315250560443570E-003  3.080728042911825E-011
 Maximum difference:   430.034699104167     
 Psudo Radius:  2.438749231321855E-004
 Error:  -2.288749151128311E-003 -3.019097553557033E-011
 Maximum difference:   387.917955958120     
 Psudo Radius:  2.249967746467234E-004
 Error:   1.171889724798730E-003 -3.024417654256161E-011
 Maximum difference:   480.160820549981     
 Psudo Radius:  2.124945216208070E-004
 Error:   3.488424240314841E-003  3.047356589871400E-011
 Maximum difference:   297.724479984532     
 Psudo Radius:  2.153225911908815E-004
 Error:   3.175474793147171E-003  3.047478038650819E-011
 Maximum difference:   194.875792128201     
 Psudo Radius:  2.303985421682737E-004
 Error:   6.709118304543960E-004  3.070736298430531E-011
 Maximum difference:   384.179962885704     
 Psudo Radius:  2.338609272458856E-004
 Error:  -1.120551225772703E-003  3.057695398736024E-011
 Maximum difference:   26.1976920307320     
 Psudo Radius:  2.264571213467356E-004
 Error:  -5.503734895821177E-004 -3.063478121453947E-011
 Maximum difference:   215.196175680378     
 Psudo Radius:  2.188049399851743E-004
 Error:   8.369184821432063E-004 -3.059953624890857E-011
 Maximum difference:   195.091127550621     
 Psudo Radius:  2.175853062479411E-004
 Error:   1.368643753277804E-003  3.051173824852538E-011
 Maximum difference:   50.1835960358922     
 Psudo Radius:  2.242301693810820E-004
 Error:   4.889357003383388E-004  3.068571607100067E-011
 Maximum difference:   194.449263987355     
 Psudo Radius:  2.286472599458210E-004
 Error:  -6.197142828447688E-004  3.072628300334364E-011
 Maximum difference:   83.8813107958113     
 Psudo Radius:  2.258305932618910E-004
 Error:  -6.228416951820914E-004 -3.053200416974700E-011
 Maximum difference:   100.292904503961     
 Psudo Radius:  2.207889196141355E-004
 Error:   2.512011737567099E-004 -3.068327879598469E-011
 Maximum difference:   131.241547299169     
 Psudo Radius:  2.196394558354311E-004
 Error:   7.651112427490281E-004  3.067949478099668E-011
 Maximum difference:   31.2473884623037     
 Psudo Radius:  2.240752543427496E-004
 Error:   2.247428447146593E-004  3.061619117751805E-011
 Maximum difference:   127.356934849046     
 Psudo Radius:  2.268087478776288E-004
 Error:  -4.583697141142540E-004  3.051813978674692E-011
 Maximum difference:   50.3196956264655     
 Psudo Radius:  2.249517680481871E-004
 Error:  -3.786297897108437E-004 -3.055783096578256E-011
 Maximum difference:   60.9783887229687     
 Psudo Radius:  2.222278959098370E-004
 Error:   9.138603955219371E-005 -3.048819549341686E-011
 Maximum difference:   71.2377989783349     
 Psudo Radius:  2.213595979189215E-004
 Error:   3.772873142895428E-004  3.070388538544856E-011
 Maximum difference:   9.53724969367340     
 Psudo Radius:  2.230965676745514E-004
 Error:   2.013914429306318E-004  3.055545158894820E-011
 Maximum difference:   55.6960198502484     
 Psudo Radius:  2.249547828093612E-004
 Error:  -1.853236822134119E-004  3.063640025555171E-011
 Maximum difference:   40.1772455882410     
 Psudo Radius:  2.243707008818500E-004
 Error:  -2.412248170248765E-004 -3.047367286915425E-011
 Maximum difference:   26.7087194338137     
 Psudo Radius:  2.226932539868178E-004
 Error:   4.158824531658167E-005 -3.070094336239516E-011
 Maximum difference:   42.7772738095355     
 Psudo Radius:  2.223577331943938E-004
 Error:   2.102269412174729E-004  3.068535787888718E-011
 Maximum difference:   8.32897242712625     
 Psudo Radius:  2.235739992145581E-004
 Error:   6.266634307450225E-005  3.065762647970014E-011
 Maximum difference:   34.2555157857073     
 Psudo Radius:  2.243652715012007E-004
 Error:  -1.113458610597917E-004  3.046140514282964E-011
 Maximum difference:   17.3688005779982     
 Psudo Radius:  2.241345519952269E-004
 Error:  -1.317265583322402E-004 -3.054729844786553E-011
 Maximum difference:   10.9908142959948     
 Psudo Radius:  2.233153772491804E-004
 Error:  -1.482959115342575E-005 -3.059110597509452E-011
 Maximum difference:   23.1481163750072     
 Psudo Radius:  2.228272913529027E-004
 Error:   1.081396386850286E-004 -3.058858547059051E-011
 Maximum difference:   8.39475390767984     
 Psudo Radius:  2.232721957776345E-004
 Error:   7.197379734577569E-005  3.063765906195763E-011
 Maximum difference:   14.4096897416684     
 Psudo Radius:  2.237900727949294E-004
 Error:  -3.468426087521737E-005  3.052436448033052E-011
 Maximum difference:   11.5295788229746     
 Psudo Radius:  2.237180839900582E-004
 Error:  -5.342705049882213E-005 -3.063897821351141E-011
 Maximum difference:   3.67221770756760     
 Psudo Radius:  2.234277699035758E-004
 Error:  -1.256210700614768E-005 -3.060539417878810E-011
 Maximum difference:   8.11888390147578     
 Psudo Radius:  2.232181709057905E-004
 Error:   2.674519960446653E-005 -3.044355551248322E-011
 Maximum difference:   5.35072369689715     
 Psudo Radius:  2.232158806415877E-004
 Error:   4.571221639859679E-005  3.049415732618009E-011
 Maximum difference:   2.78380695669739     
 Psudo Radius:  2.235134866346650E-004
 Error:   8.691057379550671E-006  3.053062080520216E-011
 Maximum difference:   8.71485283154470     
 Psudo Radius:  2.237071867953795E-004
 Error:  -4.244252782167890E-005  3.054810724023847E-011
 Maximum difference:   3.07994839340608     
 Psudo Radius:  2.234964777894914E-004
 Error:  -2.564516299716213E-005 -3.049942267637436E-011
 Maximum difference:   6.65607056837052     
 Psudo Radius:  2.232737637112124E-004
 Error:   2.061594514907172E-005 -3.061340402183600E-011
 Maximum difference:   4.92513844830864     
 Psudo Radius:  2.233235374351540E-004
 Error:   2.765127624640429E-005  3.065341224256798E-011
 Maximum difference:   2.51152328855642     
 Psudo Radius:  2.234955565621637E-004
 Error:  -9.980972537348975E-008  3.072556533011699E-011
 Maximum difference:   4.49974809814103     
 Psudo Radius:  2.235506984881087E-004
 Error:  -1.956822583301654E-005 -3.069934933412281E-011
 Maximum difference:  0.619221295532043     
 Psudo Radius:  2.234534967818147E-004
 Error:  -9.663329291004219E-006 -3.061226483732362E-011
 Maximum difference:   2.87072585210080     
 Psudo Radius:  2.233629685979099E-004
 Error:   6.803233569746547E-006 -3.054770385633391E-011
 Maximum difference:   2.38532303566535     
 Psudo Radius:  2.233477225769412E-004
 Error:   1.714154020715508E-005  3.048924539343829E-011
 Maximum difference:  0.857379045497964     
 Psudo Radius:  2.234584959298477E-004
 Error:   4.383944460867317E-006  3.063806603896395E-011
 Maximum difference:   3.11725603193463     
 Psudo Radius:  2.235385727690039E-004
 Error:  -1.040268049937176E-005  3.059330777242262E-011
 Maximum difference:   2.10733919202721     
 Psudo Radius:  2.235402786901632E-004
 Error:  -1.941945851513527E-005 -3.075148953997053E-011
 Maximum difference:   1.25959431054025     
 Psudo Radius:  2.234029117675981E-004
 Error:  -3.227470965511126E-006 -3.063441162562400E-011
 Maximum difference:   4.06442325546141     
 Psudo Radius:  2.233088845482729E-004
 Error:   2.078849756168011E-005 -3.048413930037534E-011
 Maximum difference:   1.52977607267985     
 Psudo Radius:  2.234081097855794E-004
 Error:   1.295763554209906E-005  3.054771511614667E-011
 Maximum difference:   3.06327697694724     
 Psudo Radius:  2.235171781038091E-004
 Error:  -6.418666439106380E-006  3.065198656479748E-011
 Maximum difference:   2.70310650355441     
 Psudo Radius:  2.235391270937293E-004
 Error:  -1.414639380731275E-005 -3.060620663195717E-011
 Maximum difference:  0.242181769986018     
 Psudo Radius:  2.234892022711049E-004
 Error:  -9.234132295643516E-006 -3.057461597353944E-011
 Maximum difference:   1.61987051610140     
 Psudo Radius:  2.234158301345165E-004
 Error:   1.962991020815208E-006 -3.071857376387769E-011
 Maximum difference:   2.02649535200908     
 Psudo Radius:  2.233811278737746E-004
 Error:   1.150550797615613E-005  3.059061185143702E-011
 Maximum difference:  0.465761612639653     
 Psudo Radius:  2.234319891928639E-004
 Error:   6.160632914448128E-006  3.055394321277089E-011
 Maximum difference:   1.50823314268200     
 Psudo Radius:  2.234801706131401E-004
 Error:  -2.882201590032052E-006  3.043937020752495E-011
 Maximum difference:   1.17823707780826     
 Psudo Radius:  2.234888929586662E-004
 Error:  -6.004680251192607E-006 -3.053145712684254E-011
 Maximum difference:  9.935618141753366E-002
 Psudo Radius:  2.234690911967843E-004
 Error:  -4.023858087426335E-006 -3.068752805316198E-011
 Maximum difference:  0.644869473938343     
 Psudo Radius:  2.234384322040957E-004
 Error:   4.391593790287196E-007 -3.068941314314230E-011
 Maximum difference:  0.842214337537371     
 Psudo Radius:  2.234205674629556E-004
 Error:   4.034911408629105E-006  3.069614610519438E-011
 Maximum difference:  0.365362717835524     
 Psudo Radius:  2.234286288678281E-004
 Error:   3.403524509698608E-006  3.058389385752617E-011
 Maximum difference:  0.290954843035252     
 Psudo Radius:  2.234442005564241E-004
 Error:   5.674775399033827E-007  3.071790955329866E-011
 Maximum difference:  0.411459545460275     
 Psudo Radius:  2.234510704629916E-004
 Error:  -1.359719347976407E-006  3.057932491999009E-011
 Maximum difference:  0.125158520901095     
 Psudo Radius:  2.234458985535186E-004
 Error:  -1.042908699899758E-006 -3.058082548189127E-011
 Maximum difference:  0.165776656275739     
 Psudo Radius:  2.234384923076716E-004
 Error:   7.005759625200447E-008 -3.066774175782605E-011
 Maximum difference:  0.203185064405261     
 Psudo Radius:  2.234340729209293E-004
 Error:   9.372899762993825E-007  3.070398445149968E-011
 Maximum difference:  9.161721806594869E-002
 Psudo Radius:  2.234356604478763E-004
 Error:   7.904447472117937E-007  3.060874206751304E-011
 Maximum difference:  5.571313197560812E-002
 Psudo Radius:  2.234386534024828E-004
 Error:   2.282050972357563E-007  3.044393020955865E-011
 Maximum difference:  8.054783099487395E-002
 Psudo Radius:  2.234404461751693E-004
 Error:  -1.760946276851971E-007  3.063969801797578E-011
 Maximum difference:  4.115120043388742E-002
 Psudo Radius:  2.234403549408618E-004
 Error:  -2.474197166313363E-007 -3.067779127986952E-011
 Maximum difference:  1.046583879133323E-002
 Psudo Radius:  2.234392171148378E-004
 Error:  -1.017591076957203E-007 -3.046909727800066E-011
 Maximum difference:  3.298265291869029E-002
 Psudo Radius:  2.234381004806519E-004
 Error:   6.833310708942442E-008 -3.073828811219075E-011
 Maximum difference:  2.906305734268244E-002
 Psudo Radius:  2.234375698858796E-004
 Error:   1.502792867091873E-007  3.060288121970132E-011
 Maximum difference:  1.209610490968771E-002
 Psudo Radius:  2.234376269166460E-004
 Error:   1.348205784790224E-007  3.043842743638573E-011
 Maximum difference:  3.778333391892374E-003
 Psudo Radius:  2.234379893528062E-004
Chi ref: 0.55
 Error:   1.354214016202615E-007  3.115324197924405E-011
 Maximum difference:   4499.90024821651     
 Psudo Radius:  6.395118404735351E-004
 Error:  -3.886298651228903E-002  3.133605011730420E-011
 Maximum difference:   930.914306719302     
 Psudo Radius:  5.755878994129840E-004
 Error:  -7.551441149221719E-002 -2.801606617570668E-011
 Maximum difference:   162.737136689620     
 Psudo Radius:  5.180386992407970E-004
 Error:  -5.722335575751722E-002 -2.504205190647378E-011
 Maximum difference:   151.458412809886     
 Psudo Radius:  4.662409143742244E-004
 Error:  -3.585310930535085E-002 -2.439555101239204E-011
 Maximum difference:   188.019696194058     
 Psudo Radius:  4.196210934078137E-004
 Error:  -1.445015991133522E-002 -2.443861198039944E-011
 Maximum difference:   225.042037243102     
 Psudo Radius:  3.776620807400977E-004
 Error:  -1.028761296291425E-004 -2.483513767519895E-011
 Maximum difference:   319.660957869503     
 Psudo Radius:  3.398981009618319E-004
 Error:   1.722825979731638E-002 -2.536454486785495E-011
 Maximum difference:   357.699634282969     
 Psudo Radius:  3.059097562610711E-004
 Error:   2.608605157086977E-002  2.642899699665711E-011
 Maximum difference:   391.090811253167     
 Psudo Radius:  2.753194150888278E-004
 Error:   2.529775027063003E-002  2.779823750890481E-011
 Maximum difference:   490.568690684551     
 Psudo Radius:  2.477906102153868E-004
 Error:   2.300747840504475E-002  2.856756854787717E-011
 Maximum difference:   587.125948810021     
 Psudo Radius:  2.230997241015974E-004
 Error:   2.117740425050496E-002  2.909515415147748E-011
 Maximum difference:   705.287197865443     
 Psudo Radius:  2.022620020288917E-004
 Error:   1.982307015148466E-002  2.981499755407268E-011
 Maximum difference:   571.877158408354     
 Psudo Radius:  2.036472206825343E-004
 Error:   1.462420242614490E-002  3.031519980187513E-011
 Maximum difference:   253.667490843102     
 Psudo Radius:  2.291746899684033E-004
 Error:   7.760199357479181E-003  3.059514091551430E-011
 Maximum difference:   718.978662091084     
 Psudo Radius:  2.422674567375205E-004
 Error:   1.987320521803865E-003  3.053950054544469E-011
 Maximum difference:   197.872013811237     
 Psudo Radius:  2.329073744001718E-004
 Error:   7.732225281013028E-004  3.033602423350746E-011
 Maximum difference:   278.386285187968     
 Psudo Radius:  2.202957667747965E-004
 Error:   2.207926955145267E-003  3.033524092043963E-011
 Maximum difference:   341.732192920657     
 Psudo Radius:  2.141625391106642E-004
 Error:   3.221244193117867E-003  3.048020767938406E-011
 Maximum difference:   99.9595397231633     
 Psudo Radius:  2.232644428616518E-004
 Error:   1.999810766370291E-003  3.062555828107247E-011
 Maximum difference:   308.785187561254     
 Psudo Radius:  2.351883183074832E-004
 Error:  -4.600404373356348E-004  3.068943692035144E-011
 Maximum difference:   245.450470179632     
 Psudo Radius:  2.322033316363925E-004
 Error:  -1.125227231494302E-003 -3.060296782091314E-011
 Maximum difference:   123.820483577735     
 Psudo Radius:  2.237050554222678E-004
 Error:   1.894737454282980E-004 -3.038980796328376E-011
 Maximum difference:   223.620397163805     
 Psudo Radius:  2.195424674997802E-004
 Error:   1.276061152632485E-003  3.063757789378401E-011
 Maximum difference:   64.4164774074861     
 Psudo Radius:  2.247304843952632E-004
 Error:   7.544511094595419E-004  3.051434446977740E-011
 Maximum difference:   164.686668745915     
 Psudo Radius:  2.303750049020010E-004
 Error:  -4.217405736506030E-004  3.067568950769640E-011
 Maximum difference:   120.406788415665     
 Psudo Radius:  2.288397551490036E-004
 Error:  -7.370927597378785E-004 -3.039979568316722E-011
 Maximum difference:   75.0117318659350     
 Psudo Radius:  2.233414128602730E-004
 Error:   7.979851563183482E-005 -3.063396970031196E-011
 Maximum difference:   145.303123433944     
 Psudo Radius:  2.207538346275130E-004
 Error:   7.464211007025823E-004  3.058494201977065E-011
 Maximum difference:   47.0145493222399     
 Psudo Radius:  2.234960589076911E-004
 Error:   5.941483401053216E-004  3.048566518348610E-011
 Maximum difference:   103.602748669063     
 Psudo Radius:  2.287623861869282E-004
 Error:  -3.086609218022340E-004  3.062668686084501E-011
 Maximum difference:   121.217302699327     
 Psudo Radius:  2.284548339052588E-004
 Error:  -6.798089604050650E-004 -3.040192823650838E-011
 Maximum difference:   45.3283827316291     
 Psudo Radius:  2.242683004803121E-004
 Error:  -6.942893109321280E-005 -3.056925694077662E-011
 Maximum difference:   113.723344110411     
 Psudo Radius:  2.221314989238417E-004
 Error:   5.615936774023833E-004 -3.042585632168349E-011
 Maximum difference:   29.5935681589585     
 Psudo Radius:  2.251380790335696E-004
 Error:   2.957522740818785E-004  3.049776050314446E-011
 Maximum difference:   91.2550689356221     
 Psudo Radius:  2.280845901941077E-004
 Error:  -2.801715764245150E-004  3.058796134707088E-011
 Maximum difference:   66.9670286883756     
 Psudo Radius:  2.276297039345559E-004
 Error:  -4.820258755933726E-004 -3.053484089315208E-011
 Maximum difference:   37.8326880172790     
 Psudo Radius:  2.243423436612002E-004
 Error:  -1.654466655146014E-005 -3.053806938925826E-011
 Maximum difference:   88.1105198206960     
 Psudo Radius:  2.226787759197942E-004
 Error:   4.232728805160790E-004 -3.048791132658811E-011
 Maximum difference:   27.9090863439419     
 Psudo Radius:  2.243981740498079E-004
 Error:   2.927875010590164E-004  3.073356957022142E-011
 Maximum difference:   55.6068334994911     
 Psudo Radius:  2.267436365468479E-004
 Error:  -9.978066845142686E-005  3.052180005014496E-011
 Maximum difference:   60.0043727375314     
 Psudo Radius:  2.273071838044782E-004
 Error:  -3.692128967722474E-004 -3.062795904605702E-011
 Maximum difference:   13.9432686094087     
 Psudo Radius:  2.251804481342998E-004
 Error:  -1.151721931704208E-004 -3.059279072961062E-011
 Maximum difference:   60.8948042118304     
 Psudo Radius:  2.236663285252498E-004
 Error:   2.690080248772819E-004 -3.069760938860573E-011
 Maximum difference:   26.6794397334997     
 Psudo Radius:  2.249329856283349E-004
 Error:   2.000699355366731E-004  3.047389804552413E-011
 Maximum difference:   41.3387815739129     
 Psudo Radius:  2.266607372162648E-004
 Error:  -9.942064328369304E-005  3.059361936144029E-011
 Maximum difference:   42.4724616931821     
 Psudo Radius:  2.268610789975199E-004
 Error:  -2.650827963592006E-004 -3.060435805323793E-011
 Maximum difference:   12.6770294545522     
 Psudo Radius:  2.252677913541783E-004
 Error:  -6.624133190208381E-005 -3.060574415743304E-011
 Maximum difference:   43.8194192540300     
 Psudo Radius:  2.242010926664381E-004
 Error:   1.687625322570885E-004 -3.055638913075461E-011
 Maximum difference:   23.3120472248279     
 Psudo Radius:  2.245968318008931E-004
 Error:   2.038054532700617E-004  3.051278740196642E-011
 Maximum difference:   20.4825778987829     
 Psudo Radius:  2.261146410686529E-004
 Error:  -1.491841768022639E-005  3.048678849865382E-011
 Maximum difference:   40.6253537191114     
 Psudo Radius:  2.267016039023010E-004
 Error:  -2.250390743081254E-004 -3.069942762335103E-011
 Maximum difference:   5.87193084488399     
 Psudo Radius:  2.254055044186671E-004
 Error:  -9.251335003204741E-005 -3.066439430303518E-011
 Maximum difference:   38.3998359928237     
 Psudo Radius:  2.243112869840057E-004
 Error:   1.635316151821775E-004 -3.040444875255508E-011
 Maximum difference:   20.4878659827637     
 Psudo Radius:  2.249948362448950E-004
 Error:   1.344351603258798E-004  3.044399177011334E-011
 Maximum difference:   22.9921384583722     
 Psudo Radius:  2.259853007952562E-004
 Error:  -5.018587684824105E-005  3.048818377204015E-011
 Maximum difference:   22.5809398108408     
 Psudo Radius:  2.260076741210916E-004
 Error:  -1.033665501738168E-004 -3.062896826278939E-011
 Maximum difference:   3.09866794462323     
 Psudo Radius:  2.255547641186860E-004
 Error:  -5.244709066307141E-005 -3.065842558009839E-011
 Maximum difference:   14.3779935997150     
 Psudo Radius:  2.250148477238889E-004
 Error:   5.520062951117066E-005 -3.043973584215969E-011
 Maximum difference:   11.4429337988877     
 Psudo Radius:  2.251501071913029E-004
 Error:   6.557302490275974E-005  3.051196120319393E-011
 Maximum difference:   5.65536831318468     
 Psudo Radius:  2.255260196968759E-004
 Error:   5.321197576096948E-006  3.072344809082609E-011
 Maximum difference:   9.98554270041268     
 Psudo Radius:  2.256909092971619E-004
 Error:  -4.590900190082348E-005  3.047197935309056E-011
 Maximum difference:   2.15691003585334     
 Psudo Radius:  2.254541686412751E-004
 Error:  -2.444497072998097E-005 -3.054285046675153E-011
 Maximum difference:   7.23463780516158     
 Psudo Radius:  2.252221064907657E-004
 Error:   2.652215423029625E-005 -3.060340626329783E-011
 Maximum difference:   4.60714527237178     
 Psudo Radius:  2.253177927203765E-004
 Error:   2.573451140017169E-005  3.058335231766949E-011
 Maximum difference:   3.27452961183280     
 Psudo Radius:  2.254781015226427E-004
 Error:  -1.581878236955880E-006  3.063283371724769E-011
 Maximum difference:   4.15208504093198     
 Psudo Radius:  2.255344700607736E-004
 Error:  -2.088082818227366E-005 -3.057694254117549E-011
 Maximum difference:  0.562827316540279     
 Psudo Radius:  2.254270810425350E-004
 Error:  -9.796587124827338E-006 -3.054732508966507E-011
 Maximum difference:   3.06333619162297     
 Psudo Radius:  2.253310964387042E-004
 Error:   7.555205049358804E-006 -3.054019842567445E-011
 Maximum difference:   2.41082370966342     
 Psudo Radius:  2.253134657381299E-004
 Error:   1.665788508486976E-005  3.059896499693891E-011
 Maximum difference:  0.518573614023808     
 Psudo Radius:  2.254036054137439E-004
 Error:   7.629736404474174E-006  3.060973924468224E-011
 Maximum difference:   2.66736477897621     
 Psudo Radius:  2.254996225703148E-004
 Error:  -7.836237507635735E-006  3.045134080997134E-011
 Maximum difference:   2.36442275740046     
 Psudo Radius:  2.255234169409863E-004
 Error:  -1.452937628865225E-005 -3.043838878133172E-011
 Maximum difference:  0.276468482753899     
 Psudo Radius:  2.254773233590875E-004
 Error:  -9.047158020636381E-006 -3.057074664924331E-011
 Maximum difference:   1.40587746962819     
 Psudo Radius:  2.254176670133958E-004
 Error:   8.091753023742321E-007 -3.062719625398024E-011
 Maximum difference:   1.51959554076484     
 Psudo Radius:  2.253894553425671E-004
 Error:   6.358635073755448E-006  3.065080110274751E-011
 Maximum difference:  0.609633113496784     
 Psudo Radius:  2.253950286772580E-004
 Error:   6.015204173093203E-006  3.070681009862404E-011
 Maximum difference:  0.230676771506296     
 Psudo Radius:  2.254171111388568E-004
 Error:   3.112120780829342E-006  3.056329040482730E-011
 Maximum difference:  0.685101412884705     
 Psudo Radius:  2.254459227384620E-004
 Error:  -1.578411451125250E-006  3.060300105790106E-011
 Maximum difference:  0.759744861818945     
 Psudo Radius:  2.254538156089848E-004
 Error:  -5.249958857894699E-006 -3.061030649203551E-011
 Maximum difference:  0.218155259205105     
 Psudo Radius:  2.254210360236401E-004
 Error:  -1.533756782634565E-006 -3.047214341487221E-011
 Maximum difference:  0.899289852186484     
 Psudo Radius:  2.253975424356135E-004
 Error:   2.903200336273892E-006 -3.054971878790330E-011
 Maximum difference:  0.538206550068026     
 Psudo Radius:  2.253969635737859E-004
 Error:   3.692456741005712E-006  3.048069714044533E-011
 Maximum difference:  8.503671423341075E-002
 Psudo Radius:  2.254098538509344E-004
 Error:   2.018134335202149E-006  3.051183296990662E-011
 Maximum difference:  0.386637752132174     
 Psudo Radius:  2.254258675571063E-004
 Error:  -4.684042695379809E-007  3.067819401068400E-011
 Maximum difference:  0.416643639517588     
 Psudo Radius:  2.254338405533917E-004
 Error:  -2.065708914200659E-006 -3.043036817005736E-011
 Maximum difference:  0.156050144821620     
 Psudo Radius:  2.254301842078779E-004
 Error:  -1.627807255683011E-006 -3.054237054165614E-011
 Maximum difference:  0.120818711606717     
 Psudo Radius:  2.254240320577714E-004
 Error:  -4.360067879238816E-007 -3.051390225020989E-011
 Maximum difference:  0.163425822147019     
 Psudo Radius:  2.254206506571137E-004
 Error:   4.786584239524494E-007 -3.070620437888885E-011
 Maximum difference:  6.214568289897215E-002
 Psudo Radius:  2.254227305798247E-004
 Error:   3.947170729712290E-007  3.052076391060645E-011
 Maximum difference:  6.553053710103995E-002
 Psudo Radius:  2.254256438249869E-004
 Error:  -5.470760050529933E-008  3.064031506744085E-011
 Maximum difference:  7.544146360669401E-002
 Psudo Radius:  2.254271630434198E-004
 Error:  -3.369345771553345E-007 -3.065029653491155E-011
 Maximum difference:  3.301180660309910E-002
 Psudo Radius:  2.254268886683319E-004
 Error:  -3.203367038573379E-007 -3.049262815921541E-011
 Maximum difference:  1.317632581776707E-002
 Psudo Radius:  2.254257459311243E-004
 Error:  -1.335175102423758E-007 -3.051291188271993E-011
 Maximum difference:  3.167206088437524E-002
 Psudo Radius:  2.254247459542254E-004
 Error:   4.652563273532806E-008 -3.059571408958476E-011
 Maximum difference:  2.474240396486493E-002
 Psudo Radius:  2.254243880659918E-004
 Error:   1.222383125831783E-007  3.054321379642870E-011
 Maximum difference:  6.981051670209126E-003
 Psudo Radius:  2.254245919681740E-004
Chi ref: 0.5
 Error:   1.354214016202615E-007  3.115324197924405E-011
 Maximum difference:   4516.29055317867     
 Psudo Radius:  6.716480245208887E-004
 Error:  -3.904575019087561E-002  3.133605011730420E-011
 Maximum difference:   977.099908091987     
 Psudo Radius:  6.045141825413576E-004
 Error:  -7.949200520636418E-002 -2.809590417534360E-011
 Maximum difference:   149.726442176470     
 Psudo Radius:  5.440735770166010E-004
 Error:  -6.217772511609101E-002 -2.481213083248323E-011
 Maximum difference:   139.510669882784     
 Psudo Radius:  4.896731592213247E-004
 Error:  -4.093216989482582E-002 -2.430824920655764E-011
 Maximum difference:   172.356818079478     
 Psudo Radius:  4.407107633284996E-004
 Error:  -1.898137791239385E-002 -2.408236826672526E-011
 Maximum difference:   209.191052417265     
 Psudo Radius:  3.966432960597639E-004
 Error:   2.679871341601525E-005 -2.450623431528021E-011
 Maximum difference:   255.784033329538     
 Psudo Radius:  3.569816170972558E-004
 Error:   1.092181995613598E-002 -2.524881314411462E-011
 Maximum difference:   370.969853858580     
 Psudo Radius:  3.212853224432601E-004
 Error:   2.693949581682448E-002  2.553010074515169E-011
 Maximum difference:   359.947802284460     
 Psudo Radius:  2.891578249155418E-004
 Error:   2.858720064358097E-002  2.696229837467049E-011
 Maximum difference:   447.834309776397     
 Psudo Radius:  2.602429878249275E-004
 Error:   2.597798416525071E-002  2.821628434751378E-011
 Maximum difference:   541.534283244311     
 Psudo Radius:  2.342602845143725E-004
 Error:   2.315744989481416E-002  2.874910717449833E-011
 Maximum difference:   628.022805626236     
 Psudo Radius:  2.114463289507657E-004
 Error:   2.028017994614079E-002  2.959751668378109E-011
 Maximum difference:   729.462930831910     
 Psudo Radius:  1.943111280715005E-004
 Error:   1.809583686316080E-002  2.994178833469315E-011
 Maximum difference:   468.060058747463     
 Psudo Radius:  2.094846174672508E-004
 Error:   1.273725299888098E-002  3.072675543349870E-011
 Maximum difference:   785.105085092020     
 Psudo Radius:  2.676168499940391E-004
 Error:   3.286272768407456E-003  3.069773232362953E-011
 Maximum difference:   1178.06317807072     
 Psudo Radius:  2.669764562838888E-004
 Error:  -3.503904147167947E-003  3.034856262005372E-011
 Maximum difference:   172.027589820631     
 Psudo Radius:  2.443675942316610E-004
 Error:  -7.022414548225608E-004 -2.978540955683041E-011
 Maximum difference:   486.558736737375     
 Psudo Radius:  2.245645829523443E-004
 Error:   2.897844977403474E-003 -3.006782971341112E-011
 Maximum difference:   489.860404155258     
 Psudo Radius:  2.127552698303914E-004
 Error:   4.608088656232773E-003  3.025104393669538E-011
 Maximum difference:   278.492966744843     
 Psudo Radius:  2.173090051089649E-004
 Error:   3.944829023049101E-003  3.043357277689452E-011
 Maximum difference:   280.046155353964     
 Psudo Radius:  2.391650701802274E-004
 Error:   5.189174203712454E-004  3.053660314162797E-011
 Maximum difference:   511.613445589433     
 Psudo Radius:  2.419300062279036E-004
 Error:  -1.859272167033216E-003  3.049340061598940E-011
 Maximum difference:   67.7037586048514     
 Psudo Radius:  2.304536710966879E-004
 Error:  -6.286640933227117E-004 -3.033501752225315E-011
 Maximum difference:   298.476674577039     
 Psudo Radius:  2.204933944788650E-004
 Error:   1.260276947788241E-003 -3.052245740770073E-011
 Maximum difference:   247.790327223579     
 Psudo Radius:  2.187396079437557E-004
 Error:   1.979469167572134E-003  3.053733712265622E-011
 Maximum difference:   76.4996573027911     
 Psudo Radius:  2.291726014698627E-004
 Error:   6.770672737867189E-004  3.050812503932635E-011
 Maximum difference:   293.078237590586     
 Psudo Radius:  2.361284102717896E-004
 Error:  -1.024626991857763E-003  3.071314700844072E-011
 Maximum difference:   124.774830012571     
 Psudo Radius:  2.316157776583698E-004
 Error:  -1.134471539216059E-003 -3.034134997521762E-011
 Maximum difference:   158.896356558722     
 Psudo Radius:  2.228498952273650E-004
 Error:   4.902154480417864E-004 -3.056732291562534E-011
 Maximum difference:   209.734921979612     
 Psudo Radius:  2.213087741466857E-004
 Error:   1.205772835454255E-003  3.051093361922141E-011
 Maximum difference:   40.5279762395976     
 Psudo Radius:  2.276074378989418E-004
 Error:   4.537769058631513E-004  3.066571060568117E-011
 Maximum difference:   178.909275082652     
 Psudo Radius:  2.324039061506029E-004
 Error:  -5.892482037349045E-004  3.057072971293136E-011
 Maximum difference:   98.7551945484502     
 Psudo Radius:  2.306030362734104E-004
 Error:  -8.383752472674033E-004 -3.038963492594402E-011
 Maximum difference:   83.2089957266376     
 Psudo Radius:  2.244641838721507E-004
 Error:   8.401475312153073E-005 -3.053996277198566E-011
 Maximum difference:   163.335253687882     
 Psudo Radius:  2.215365387311137E-004
 Error:   9.434484722127823E-004  3.039018042805037E-011
 Maximum difference:   37.4243290285785     
 Psudo Radius:  2.264426212657172E-004
 Error:   5.089807996770945E-004  3.065642244568135E-011
 Maximum difference:   152.606977839948     
 Psudo Radius:  2.317828891036157E-004
 Error:  -5.324963328602328E-004  3.053726845772618E-011
 Maximum difference:   112.424396706282     
 Psudo Radius:  2.303176916593411E-004
 Error:  -8.033070254783725E-004 -3.057147896472215E-011
 Maximum difference:   75.7777820746032     
 Psudo Radius:  2.248383060065423E-004
 Error:   1.055542530399300E-004 -3.050677913048778E-011
 Maximum difference:   136.277574316854     
 Psudo Radius:  2.232383505313670E-004
 Error:   7.067998358395444E-004  3.051551523463873E-011
 Maximum difference:   18.3884231859756     
 Psudo Radius:  2.270941009481682E-004
 Error:   2.980744436691385E-004  3.069860680218289E-011
 Maximum difference:   111.787476269668     
 Psudo Radius:  2.303524746346600E-004
 Error:  -3.917439714999083E-004  3.043314666978567E-011
 Maximum difference:   66.0557830085581     
 Psudo Radius:  2.292042684027428E-004
 Error:  -4.808485535351403E-004 -3.044573008728471E-011
 Maximum difference:   47.3874459689687     
 Psudo Radius:  2.259709507106630E-004
 Error:   2.956096576225975E-005 -3.057920372700371E-011
 Maximum difference:   83.3758580530184     
 Psudo Radius:  2.246623287220705E-004
 Error:   4.440404687569566E-004  3.060505844500680E-011
 Maximum difference:   14.4391237581340     
 Psudo Radius:  2.269592521964522E-004
 Error:   2.111109245332143E-004  3.040773242906281E-011
 Maximum difference:   68.2985954736582     
 Psudo Radius:  2.289981407784684E-004
 Error:  -2.619847346700677E-004  3.058671571074488E-011
 Maximum difference:   38.3036020941845     
 Psudo Radius:  2.278062473116790E-004
 Error:  -2.653979824079333E-004 -3.058689578649494E-011
 Maximum difference:   41.8927403948487     
 Psudo Radius:  2.256109677184865E-004
 Error:   1.065474805904687E-004 -3.049229502830346E-011
 Maximum difference:   54.2120992727405     
 Psudo Radius:  2.252088362374652E-004
 Error:   3.298820446176465E-004  3.061413103050050E-011
 Maximum difference:   14.2860619923931     
 Psudo Radius:  2.272217658532102E-004
 Error:   9.267596618714458E-005  3.047266383819175E-011
 Maximum difference:   56.5649955021822     
 Psudo Radius:  2.285909831349508E-004
 Error:  -2.503466152867506E-004  3.048563433891408E-011
 Maximum difference:   22.9557658415015     
 Psudo Radius:  2.274522509506972E-004
 Error:  -1.841812525714970E-004 -3.053709651677978E-011
 Maximum difference:   35.5598031763834     
 Psudo Radius:  2.259878369038036E-004
 Error:   8.937030183223116E-005 -3.039417257991929E-011
 Maximum difference:   35.0794175709311     
 Psudo Radius:  2.258864762026526E-004
 Error:   2.228701253166321E-004  3.056399727253375E-011
 Maximum difference:   13.3993311764966     
 Psudo Radius:  2.273778961275530E-004
 Error:   2.703474717313803E-005  3.052583952103851E-011
 Maximum difference:   38.3613744501854     
 Psudo Radius:  2.280856463685477E-004
 Error:  -1.466985933571141E-004  3.048358889482741E-011
 Maximum difference:   13.2619859436759     
 Psudo Radius:  2.276883718426167E-004
 Error:  -1.277574840085061E-004 -3.067221745592071E-011
 Maximum difference:   13.0724547260179     
 Psudo Radius:  2.269327990973183E-004
 Error:  -1.966340049938675E-005 -3.059282310702357E-011
 Maximum difference:   20.6553844003442     
 Psudo Radius:  2.263589134893285E-004
 Error:   8.957014476482228E-005 -3.058989785883769E-011
 Maximum difference:   12.2265200125944     
 Psudo Radius:  2.264672237057384E-004
 Error:   9.482830008678000E-005  3.055689821135534E-011
 Maximum difference:   4.64683492204585     
 Psudo Radius:  2.268847951624181E-004
 Error:   3.999390528552915E-005  3.039698520846889E-011
 Maximum difference:   12.7554613546336     
 Psudo Radius:  2.273374313005114E-004
 Error:  -5.291261091250332E-005  3.061720703439477E-011
 Maximum difference:   9.28111679926769     
 Psudo Radius:  2.271698267249059E-004
 Error:  -6.335625786185739E-005 -3.056777461809815E-011
 Maximum difference:   6.78085997795597     
 Psudo Radius:  2.267152585353767E-004
 Error:   5.001495087308960E-006 -3.042156483129161E-011
 Maximum difference:   11.7827196126268     
 Psudo Radius:  2.265259320519798E-004
 Error:   6.189445216625566E-005  3.065631897699767E-011
 Maximum difference:   2.50588398945138     
 Psudo Radius:  2.268166809944536E-004
 Error:   3.819393241125124E-005  3.063688992992574E-011
 Maximum difference:   8.79306699163544     
 Psudo Radius:  2.271769177524166E-004
 Error:  -1.944373864945503E-005  3.047893760435383E-011
 Maximum difference:   9.39480084006391     
 Psudo Radius:  2.272942930613322E-004
 Error:  -6.599857344771753E-005 -3.066922653451550E-011
 Maximum difference:   2.27150474510972     
 Psudo Radius:  2.269101840985913E-004
 Error:  -2.214436496880690E-005 -3.038184595051519E-011
 Maximum difference:   10.5884620870279     
 Psudo Radius:  2.266283147839675E-004
 Error:   3.834666458402136E-005 -3.061202661605593E-011
 Maximum difference:   5.85839010762766     
 Psudo Radius:  2.267106313436612E-004
 Error:   4.285462688505270E-005  3.058569798935238E-011
 Maximum difference:   3.30980511271400     
 Psudo Radius:  2.269609727772906E-004
 Error:   9.568585764424542E-006  3.049751259272557E-011
 Maximum difference:   6.85716618440028     
 Psudo Radius:  2.271624933571159E-004
 Error:  -2.538688658901278E-005  3.063492516608452E-011
 Maximum difference:   5.03087852833869     
 Psudo Radius:  2.271747027416704E-004
 Error:  -4.640881705211819E-005 -3.061715893546499E-011
 Maximum difference:   2.61719718743871     
 Psudo Radius:  2.268687046277524E-004
 Error:  -9.444724491131096E-006 -3.038873337548077E-011
 Maximum difference:   8.68523040522359     
 Psudo Radius:  2.266613645408167E-004
 Error:   4.586706531364837E-005 -3.056267217520905E-011
 Maximum difference:   3.05035691162493     
 Psudo Radius:  2.269043755505234E-004
 Error:   2.687369799803108E-005  3.066088229219032E-011
 Maximum difference:   7.38370292910668     
 Psudo Radius:  2.271583653608113E-004
 Error:  -2.601097653479045E-005  3.051258439831103E-011
 Maximum difference:   5.14824407834703     
 Psudo Radius:  2.270841605085693E-004
 Error:  -2.896973961291627E-005 -3.039770834340546E-011
 Maximum difference:   2.70157868471324     
 Psudo Radius:  2.269215415547166E-004
 Error:  -3.235146392999155E-006 -3.056630952153665E-011
 Maximum difference:   4.29476772560201     
 Psudo Radius:  2.268321839580107E-004
 Error:   1.910936747048786E-005 -3.038449241387785E-011
 Maximum difference:   1.53798690324629     
 Psudo Radius:  2.269031872864465E-004
 Error:   1.411169335185924E-005  3.052427783679665E-011
 Maximum difference:   2.20982165430405     
 Psudo Radius:  2.269997223919334E-004
 Error:  -2.420123907248550E-006  3.046011355215918E-011
 Maximum difference:   2.48219267853165     
 Psudo Radius:  2.270324188217807E-004
 Error:  -1.467962512827214E-005 -3.063156382708543E-011
 Maximum difference:  0.409704141250131     
 Psudo Radius:  2.269483568414450E-004
 Error:  -5.899470420900332E-006 -3.037795840382382E-011
 Maximum difference:   2.46435641155813     
 Psudo Radius:  2.268776037062140E-004
 Error:   1.097684790354880E-005 -3.042676856113623E-011
 Maximum difference:   1.23770248529036     
 Psudo Radius:  2.269282561295398E-004
 Error:   8.192961919312181E-006  3.066790037516797E-011
 Maximum difference:   1.52838911820982     
 Psudo Radius:  2.269908256096828E-004
 Error:  -2.102558719685454E-006  3.062628751776824E-011
 Maximum difference:   1.54129138256303     
 Psudo Radius:  2.270158473483964E-004
 Error:  -7.317522762145812E-006 -3.046450752354695E-011
 Maximum difference:  0.501571576531205     
 Psudo Radius:  2.270047094500443E-004
 Error:  -6.363959961230847E-006 -3.061750386690672E-011
 Maximum difference:  0.386357521762420     
 Psudo Radius:  2.269755909098695E-004
 Error:  -2.733011077754588E-006 -3.046577092141545E-011
 Maximum difference:  0.853278166389828     
 Psudo Radius:  2.269407877323133E-004
 Error:   2.302969459827553E-006 -3.058531505610767E-011
 Maximum difference:  0.915269365961194     
 Psudo Radius:  2.269260793606696E-004
 Error:   6.416614180104752E-006  3.047447008516535E-011
 Maximum difference:  0.145207600903177     
 Psudo Radius:  2.269545411300488E-004
 Error:   3.169560164523189E-006  3.041763797667526E-011
 Maximum difference:  0.793939583786596     
 Psudo Radius:  2.269798617390605E-004
 Error:  -1.559513769316956E-006  3.041660335789984E-011
 Maximum difference:  0.611547027056531     
 Psudo Radius:  2.269853203404945E-004
 Error:  -3.685164342043246E-006 -3.058659690498960E-011
 Maximum difference:  6.260631182067300E-002
 Psudo Radius:  2.269691417756920E-004
 Error:  -2.071978761314375E-006 -3.057866516784782E-011
 Maximum difference:  0.481318030688726     
 Psudo Radius:  2.269494366643911E-004
 Error:   1.006876556658431E-006 -3.041478131411142E-011
 Maximum difference:  0.504233985462633     
 Psudo Radius:  2.269417733344234E-004
 Error:   3.113307097707407E-006  3.048572484814136E-011
 Maximum difference:  8.988334873356507E-002
 Psudo Radius:  2.269541558298197E-004
 Error:   1.658105339863436E-006  3.048374112541035E-011
 Maximum difference:  0.348296356638002     
 Psudo Radius:  2.269656148184671E-004
 Error:  -5.351335033987326E-007  3.055850197042605E-011
 Maximum difference:  0.293222903789683     
 Psudo Radius:  2.269682012272012E-004
 Error:  -2.052004700880961E-006 -3.056168178698945E-011
 Maximum difference:  9.863980706541042E-002
 Psudo Radius:  2.269538577675646E-004
 Error:  -5.390284008310875E-007 -3.043186029967771E-011
 Maximum difference:  0.401087060035024     
 Psudo Radius:  2.269427211707670E-004
 Error:   1.700753812144962E-006 -3.054326446118277E-011
 Maximum difference:  0.225521466496957     
 Psudo Radius:  2.269460654964131E-004
 Error:   1.637788968777976E-006  3.067775626432621E-011
 Maximum difference:  0.119363239645281     
 Psudo Radius:  2.269534921225652E-004
 Error:   4.288437031318981E-007  3.048368585712051E-011
 Maximum difference:  0.195732654048697     
 Psudo Radius:  2.269586532760594E-004
 Error:  -5.525733235978159E-007  3.065770082848359E-011
 Maximum difference:  0.118386165780066     
 Psudo Radius:  2.269592308836893E-004
 Error:  -7.810936664964796E-007 -3.059075264305397E-011
 Maximum difference:  1.287719912306784E-002
 Psudo Radius:  2.269567967474722E-004
 Error:  -4.237105632187710E-007 -3.069268222913177E-011
 Maximum difference:  6.925422841050022E-002
 Psudo Radius:  2.269541905148521E-004
 Error:   3.669436035580453E-008 -3.067398895914604E-011
 Maximum difference:  6.473667863292576E-002
 Psudo Radius:  2.269530236105322E-004
 Error:   2.783649337700922E-007  3.044151344455625E-011
 Maximum difference:  2.402898808122700E-002
 Psudo Radius:  2.269533713458001E-004
 Error:   2.536459171309513E-007  3.049531733206737E-011
 Maximum difference:  1.365965416289328E-002
 Psudo Radius:  2.269544047313149E-004
 Error:   8.867978723570147E-008  3.049385380506714E-011
 Maximum difference:  2.790954626334496E-002
 Psudo Radius:  2.269552339492343E-004
 Error:  -6.500279270404974E-008  3.065656351247809E-011
 Maximum difference:  1.931443625335305E-002
 Psudo Radius:  2.269554045918426E-004
 Error:  -1.091035558009601E-007 -3.045499230525141E-011
 Maximum difference:  2.566843939803221E-003
 Psudo Radius:  2.269551569262400E-004
